{"numFailedTestSuites":0,"numFailedTests":0,"numPassedTestSuites":10,"numPassedTests":73,"numPendingTestSuites":0,"numPendingTests":0,"numRuntimeErrorTestSuites":0,"numTodoTests":0,"numTotalTestSuites":10,"numTotalTests":73,"openHandles":[],"snapshot":{"added":0,"didUpdate":false,"failure":false,"filesAdded":0,"filesRemoved":0,"filesRemovedList":[],"filesUnmatched":0,"filesUpdated":0,"matched":0,"total":0,"unchecked":0,"uncheckedKeysByFile":[],"unmatched":0,"updated":0},"startTime":1759563619795,"success":true,"testResults":[{"assertionResults":[{"ancestorTitles":["Components/ThemeProvider","Default"],"duration":504,"failureDetails":[],"failureMessages":[],"fullName":"Components/ThemeProvider Default smoke-test","invocations":1,"location":null,"numPassingAsserts":0,"retryReasons":[],"status":"passed","title":"smoke-test"},{"ancestorTitles":["Components/ThemeProvider","Dark"],"duration":294,"failureDetails":[],"failureMessages":[],"fullName":"Components/ThemeProvider Dark smoke-test","invocations":1,"location":null,"numPassingAsserts":0,"retryReasons":[],"status":"passed","title":"smoke-test"},{"ancestorTitles":["Components/ThemeProvider","Light"],"duration":780,"failureDetails":[],"failureMessages":[],"fullName":"Components/ThemeProvider Light smoke-test","invocations":1,"location":null,"numPassingAsserts":0,"retryReasons":[],"status":"passed","title":"smoke-test"},{"ancestorTitles":["Components/ThemeProvider","Glass"],"duration":250,"failureDetails":[],"failureMessages":[],"fullName":"Components/ThemeProvider Glass smoke-test","invocations":1,"location":null,"numPassingAsserts":0,"retryReasons":[],"status":"passed","title":"smoke-test"},{"ancestorTitles":["Components/ThemeProvider","Cartoon"],"duration":496,"failureDetails":[],"failureMessages":[],"fullName":"Components/ThemeProvider Cartoon smoke-test","invocations":1,"location":null,"numPassingAsserts":0,"retryReasons":[],"status":"passed","title":"smoke-test"},{"ancestorTitles":["Components/ThemeProvider","WithMultipleComponents"],"duration":390,"failureDetails":[],"failureMessages":[],"fullName":"Components/ThemeProvider WithMultipleComponents smoke-test","invocations":1,"location":null,"numPassingAsserts":0,"retryReasons":[],"status":"passed","title":"smoke-test"}],"endTime":1759563626579,"message":"","name":"/home/guruprasad/Desktop/workspace/lit-components/stories/ThemeProvider.stories.ts","startTime":1759563620914,"status":"passed","summary":""},{"assertionResults":[{"ancestorTitles":["Components/Card","Elevated"],"duration":1778,"failureDetails":[],"failureMessages":[],"fullName":"Components/Card Elevated smoke-test","invocations":1,"location":null,"numPassingAsserts":0,"retryReasons":[],"status":"passed","title":"smoke-test"},{"ancestorTitles":["Components/Card","Outlined"],"duration":586,"failureDetails":[],"failureMessages":[],"fullName":"Components/Card Outlined smoke-test","invocations":1,"location":null,"numPassingAsserts":0,"retryReasons":[],"status":"passed","title":"smoke-test"},{"ancestorTitles":["Components/Card","Subtle"],"duration":497,"failureDetails":[],"failureMessages":[],"fullName":"Components/Card Subtle smoke-test","invocations":1,"location":null,"numPassingAsserts":0,"retryReasons":[],"status":"passed","title":"smoke-test"},{"ancestorTitles":["Components/Card","Interactive"],"duration":385,"failureDetails":[],"failureMessages":[],"fullName":"Components/Card Interactive smoke-test","invocations":1,"location":null,"numPassingAsserts":0,"retryReasons":[],"status":"passed","title":"smoke-test"},{"ancestorTitles":["Components/Card","WithHeaderSlot"],"duration":399,"failureDetails":[],"failureMessages":[],"fullName":"Components/Card WithHeaderSlot smoke-test","invocations":1,"location":null,"numPassingAsserts":0,"retryReasons":[],"status":"passed","title":"smoke-test"},{"ancestorTitles":["Components/Card","WithFooterSlot"],"duration":329,"failureDetails":[],"failureMessages":[],"fullName":"Components/Card WithFooterSlot smoke-test","invocations":1,"location":null,"numPassingAsserts":0,"retryReasons":[],"status":"passed","title":"smoke-test"},{"ancestorTitles":["Components/Card","FullyCustomized"],"duration":486,"failureDetails":[],"failureMessages":[],"fullName":"Components/Card FullyCustomized smoke-test","invocations":1,"location":null,"numPassingAsserts":0,"retryReasons":[],"status":"passed","title":"smoke-test"}],"endTime":1759563628572,"message":"","name":"/home/guruprasad/Desktop/workspace/lit-components/stories/Card.stories.ts","startTime":1759563620954,"status":"passed","summary":""},{"assertionResults":[{"ancestorTitles":["Native Framework Rendering/Dropdown/React 19 JSX","Default"],"duration":2188,"failureDetails":[],"failureMessages":[],"fullName":"Native Framework Rendering/Dropdown/React 19 JSX Default play-test","invocations":1,"location":null,"numPassingAsserts":0,"retryReasons":[],"status":"passed","title":"play-test"},{"ancestorTitles":["Native Framework Rendering/Dropdown/React 19 JSX","WithValue"],"duration":785,"failureDetails":[],"failureMessages":[],"fullName":"Native Framework Rendering/Dropdown/React 19 JSX WithValue play-test","invocations":1,"location":null,"numPassingAsserts":0,"retryReasons":[],"status":"passed","title":"play-test"},{"ancestorTitles":["Native Framework Rendering/Dropdown/React 19 JSX","WithPrefixIcon"],"duration":676,"failureDetails":[],"failureMessages":[],"fullName":"Native Framework Rendering/Dropdown/React 19 JSX WithPrefixIcon play-test","invocations":1,"location":null,"numPassingAsserts":0,"retryReasons":[],"status":"passed","title":"play-test"},{"ancestorTitles":["Native Framework Rendering/Dropdown/React 19 JSX","Disabled"],"duration":660,"failureDetails":[],"failureMessages":[],"fullName":"Native Framework Rendering/Dropdown/React 19 JSX Disabled play-test","invocations":1,"location":null,"numPassingAsserts":0,"retryReasons":[],"status":"passed","title":"play-test"},{"ancestorTitles":["Native Framework Rendering/Dropdown/React 19 JSX","React19AppDemo"],"duration":607,"failureDetails":[],"failureMessages":[],"fullName":"Native Framework Rendering/Dropdown/React 19 JSX React19AppDemo play-test","invocations":1,"location":null,"numPassingAsserts":0,"retryReasons":[],"status":"passed","title":"play-test"}],"endTime":1759563629028,"message":"","name":"/home/guruprasad/Desktop/workspace/lit-components/stories/NativeFrameworkRendering/Dropdown.React19.stories.tsx","startTime":1759563621005,"status":"passed","summary":""},{"assertionResults":[{"ancestorTitles":["Components/Dropdown","Default"],"duration":1759,"failureDetails":[],"failureMessages":[],"fullName":"Components/Dropdown Default smoke-test","invocations":1,"location":null,"numPassingAsserts":0,"retryReasons":[],"status":"passed","title":"smoke-test"},{"ancestorTitles":["Components/Dropdown","WithValue"],"duration":575,"failureDetails":[],"failureMessages":[],"fullName":"Components/Dropdown WithValue smoke-test","invocations":1,"location":null,"numPassingAsserts":0,"retryReasons":[],"status":"passed","title":"smoke-test"},{"ancestorTitles":["Components/Dropdown","WithHelperText"],"duration":601,"failureDetails":[],"failureMessages":[],"fullName":"Components/Dropdown WithHelperText smoke-test","invocations":1,"location":null,"numPassingAsserts":0,"retryReasons":[],"status":"passed","title":"smoke-test"},{"ancestorTitles":["Components/Dropdown","WithError"],"duration":381,"failureDetails":[],"failureMessages":[],"fullName":"Components/Dropdown WithError smoke-test","invocations":1,"location":null,"numPassingAsserts":0,"retryReasons":[],"status":"passed","title":"smoke-test"},{"ancestorTitles":["Components/Dropdown","Disabled"],"duration":400,"failureDetails":[],"failureMessages":[],"fullName":"Components/Dropdown Disabled smoke-test","invocations":1,"location":null,"numPassingAsserts":0,"retryReasons":[],"status":"passed","title":"smoke-test"},{"ancestorTitles":["Components/Dropdown","WithPrefixIcon"],"duration":584,"failureDetails":[],"failureMessages":[],"fullName":"Components/Dropdown WithPrefixIcon smoke-test","invocations":1,"location":null,"numPassingAsserts":0,"retryReasons":[],"status":"passed","title":"smoke-test"},{"ancestorTitles":["Components/Dropdown","WithSuffixBadge"],"duration":525,"failureDetails":[],"failureMessages":[],"fullName":"Components/Dropdown WithSuffixBadge smoke-test","invocations":1,"location":null,"numPassingAsserts":0,"retryReasons":[],"status":"passed","title":"smoke-test"},{"ancestorTitles":["Components/Dropdown","LongOptionsList"],"duration":389,"failureDetails":[],"failureMessages":[],"fullName":"Components/Dropdown LongOptionsList smoke-test","invocations":1,"location":null,"numPassingAsserts":0,"retryReasons":[],"status":"passed","title":"smoke-test"}],"endTime":1759563629255,"message":"","name":"/home/guruprasad/Desktop/workspace/lit-components/stories/Dropdown.stories.ts","startTime":1759563620984,"status":"passed","summary":""},{"assertionResults":[{"ancestorTitles":["Components/Button","Default"],"duration":1620,"failureDetails":[],"failureMessages":[],"fullName":"Components/Button Default smoke-test","invocations":1,"location":null,"numPassingAsserts":0,"retryReasons":[],"status":"passed","title":"smoke-test"},{"ancestorTitles":["Components/Button","Primary"],"duration":652,"failureDetails":[],"failureMessages":[],"fullName":"Components/Button Primary play-test","invocations":1,"location":null,"numPassingAsserts":0,"retryReasons":[],"status":"passed","title":"play-test"},{"ancestorTitles":["Components/Button","Secondary"],"duration":511,"failureDetails":[],"failureMessages":[],"fullName":"Components/Button Secondary smoke-test","invocations":1,"location":null,"numPassingAsserts":0,"retryReasons":[],"status":"passed","title":"smoke-test"},{"ancestorTitles":["Components/Button","Ghost"],"duration":324,"failureDetails":[],"failureMessages":[],"fullName":"Components/Button Ghost smoke-test","invocations":1,"location":null,"numPassingAsserts":0,"retryReasons":[],"status":"passed","title":"smoke-test"},{"ancestorTitles":["Components/Button","Small"],"duration":264,"failureDetails":[],"failureMessages":[],"fullName":"Components/Button Small smoke-test","invocations":1,"location":null,"numPassingAsserts":0,"retryReasons":[],"status":"passed","title":"smoke-test"},{"ancestorTitles":["Components/Button","Large"],"duration":353,"failureDetails":[],"failureMessages":[],"fullName":"Components/Button Large smoke-test","invocations":1,"location":null,"numPassingAsserts":0,"retryReasons":[],"status":"passed","title":"smoke-test"},{"ancestorTitles":["Components/Button","Disabled"],"duration":440,"failureDetails":[],"failureMessages":[],"fullName":"Components/Button Disabled smoke-test","invocations":1,"location":null,"numPassingAsserts":0,"retryReasons":[],"status":"passed","title":"smoke-test"},{"ancestorTitles":["Components/Button","Loading"],"duration":442,"failureDetails":[],"failureMessages":[],"fullName":"Components/Button Loading smoke-test","invocations":1,"location":null,"numPassingAsserts":0,"retryReasons":[],"status":"passed","title":"smoke-test"},{"ancestorTitles":["Components/Button","WithPrefixIcon"],"duration":291,"failureDetails":[],"failureMessages":[],"fullName":"Components/Button WithPrefixIcon smoke-test","invocations":1,"location":null,"numPassingAsserts":0,"retryReasons":[],"status":"passed","title":"smoke-test"},{"ancestorTitles":["Components/Button","WithSuffixIcon"],"duration":354,"failureDetails":[],"failureMessages":[],"fullName":"Components/Button WithSuffixIcon smoke-test","invocations":1,"location":null,"numPassingAsserts":0,"retryReasons":[],"status":"passed","title":"smoke-test"}],"endTime":1759563629434,"message":"","name":"/home/guruprasad/Desktop/workspace/lit-components/stories/Button.stories.ts","startTime":1759563620984,"status":"passed","summary":""},{"assertionResults":[{"ancestorTitles":["Components/Input","Default"],"duration":1768,"failureDetails":[],"failureMessages":[],"fullName":"Components/Input Default smoke-test","invocations":1,"location":null,"numPassingAsserts":0,"retryReasons":[],"status":"passed","title":"smoke-test"},{"ancestorTitles":["Components/Input","WithValue"],"duration":568,"failureDetails":[],"failureMessages":[],"fullName":"Components/Input WithValue smoke-test","invocations":1,"location":null,"numPassingAsserts":0,"retryReasons":[],"status":"passed","title":"smoke-test"},{"ancestorTitles":["Components/Input","WithHelperText"],"duration":599,"failureDetails":[],"failureMessages":[],"fullName":"Components/Input WithHelperText smoke-test","invocations":1,"location":null,"numPassingAsserts":0,"retryReasons":[],"status":"passed","title":"smoke-test"},{"ancestorTitles":["Components/Input","WithError"],"duration":316,"failureDetails":[],"failureMessages":[],"fullName":"Components/Input WithError smoke-test","invocations":1,"location":null,"numPassingAsserts":0,"retryReasons":[],"status":"passed","title":"smoke-test"},{"ancestorTitles":["Components/Input","Disabled"],"duration":269,"failureDetails":[],"failureMessages":[],"fullName":"Components/Input Disabled smoke-test","invocations":1,"location":null,"numPassingAsserts":0,"retryReasons":[],"status":"passed","title":"smoke-test"},{"ancestorTitles":["Components/Input","Required"],"duration":285,"failureDetails":[],"failureMessages":[],"fullName":"Components/Input Required smoke-test","invocations":1,"location":null,"numPassingAsserts":0,"retryReasons":[],"status":"passed","title":"smoke-test"},{"ancestorTitles":["Components/Input","WithPrefixIcon"],"duration":496,"failureDetails":[],"failureMessages":[],"fullName":"Components/Input WithPrefixIcon smoke-test","invocations":1,"location":null,"numPassingAsserts":0,"retryReasons":[],"status":"passed","title":"smoke-test"},{"ancestorTitles":["Components/Input","WithSuffixButton"],"duration":451,"failureDetails":[],"failureMessages":[],"fullName":"Components/Input WithSuffixButton smoke-test","invocations":1,"location":null,"numPassingAsserts":0,"retryReasons":[],"status":"passed","title":"smoke-test"},{"ancestorTitles":["Components/Input","NumberInput"],"duration":364,"failureDetails":[],"failureMessages":[],"fullName":"Components/Input NumberInput smoke-test","invocations":1,"location":null,"numPassingAsserts":0,"retryReasons":[],"status":"passed","title":"smoke-test"},{"ancestorTitles":["Components/Input","TelephoneInput"],"duration":376,"failureDetails":[],"failureMessages":[],"fullName":"Components/Input TelephoneInput smoke-test","invocations":1,"location":null,"numPassingAsserts":0,"retryReasons":[],"status":"passed","title":"smoke-test"}],"endTime":1759563629532,"message":"","name":"/home/guruprasad/Desktop/workspace/lit-components/stories/Input.stories.ts","startTime":1759563620888,"status":"passed","summary":""},{"assertionResults":[{"ancestorTitles":["Native Framework Rendering/Dropdown/Vue 3","Default"],"duration":2145,"failureDetails":[],"failureMessages":[],"fullName":"Native Framework Rendering/Dropdown/Vue 3 Default play-test","invocations":1,"location":null,"numPassingAsserts":0,"retryReasons":[],"status":"passed","title":"play-test"},{"ancestorTitles":["Native Framework Rendering/Dropdown/Vue 3","WithValue"],"duration":766,"failureDetails":[],"failureMessages":[],"fullName":"Native Framework Rendering/Dropdown/Vue 3 WithValue play-test","invocations":1,"location":null,"numPassingAsserts":0,"retryReasons":[],"status":"passed","title":"play-test"},{"ancestorTitles":["Native Framework Rendering/Dropdown/Vue 3","WithPrefixIcon"],"duration":684,"failureDetails":[],"failureMessages":[],"fullName":"Native Framework Rendering/Dropdown/Vue 3 WithPrefixIcon play-test","invocations":1,"location":null,"numPassingAsserts":0,"retryReasons":[],"status":"passed","title":"play-test"},{"ancestorTitles":["Native Framework Rendering/Dropdown/Vue 3","Disabled"],"duration":669,"failureDetails":[],"failureMessages":[],"fullName":"Native Framework Rendering/Dropdown/Vue 3 Disabled play-test","invocations":1,"location":null,"numPassingAsserts":0,"retryReasons":[],"status":"passed","title":"play-test"},{"ancestorTitles":["Native Framework Rendering/Dropdown/Vue 3","WithError"],"duration":606,"failureDetails":[],"failureMessages":[],"fullName":"Native Framework Rendering/Dropdown/Vue 3 WithError play-test","invocations":1,"location":null,"numPassingAsserts":0,"retryReasons":[],"status":"passed","title":"play-test"},{"ancestorTitles":["Native Framework Rendering/Dropdown/Vue 3","VueCompositionAPIDemo"],"duration":599,"failureDetails":[],"failureMessages":[],"fullName":"Native Framework Rendering/Dropdown/Vue 3 VueCompositionAPIDemo play-test","invocations":1,"location":null,"numPassingAsserts":0,"retryReasons":[],"status":"passed","title":"play-test"},{"ancestorTitles":["Native Framework Rendering/Dropdown/Vue 3","VueVModelPattern"],"duration":384,"failureDetails":[],"failureMessages":[],"fullName":"Native Framework Rendering/Dropdown/Vue 3 VueVModelPattern play-test","invocations":1,"location":null,"numPassingAsserts":0,"retryReasons":[],"status":"passed","title":"play-test"}],"endTime":1759563630007,"message":"","name":"/home/guruprasad/Desktop/workspace/lit-components/stories/NativeFrameworkRendering/Dropdown.Vue3.stories.ts","startTime":1759563621012,"status":"passed","summary":""},{"assertionResults":[{"ancestorTitles":["Native Framework Rendering/Dropdown/React","Default"],"duration":2089,"failureDetails":[],"failureMessages":[],"fullName":"Native Framework Rendering/Dropdown/React Default play-test","invocations":1,"location":null,"numPassingAsserts":0,"retryReasons":[],"status":"passed","title":"play-test"},{"ancestorTitles":["Native Framework Rendering/Dropdown/React","WithValue"],"duration":770,"failureDetails":[],"failureMessages":[],"fullName":"Native Framework Rendering/Dropdown/React WithValue play-test","invocations":1,"location":null,"numPassingAsserts":0,"retryReasons":[],"status":"passed","title":"play-test"},{"ancestorTitles":["Native Framework Rendering/Dropdown/React","WithPrefixIcon"],"duration":684,"failureDetails":[],"failureMessages":[],"fullName":"Native Framework Rendering/Dropdown/React WithPrefixIcon play-test","invocations":1,"location":null,"numPassingAsserts":0,"retryReasons":[],"status":"passed","title":"play-test"},{"ancestorTitles":["Native Framework Rendering/Dropdown/React","Disabled"],"duration":658,"failureDetails":[],"failureMessages":[],"fullName":"Native Framework Rendering/Dropdown/React Disabled play-test","invocations":1,"location":null,"numPassingAsserts":0,"retryReasons":[],"status":"passed","title":"play-test"},{"ancestorTitles":["Native Framework Rendering/Dropdown/React","WithError"],"duration":617,"failureDetails":[],"failureMessages":[],"fullName":"Native Framework Rendering/Dropdown/React WithError play-test","invocations":1,"location":null,"numPassingAsserts":0,"retryReasons":[],"status":"passed","title":"play-test"},{"ancestorTitles":["Native Framework Rendering/Dropdown/React","InteractiveSelection"],"duration":608,"failureDetails":[],"failureMessages":[],"fullName":"Native Framework Rendering/Dropdown/React InteractiveSelection play-test","invocations":1,"location":null,"numPassingAsserts":0,"retryReasons":[],"status":"passed","title":"play-test"},{"ancestorTitles":["Native Framework Rendering/Dropdown/React","ReactHooksIntegration"],"duration":369,"failureDetails":[],"failureMessages":[],"fullName":"Native Framework Rendering/Dropdown/React ReactHooksIntegration play-test","invocations":1,"location":null,"numPassingAsserts":0,"retryReasons":[],"status":"passed","title":"play-test"}],"endTime":1759563630013,"message":"","name":"/home/guruprasad/Desktop/workspace/lit-components/stories/NativeFrameworkRendering/Dropdown.React.stories.tsx","startTime":1759563620975,"status":"passed","summary":""},{"assertionResults":[{"ancestorTitles":["Native Framework Rendering/Dropdown/HTML","Default"],"duration":2112,"failureDetails":[],"failureMessages":[],"fullName":"Native Framework Rendering/Dropdown/HTML Default play-test","invocations":1,"location":null,"numPassingAsserts":0,"retryReasons":[],"status":"passed","title":"play-test"},{"ancestorTitles":["Native Framework Rendering/Dropdown/HTML","WithValue"],"duration":667,"failureDetails":[],"failureMessages":[],"fullName":"Native Framework Rendering/Dropdown/HTML WithValue play-test","invocations":1,"location":null,"numPassingAsserts":0,"retryReasons":[],"status":"passed","title":"play-test"},{"ancestorTitles":["Native Framework Rendering/Dropdown/HTML","WithPrefixIcon"],"duration":473,"failureDetails":[],"failureMessages":[],"fullName":"Native Framework Rendering/Dropdown/HTML WithPrefixIcon play-test","invocations":1,"location":null,"numPassingAsserts":0,"retryReasons":[],"status":"passed","title":"play-test"},{"ancestorTitles":["Native Framework Rendering/Dropdown/HTML","Disabled"],"duration":629,"failureDetails":[],"failureMessages":[],"fullName":"Native Framework Rendering/Dropdown/HTML Disabled play-test","invocations":1,"location":null,"numPassingAsserts":0,"retryReasons":[],"status":"passed","title":"play-test"},{"ancestorTitles":["Native Framework Rendering/Dropdown/HTML","WithError"],"duration":581,"failureDetails":[],"failureMessages":[],"fullName":"Native Framework Rendering/Dropdown/HTML WithError play-test","invocations":1,"location":null,"numPassingAsserts":0,"retryReasons":[],"status":"passed","title":"play-test"},{"ancestorTitles":["Native Framework Rendering/Dropdown/HTML","VanillaJavaScriptDemo"],"duration":682,"failureDetails":[],"failureMessages":[],"fullName":"Native Framework Rendering/Dropdown/HTML VanillaJavaScriptDemo play-test","invocations":1,"location":null,"numPassingAsserts":0,"retryReasons":[],"status":"passed","title":"play-test"},{"ancestorTitles":["Native Framework Rendering/Dropdown/HTML","InteractiveValidation"],"duration":682,"failureDetails":[],"failureMessages":[],"fullName":"Native Framework Rendering/Dropdown/HTML InteractiveValidation play-test","invocations":1,"location":null,"numPassingAsserts":0,"retryReasons":[],"status":"passed","title":"play-test"}],"endTime":1759563630012,"message":"","name":"/home/guruprasad/Desktop/workspace/lit-components/stories/NativeFrameworkRendering/Dropdown.Html.stories.ts","startTime":1759563621047,"status":"passed","summary":""},{"assertionResults":[{"ancestorTitles":["Native Framework Rendering/Dropdown/Angular","Default"],"duration":2528,"failureDetails":[],"failureMessages":[],"fullName":"Native Framework Rendering/Dropdown/Angular Default play-test","invocations":1,"location":null,"numPassingAsserts":0,"retryReasons":[],"status":"passed","title":"play-test"},{"ancestorTitles":["Native Framework Rendering/Dropdown/Angular","WithValue"],"duration":879,"failureDetails":[],"failureMessages":[],"fullName":"Native Framework Rendering/Dropdown/Angular WithValue play-test","invocations":1,"location":null,"numPassingAsserts":0,"retryReasons":[],"status":"passed","title":"play-test"},{"ancestorTitles":["Native Framework Rendering/Dropdown/Angular","WithIcon"],"duration":618,"failureDetails":[],"failureMessages":[],"fullName":"Native Framework Rendering/Dropdown/Angular WithIcon play-test","invocations":1,"location":null,"numPassingAsserts":0,"retryReasons":[],"status":"passed","title":"play-test"},{"ancestorTitles":["Native Framework Rendering/Dropdown/Angular","Disabled"],"duration":595,"failureDetails":[],"failureMessages":[],"fullName":"Native Framework Rendering/Dropdown/Angular Disabled play-test","invocations":1,"location":null,"numPassingAsserts":0,"retryReasons":[],"status":"passed","title":"play-test"},{"ancestorTitles":["Native Framework Rendering/Dropdown/Angular","ComponentDemo"],"duration":665,"failureDetails":[],"failureMessages":[],"fullName":"Native Framework Rendering/Dropdown/Angular ComponentDemo play-test","invocations":1,"location":null,"numPassingAsserts":0,"retryReasons":[],"status":"passed","title":"play-test"},{"ancestorTitles":["Native Framework Rendering/Dropdown/Angular","AngularAttributeBinding"],"duration":681,"failureDetails":[],"failureMessages":[],"fullName":"Native Framework Rendering/Dropdown/Angular AngularAttributeBinding play-test","invocations":1,"location":null,"numPassingAsserts":0,"retryReasons":[],"status":"passed","title":"play-test"}],"endTime":1759563630018,"message":"","name":"/home/guruprasad/Desktop/workspace/lit-components/stories/NativeFrameworkRendering/Dropdown.Angular.stories.ts","startTime":1759563620921,"status":"passed","summary":""}],"wasInterrupted":false}
