{"numFailedTestSuites":10,"numFailedTests":73,"numPassedTestSuites":0,"numPassedTests":0,"numPendingTestSuites":0,"numPendingTests":0,"numRuntimeErrorTestSuites":0,"numTodoTests":0,"numTotalTestSuites":10,"numTotalTests":73,"openHandles":[],"snapshot":{"added":0,"didUpdate":false,"failure":false,"filesAdded":0,"filesRemoved":0,"filesRemovedList":[],"filesUnmatched":0,"filesUpdated":0,"matched":0,"total":0,"unchecked":0,"uncheckedKeysByFile":[],"unmatched":0,"updated":0},"startTime":1759511945854,"success":false,"testResults":[{"assertionResults":[{"ancestorTitles":["Components/Card","Elevated"],"duration":260,"failureDetails":[{}],"failureMessages":["Error: Lighthouse audit failed for Components/Card. Check the report above for details.\n    at postVisit (/home/guruprasad/Desktop/workspace/lit-components/.storybook/test-runner.ts:50:15)"],"fullName":"Components/Card Elevated smoke-test","invocations":1,"location":null,"numPassingAsserts":0,"retryReasons":[],"status":"failed","title":"smoke-test"},{"ancestorTitles":["Components/Card","Outlined"],"duration":67,"failureDetails":[{}],"failureMessages":["Error: Lighthouse audit failed for Components/Card. Check the report above for details.\n    at postVisit (/home/guruprasad/Desktop/workspace/lit-components/.storybook/test-runner.ts:50:15)"],"fullName":"Components/Card Outlined smoke-test","invocations":1,"location":null,"numPassingAsserts":0,"retryReasons":[],"status":"failed","title":"smoke-test"},{"ancestorTitles":["Components/Card","Subtle"],"duration":76,"failureDetails":[{}],"failureMessages":["Error: Lighthouse audit failed for Components/Card. Check the report above for details.\n    at postVisit (/home/guruprasad/Desktop/workspace/lit-components/.storybook/test-runner.ts:50:15)"],"fullName":"Components/Card Subtle smoke-test","invocations":1,"location":null,"numPassingAsserts":0,"retryReasons":[],"status":"failed","title":"smoke-test"},{"ancestorTitles":["Components/Card","Interactive"],"duration":100,"failureDetails":[{}],"failureMessages":["Error: Lighthouse audit failed for Components/Card. Check the report above for details.\n    at postVisit (/home/guruprasad/Desktop/workspace/lit-components/.storybook/test-runner.ts:50:15)"],"fullName":"Components/Card Interactive smoke-test","invocations":1,"location":null,"numPassingAsserts":0,"retryReasons":[],"status":"failed","title":"smoke-test"},{"ancestorTitles":["Components/Card","WithHeaderSlot"],"duration":90,"failureDetails":[{}],"failureMessages":["Error: Lighthouse audit failed for Components/Card. Check the report above for details.\n    at postVisit (/home/guruprasad/Desktop/workspace/lit-components/.storybook/test-runner.ts:50:15)"],"fullName":"Components/Card WithHeaderSlot smoke-test","invocations":1,"location":null,"numPassingAsserts":0,"retryReasons":[],"status":"failed","title":"smoke-test"},{"ancestorTitles":["Components/Card","WithFooterSlot"],"duration":100,"failureDetails":[{}],"failureMessages":["Error: Lighthouse audit failed for Components/Card. Check the report above for details.\n    at postVisit (/home/guruprasad/Desktop/workspace/lit-components/.storybook/test-runner.ts:50:15)"],"fullName":"Components/Card WithFooterSlot smoke-test","invocations":1,"location":null,"numPassingAsserts":0,"retryReasons":[],"status":"failed","title":"smoke-test"},{"ancestorTitles":["Components/Card","FullyCustomized"],"duration":86,"failureDetails":[{}],"failureMessages":["Error: Lighthouse audit failed for Components/Card. Check the report above for details.\n    at postVisit (/home/guruprasad/Desktop/workspace/lit-components/.storybook/test-runner.ts:50:15)"],"fullName":"Components/Card FullyCustomized smoke-test","invocations":1,"location":null,"numPassingAsserts":0,"retryReasons":[],"status":"failed","title":"smoke-test"}],"endTime":1759511951157,"message":"\u001b[1m\u001b[31m  \u001b[1m● \u001b[22m\u001b[1mComponents/Card › Elevated › smoke-test\u001b[39m\u001b[22m\n\n    Lighthouse audit failed for Components/Card. Check the report above for details.\n\u001b[2m\u001b[22m\n\u001b[2m    \u001b[0m \u001b[90m 48 |\u001b[39m       \u001b[90m// Fail the test if thresholds are not met\u001b[39m\u001b[22m\n\u001b[2m     \u001b[90m 49 |\u001b[39m       \u001b[36mif\u001b[39m (\u001b[33m!\u001b[39mpassed) {\u001b[22m\n\u001b[2m    \u001b[31m\u001b[1m>\u001b[22m\u001b[2m\u001b[39m\u001b[90m 50 |\u001b[39m         \u001b[36mthrow\u001b[39m \u001b[36mnew\u001b[39m \u001b[33mError\u001b[39m(\u001b[22m\n\u001b[2m     \u001b[90m    |\u001b[39m               \u001b[31m\u001b[1m^\u001b[22m\u001b[2m\u001b[39m\u001b[22m\n\u001b[2m     \u001b[90m 51 |\u001b[39m           \u001b[32m`Lighthouse audit failed for ${storyName}. Check the report above for details.`\u001b[39m\u001b[22m\n\u001b[2m     \u001b[90m 52 |\u001b[39m         )\u001b[33m;\u001b[39m\u001b[22m\n\u001b[2m     \u001b[90m 53 |\u001b[39m       }\u001b[0m\u001b[22m\n\u001b[2m\u001b[22m\n\u001b[2m      \u001b[2mat postVisit (\u001b[22m\u001b[2m.storybook/test-runner.ts\u001b[2m:50:15)\u001b[22m\u001b[2m\u001b[22m\n\n\u001b[1m\u001b[31m  \u001b[1m● \u001b[22m\u001b[1mComponents/Card › Outlined › smoke-test\u001b[39m\u001b[22m\n\n    Lighthouse audit failed for Components/Card. Check the report above for details.\n\u001b[2m\u001b[22m\n\u001b[2m    \u001b[0m \u001b[90m 48 |\u001b[39m       \u001b[90m// Fail the test if thresholds are not met\u001b[39m\u001b[22m\n\u001b[2m     \u001b[90m 49 |\u001b[39m       \u001b[36mif\u001b[39m (\u001b[33m!\u001b[39mpassed) {\u001b[22m\n\u001b[2m    \u001b[31m\u001b[1m>\u001b[22m\u001b[2m\u001b[39m\u001b[90m 50 |\u001b[39m         \u001b[36mthrow\u001b[39m \u001b[36mnew\u001b[39m \u001b[33mError\u001b[39m(\u001b[22m\n\u001b[2m     \u001b[90m    |\u001b[39m               \u001b[31m\u001b[1m^\u001b[22m\u001b[2m\u001b[39m\u001b[22m\n\u001b[2m     \u001b[90m 51 |\u001b[39m           \u001b[32m`Lighthouse audit failed for ${storyName}. Check the report above for details.`\u001b[39m\u001b[22m\n\u001b[2m     \u001b[90m 52 |\u001b[39m         )\u001b[33m;\u001b[39m\u001b[22m\n\u001b[2m     \u001b[90m 53 |\u001b[39m       }\u001b[0m\u001b[22m\n\u001b[2m\u001b[22m\n\u001b[2m      \u001b[2mat postVisit (\u001b[22m\u001b[2m.storybook/test-runner.ts\u001b[2m:50:15)\u001b[22m\u001b[2m\u001b[22m\n\n\u001b[1m\u001b[31m  \u001b[1m● \u001b[22m\u001b[1mComponents/Card › Subtle › smoke-test\u001b[39m\u001b[22m\n\n    Lighthouse audit failed for Components/Card. Check the report above for details.\n\u001b[2m\u001b[22m\n\u001b[2m    \u001b[0m \u001b[90m 48 |\u001b[39m       \u001b[90m// Fail the test if thresholds are not met\u001b[39m\u001b[22m\n\u001b[2m     \u001b[90m 49 |\u001b[39m       \u001b[36mif\u001b[39m (\u001b[33m!\u001b[39mpassed) {\u001b[22m\n\u001b[2m    \u001b[31m\u001b[1m>\u001b[22m\u001b[2m\u001b[39m\u001b[90m 50 |\u001b[39m         \u001b[36mthrow\u001b[39m \u001b[36mnew\u001b[39m \u001b[33mError\u001b[39m(\u001b[22m\n\u001b[2m     \u001b[90m    |\u001b[39m               \u001b[31m\u001b[1m^\u001b[22m\u001b[2m\u001b[39m\u001b[22m\n\u001b[2m     \u001b[90m 51 |\u001b[39m           \u001b[32m`Lighthouse audit failed for ${storyName}. Check the report above for details.`\u001b[39m\u001b[22m\n\u001b[2m     \u001b[90m 52 |\u001b[39m         )\u001b[33m;\u001b[39m\u001b[22m\n\u001b[2m     \u001b[90m 53 |\u001b[39m       }\u001b[0m\u001b[22m\n\u001b[2m\u001b[22m\n\u001b[2m      \u001b[2mat postVisit (\u001b[22m\u001b[2m.storybook/test-runner.ts\u001b[2m:50:15)\u001b[22m\u001b[2m\u001b[22m\n\n\u001b[1m\u001b[31m  \u001b[1m● \u001b[22m\u001b[1mComponents/Card › Interactive › smoke-test\u001b[39m\u001b[22m\n\n    Lighthouse audit failed for Components/Card. Check the report above for details.\n\u001b[2m\u001b[22m\n\u001b[2m    \u001b[0m \u001b[90m 48 |\u001b[39m       \u001b[90m// Fail the test if thresholds are not met\u001b[39m\u001b[22m\n\u001b[2m     \u001b[90m 49 |\u001b[39m       \u001b[36mif\u001b[39m (\u001b[33m!\u001b[39mpassed) {\u001b[22m\n\u001b[2m    \u001b[31m\u001b[1m>\u001b[22m\u001b[2m\u001b[39m\u001b[90m 50 |\u001b[39m         \u001b[36mthrow\u001b[39m \u001b[36mnew\u001b[39m \u001b[33mError\u001b[39m(\u001b[22m\n\u001b[2m     \u001b[90m    |\u001b[39m               \u001b[31m\u001b[1m^\u001b[22m\u001b[2m\u001b[39m\u001b[22m\n\u001b[2m     \u001b[90m 51 |\u001b[39m           \u001b[32m`Lighthouse audit failed for ${storyName}. Check the report above for details.`\u001b[39m\u001b[22m\n\u001b[2m     \u001b[90m 52 |\u001b[39m         )\u001b[33m;\u001b[39m\u001b[22m\n\u001b[2m     \u001b[90m 53 |\u001b[39m       }\u001b[0m\u001b[22m\n\u001b[2m\u001b[22m\n\u001b[2m      \u001b[2mat postVisit (\u001b[22m\u001b[2m.storybook/test-runner.ts\u001b[2m:50:15)\u001b[22m\u001b[2m\u001b[22m\n\n\u001b[1m\u001b[31m  \u001b[1m● \u001b[22m\u001b[1mComponents/Card › WithHeaderSlot › smoke-test\u001b[39m\u001b[22m\n\n    Lighthouse audit failed for Components/Card. Check the report above for details.\n\u001b[2m\u001b[22m\n\u001b[2m    \u001b[0m \u001b[90m 48 |\u001b[39m       \u001b[90m// Fail the test if thresholds are not met\u001b[39m\u001b[22m\n\u001b[2m     \u001b[90m 49 |\u001b[39m       \u001b[36mif\u001b[39m (\u001b[33m!\u001b[39mpassed) {\u001b[22m\n\u001b[2m    \u001b[31m\u001b[1m>\u001b[22m\u001b[2m\u001b[39m\u001b[90m 50 |\u001b[39m         \u001b[36mthrow\u001b[39m \u001b[36mnew\u001b[39m \u001b[33mError\u001b[39m(\u001b[22m\n\u001b[2m     \u001b[90m    |\u001b[39m               \u001b[31m\u001b[1m^\u001b[22m\u001b[2m\u001b[39m\u001b[22m\n\u001b[2m     \u001b[90m 51 |\u001b[39m           \u001b[32m`Lighthouse audit failed for ${storyName}. Check the report above for details.`\u001b[39m\u001b[22m\n\u001b[2m     \u001b[90m 52 |\u001b[39m         )\u001b[33m;\u001b[39m\u001b[22m\n\u001b[2m     \u001b[90m 53 |\u001b[39m       }\u001b[0m\u001b[22m\n\u001b[2m\u001b[22m\n\u001b[2m      \u001b[2mat postVisit (\u001b[22m\u001b[2m.storybook/test-runner.ts\u001b[2m:50:15)\u001b[22m\u001b[2m\u001b[22m\n\n\u001b[1m\u001b[31m  \u001b[1m● \u001b[22m\u001b[1mComponents/Card › WithFooterSlot › smoke-test\u001b[39m\u001b[22m\n\n    Lighthouse audit failed for Components/Card. Check the report above for details.\n\u001b[2m\u001b[22m\n\u001b[2m    \u001b[0m \u001b[90m 48 |\u001b[39m       \u001b[90m// Fail the test if thresholds are not met\u001b[39m\u001b[22m\n\u001b[2m     \u001b[90m 49 |\u001b[39m       \u001b[36mif\u001b[39m (\u001b[33m!\u001b[39mpassed) {\u001b[22m\n\u001b[2m    \u001b[31m\u001b[1m>\u001b[22m\u001b[2m\u001b[39m\u001b[90m 50 |\u001b[39m         \u001b[36mthrow\u001b[39m \u001b[36mnew\u001b[39m \u001b[33mError\u001b[39m(\u001b[22m\n\u001b[2m     \u001b[90m    |\u001b[39m               \u001b[31m\u001b[1m^\u001b[22m\u001b[2m\u001b[39m\u001b[22m\n\u001b[2m     \u001b[90m 51 |\u001b[39m           \u001b[32m`Lighthouse audit failed for ${storyName}. Check the report above for details.`\u001b[39m\u001b[22m\n\u001b[2m     \u001b[90m 52 |\u001b[39m         )\u001b[33m;\u001b[39m\u001b[22m\n\u001b[2m     \u001b[90m 53 |\u001b[39m       }\u001b[0m\u001b[22m\n\u001b[2m\u001b[22m\n\u001b[2m      \u001b[2mat postVisit (\u001b[22m\u001b[2m.storybook/test-runner.ts\u001b[2m:50:15)\u001b[22m\u001b[2m\u001b[22m\n\n\u001b[1m\u001b[31m  \u001b[1m● \u001b[22m\u001b[1mComponents/Card › FullyCustomized › smoke-test\u001b[39m\u001b[22m\n\n    Lighthouse audit failed for Components/Card. Check the report above for details.\n\u001b[2m\u001b[22m\n\u001b[2m    \u001b[0m \u001b[90m 48 |\u001b[39m       \u001b[90m// Fail the test if thresholds are not met\u001b[39m\u001b[22m\n\u001b[2m     \u001b[90m 49 |\u001b[39m       \u001b[36mif\u001b[39m (\u001b[33m!\u001b[39mpassed) {\u001b[22m\n\u001b[2m    \u001b[31m\u001b[1m>\u001b[22m\u001b[2m\u001b[39m\u001b[90m 50 |\u001b[39m         \u001b[36mthrow\u001b[39m \u001b[36mnew\u001b[39m \u001b[33mError\u001b[39m(\u001b[22m\n\u001b[2m     \u001b[90m    |\u001b[39m               \u001b[31m\u001b[1m^\u001b[22m\u001b[2m\u001b[39m\u001b[22m\n\u001b[2m     \u001b[90m 51 |\u001b[39m           \u001b[32m`Lighthouse audit failed for ${storyName}. Check the report above for details.`\u001b[39m\u001b[22m\n\u001b[2m     \u001b[90m 52 |\u001b[39m         )\u001b[33m;\u001b[39m\u001b[22m\n\u001b[2m     \u001b[90m 53 |\u001b[39m       }\u001b[0m\u001b[22m\n\u001b[2m\u001b[22m\n\u001b[2m      \u001b[2mat postVisit (\u001b[22m\u001b[2m.storybook/test-runner.ts\u001b[2m:50:15)\u001b[22m\u001b[2m\u001b[22m\n","name":"/home/guruprasad/Desktop/workspace/lit-components/stories/Card.stories.ts","startTime":1759511947205,"status":"failed","summary":""},{"assertionResults":[{"ancestorTitles":["Native Framework Rendering/Dropdown/React 19 JSX","Default"],"duration":377,"failureDetails":[{}],"failureMessages":["Error: Lighthouse audit failed for Native Framework Rendering/Dropdown/React 19 JSX. Check the report above for details.\n    at postVisit (/home/guruprasad/Desktop/workspace/lit-components/.storybook/test-runner.ts:50:15)"],"fullName":"Native Framework Rendering/Dropdown/React 19 JSX Default play-test","invocations":1,"location":null,"numPassingAsserts":0,"retryReasons":[],"status":"failed","title":"play-test"},{"ancestorTitles":["Native Framework Rendering/Dropdown/React 19 JSX","WithValue"],"duration":84,"failureDetails":[{}],"failureMessages":["Error: Lighthouse audit failed for Native Framework Rendering/Dropdown/React 19 JSX. Check the report above for details.\n    at postVisit (/home/guruprasad/Desktop/workspace/lit-components/.storybook/test-runner.ts:50:15)"],"fullName":"Native Framework Rendering/Dropdown/React 19 JSX WithValue play-test","invocations":1,"location":null,"numPassingAsserts":0,"retryReasons":[],"status":"failed","title":"play-test"},{"ancestorTitles":["Native Framework Rendering/Dropdown/React 19 JSX","WithPrefixIcon"],"duration":109,"failureDetails":[{}],"failureMessages":["Error: Lighthouse audit failed for Native Framework Rendering/Dropdown/React 19 JSX. Check the report above for details.\n    at postVisit (/home/guruprasad/Desktop/workspace/lit-components/.storybook/test-runner.ts:50:15)"],"fullName":"Native Framework Rendering/Dropdown/React 19 JSX WithPrefixIcon play-test","invocations":1,"location":null,"numPassingAsserts":0,"retryReasons":[],"status":"failed","title":"play-test"},{"ancestorTitles":["Native Framework Rendering/Dropdown/React 19 JSX","Disabled"],"duration":80,"failureDetails":[{}],"failureMessages":["Error: Lighthouse audit failed for Native Framework Rendering/Dropdown/React 19 JSX. Check the report above for details.\n    at postVisit (/home/guruprasad/Desktop/workspace/lit-components/.storybook/test-runner.ts:50:15)"],"fullName":"Native Framework Rendering/Dropdown/React 19 JSX Disabled play-test","invocations":1,"location":null,"numPassingAsserts":0,"retryReasons":[],"status":"failed","title":"play-test"},{"ancestorTitles":["Native Framework Rendering/Dropdown/React 19 JSX","React19AppDemo"],"duration":147,"failureDetails":[{}],"failureMessages":["Error: Lighthouse audit failed for Native Framework Rendering/Dropdown/React 19 JSX. Check the report above for details.\n    at postVisit (/home/guruprasad/Desktop/workspace/lit-components/.storybook/test-runner.ts:50:15)"],"fullName":"Native Framework Rendering/Dropdown/React 19 JSX React19AppDemo play-test","invocations":1,"location":null,"numPassingAsserts":0,"retryReasons":[],"status":"failed","title":"play-test"}],"endTime":1759511951275,"message":"\u001b[1m\u001b[31m  \u001b[1m● \u001b[22m\u001b[1mNative Framework Rendering/Dropdown/React 19 JSX › Default › play-test\u001b[39m\u001b[22m\n\n    Lighthouse audit failed for Native Framework Rendering/Dropdown/React 19 JSX. Check the report above for details.\n\u001b[2m\u001b[22m\n\u001b[2m    \u001b[0m \u001b[90m 48 |\u001b[39m       \u001b[90m// Fail the test if thresholds are not met\u001b[39m\u001b[22m\n\u001b[2m     \u001b[90m 49 |\u001b[39m       \u001b[36mif\u001b[39m (\u001b[33m!\u001b[39mpassed) {\u001b[22m\n\u001b[2m    \u001b[31m\u001b[1m>\u001b[22m\u001b[2m\u001b[39m\u001b[90m 50 |\u001b[39m         \u001b[36mthrow\u001b[39m \u001b[36mnew\u001b[39m \u001b[33mError\u001b[39m(\u001b[22m\n\u001b[2m     \u001b[90m    |\u001b[39m               \u001b[31m\u001b[1m^\u001b[22m\u001b[2m\u001b[39m\u001b[22m\n\u001b[2m     \u001b[90m 51 |\u001b[39m           \u001b[32m`Lighthouse audit failed for ${storyName}. Check the report above for details.`\u001b[39m\u001b[22m\n\u001b[2m     \u001b[90m 52 |\u001b[39m         )\u001b[33m;\u001b[39m\u001b[22m\n\u001b[2m     \u001b[90m 53 |\u001b[39m       }\u001b[0m\u001b[22m\n\u001b[2m\u001b[22m\n\u001b[2m      \u001b[2mat postVisit (\u001b[22m\u001b[2m.storybook/test-runner.ts\u001b[2m:50:15)\u001b[22m\u001b[2m\u001b[22m\n\n\u001b[1m\u001b[31m  \u001b[1m● \u001b[22m\u001b[1mNative Framework Rendering/Dropdown/React 19 JSX › WithValue › play-test\u001b[39m\u001b[22m\n\n    Lighthouse audit failed for Native Framework Rendering/Dropdown/React 19 JSX. Check the report above for details.\n\u001b[2m\u001b[22m\n\u001b[2m    \u001b[0m \u001b[90m 48 |\u001b[39m       \u001b[90m// Fail the test if thresholds are not met\u001b[39m\u001b[22m\n\u001b[2m     \u001b[90m 49 |\u001b[39m       \u001b[36mif\u001b[39m (\u001b[33m!\u001b[39mpassed) {\u001b[22m\n\u001b[2m    \u001b[31m\u001b[1m>\u001b[22m\u001b[2m\u001b[39m\u001b[90m 50 |\u001b[39m         \u001b[36mthrow\u001b[39m \u001b[36mnew\u001b[39m \u001b[33mError\u001b[39m(\u001b[22m\n\u001b[2m     \u001b[90m    |\u001b[39m               \u001b[31m\u001b[1m^\u001b[22m\u001b[2m\u001b[39m\u001b[22m\n\u001b[2m     \u001b[90m 51 |\u001b[39m           \u001b[32m`Lighthouse audit failed for ${storyName}. Check the report above for details.`\u001b[39m\u001b[22m\n\u001b[2m     \u001b[90m 52 |\u001b[39m         )\u001b[33m;\u001b[39m\u001b[22m\n\u001b[2m     \u001b[90m 53 |\u001b[39m       }\u001b[0m\u001b[22m\n\u001b[2m\u001b[22m\n\u001b[2m      \u001b[2mat postVisit (\u001b[22m\u001b[2m.storybook/test-runner.ts\u001b[2m:50:15)\u001b[22m\u001b[2m\u001b[22m\n\n\u001b[1m\u001b[31m  \u001b[1m● \u001b[22m\u001b[1mNative Framework Rendering/Dropdown/React 19 JSX › WithPrefixIcon › play-test\u001b[39m\u001b[22m\n\n    Lighthouse audit failed for Native Framework Rendering/Dropdown/React 19 JSX. Check the report above for details.\n\u001b[2m\u001b[22m\n\u001b[2m    \u001b[0m \u001b[90m 48 |\u001b[39m       \u001b[90m// Fail the test if thresholds are not met\u001b[39m\u001b[22m\n\u001b[2m     \u001b[90m 49 |\u001b[39m       \u001b[36mif\u001b[39m (\u001b[33m!\u001b[39mpassed) {\u001b[22m\n\u001b[2m    \u001b[31m\u001b[1m>\u001b[22m\u001b[2m\u001b[39m\u001b[90m 50 |\u001b[39m         \u001b[36mthrow\u001b[39m \u001b[36mnew\u001b[39m \u001b[33mError\u001b[39m(\u001b[22m\n\u001b[2m     \u001b[90m    |\u001b[39m               \u001b[31m\u001b[1m^\u001b[22m\u001b[2m\u001b[39m\u001b[22m\n\u001b[2m     \u001b[90m 51 |\u001b[39m           \u001b[32m`Lighthouse audit failed for ${storyName}. Check the report above for details.`\u001b[39m\u001b[22m\n\u001b[2m     \u001b[90m 52 |\u001b[39m         )\u001b[33m;\u001b[39m\u001b[22m\n\u001b[2m     \u001b[90m 53 |\u001b[39m       }\u001b[0m\u001b[22m\n\u001b[2m\u001b[22m\n\u001b[2m      \u001b[2mat postVisit (\u001b[22m\u001b[2m.storybook/test-runner.ts\u001b[2m:50:15)\u001b[22m\u001b[2m\u001b[22m\n\n\u001b[1m\u001b[31m  \u001b[1m● \u001b[22m\u001b[1mNative Framework Rendering/Dropdown/React 19 JSX › Disabled › play-test\u001b[39m\u001b[22m\n\n    Lighthouse audit failed for Native Framework Rendering/Dropdown/React 19 JSX. Check the report above for details.\n\u001b[2m\u001b[22m\n\u001b[2m    \u001b[0m \u001b[90m 48 |\u001b[39m       \u001b[90m// Fail the test if thresholds are not met\u001b[39m\u001b[22m\n\u001b[2m     \u001b[90m 49 |\u001b[39m       \u001b[36mif\u001b[39m (\u001b[33m!\u001b[39mpassed) {\u001b[22m\n\u001b[2m    \u001b[31m\u001b[1m>\u001b[22m\u001b[2m\u001b[39m\u001b[90m 50 |\u001b[39m         \u001b[36mthrow\u001b[39m \u001b[36mnew\u001b[39m \u001b[33mError\u001b[39m(\u001b[22m\n\u001b[2m     \u001b[90m    |\u001b[39m               \u001b[31m\u001b[1m^\u001b[22m\u001b[2m\u001b[39m\u001b[22m\n\u001b[2m     \u001b[90m 51 |\u001b[39m           \u001b[32m`Lighthouse audit failed for ${storyName}. Check the report above for details.`\u001b[39m\u001b[22m\n\u001b[2m     \u001b[90m 52 |\u001b[39m         )\u001b[33m;\u001b[39m\u001b[22m\n\u001b[2m     \u001b[90m 53 |\u001b[39m       }\u001b[0m\u001b[22m\n\u001b[2m\u001b[22m\n\u001b[2m      \u001b[2mat postVisit (\u001b[22m\u001b[2m.storybook/test-runner.ts\u001b[2m:50:15)\u001b[22m\u001b[2m\u001b[22m\n\n\u001b[1m\u001b[31m  \u001b[1m● \u001b[22m\u001b[1mNative Framework Rendering/Dropdown/React 19 JSX › React19AppDemo › play-test\u001b[39m\u001b[22m\n\n    Lighthouse audit failed for Native Framework Rendering/Dropdown/React 19 JSX. Check the report above for details.\n\u001b[2m\u001b[22m\n\u001b[2m    \u001b[0m \u001b[90m 48 |\u001b[39m       \u001b[90m// Fail the test if thresholds are not met\u001b[39m\u001b[22m\n\u001b[2m     \u001b[90m 49 |\u001b[39m       \u001b[36mif\u001b[39m (\u001b[33m!\u001b[39mpassed) {\u001b[22m\n\u001b[2m    \u001b[31m\u001b[1m>\u001b[22m\u001b[2m\u001b[39m\u001b[90m 50 |\u001b[39m         \u001b[36mthrow\u001b[39m \u001b[36mnew\u001b[39m \u001b[33mError\u001b[39m(\u001b[22m\n\u001b[2m     \u001b[90m    |\u001b[39m               \u001b[31m\u001b[1m^\u001b[22m\u001b[2m\u001b[39m\u001b[22m\n\u001b[2m     \u001b[90m 51 |\u001b[39m           \u001b[32m`Lighthouse audit failed for ${storyName}. Check the report above for details.`\u001b[39m\u001b[22m\n\u001b[2m     \u001b[90m 52 |\u001b[39m         )\u001b[33m;\u001b[39m\u001b[22m\n\u001b[2m     \u001b[90m 53 |\u001b[39m       }\u001b[0m\u001b[22m\n\u001b[2m\u001b[22m\n\u001b[2m      \u001b[2mat postVisit (\u001b[22m\u001b[2m.storybook/test-runner.ts\u001b[2m:50:15)\u001b[22m\u001b[2m\u001b[22m\n","name":"/home/guruprasad/Desktop/workspace/lit-components/stories/NativeFrameworkRendering/Dropdown.React19.stories.tsx","startTime":1759511947097,"status":"failed","summary":""},{"assertionResults":[{"ancestorTitles":["Components/ThemeProvider","Default"],"duration":317,"failureDetails":[{}],"failureMessages":["Error: Lighthouse audit failed for Components/ThemeProvider. Check the report above for details.\n    at postVisit (/home/guruprasad/Desktop/workspace/lit-components/.storybook/test-runner.ts:50:15)"],"fullName":"Components/ThemeProvider Default smoke-test","invocations":1,"location":null,"numPassingAsserts":0,"retryReasons":[],"status":"failed","title":"smoke-test"},{"ancestorTitles":["Components/ThemeProvider","Dark"],"duration":90,"failureDetails":[{}],"failureMessages":["Error: Lighthouse audit failed for Components/ThemeProvider. Check the report above for details.\n    at postVisit (/home/guruprasad/Desktop/workspace/lit-components/.storybook/test-runner.ts:50:15)"],"fullName":"Components/ThemeProvider Dark smoke-test","invocations":1,"location":null,"numPassingAsserts":0,"retryReasons":[],"status":"failed","title":"smoke-test"},{"ancestorTitles":["Components/ThemeProvider","Light"],"duration":114,"failureDetails":[{}],"failureMessages":["Error: Lighthouse audit failed for Components/ThemeProvider. Check the report above for details.\n    at postVisit (/home/guruprasad/Desktop/workspace/lit-components/.storybook/test-runner.ts:50:15)"],"fullName":"Components/ThemeProvider Light smoke-test","invocations":1,"location":null,"numPassingAsserts":0,"retryReasons":[],"status":"failed","title":"smoke-test"},{"ancestorTitles":["Components/ThemeProvider","Glass"],"duration":101,"failureDetails":[{}],"failureMessages":["Error: Lighthouse audit failed for Components/ThemeProvider. Check the report above for details.\n    at postVisit (/home/guruprasad/Desktop/workspace/lit-components/.storybook/test-runner.ts:50:15)"],"fullName":"Components/ThemeProvider Glass smoke-test","invocations":1,"location":null,"numPassingAsserts":0,"retryReasons":[],"status":"failed","title":"smoke-test"},{"ancestorTitles":["Components/ThemeProvider","Cartoon"],"duration":106,"failureDetails":[{}],"failureMessages":["Error: Lighthouse audit failed for Components/ThemeProvider. Check the report above for details.\n    at postVisit (/home/guruprasad/Desktop/workspace/lit-components/.storybook/test-runner.ts:50:15)"],"fullName":"Components/ThemeProvider Cartoon smoke-test","invocations":1,"location":null,"numPassingAsserts":0,"retryReasons":[],"status":"failed","title":"smoke-test"},{"ancestorTitles":["Components/ThemeProvider","WithMultipleComponents"],"duration":143,"failureDetails":[{}],"failureMessages":["Error: Lighthouse audit failed for Components/ThemeProvider. Check the report above for details.\n    at postVisit (/home/guruprasad/Desktop/workspace/lit-components/.storybook/test-runner.ts:50:15)"],"fullName":"Components/ThemeProvider WithMultipleComponents smoke-test","invocations":1,"location":null,"numPassingAsserts":0,"retryReasons":[],"status":"failed","title":"smoke-test"}],"endTime":1759511951280,"message":"\u001b[1m\u001b[31m  \u001b[1m● \u001b[22m\u001b[1mComponents/ThemeProvider › Default › smoke-test\u001b[39m\u001b[22m\n\n    Lighthouse audit failed for Components/ThemeProvider. Check the report above for details.\n\u001b[2m\u001b[22m\n\u001b[2m    \u001b[0m \u001b[90m 48 |\u001b[39m       \u001b[90m// Fail the test if thresholds are not met\u001b[39m\u001b[22m\n\u001b[2m     \u001b[90m 49 |\u001b[39m       \u001b[36mif\u001b[39m (\u001b[33m!\u001b[39mpassed) {\u001b[22m\n\u001b[2m    \u001b[31m\u001b[1m>\u001b[22m\u001b[2m\u001b[39m\u001b[90m 50 |\u001b[39m         \u001b[36mthrow\u001b[39m \u001b[36mnew\u001b[39m \u001b[33mError\u001b[39m(\u001b[22m\n\u001b[2m     \u001b[90m    |\u001b[39m               \u001b[31m\u001b[1m^\u001b[22m\u001b[2m\u001b[39m\u001b[22m\n\u001b[2m     \u001b[90m 51 |\u001b[39m           \u001b[32m`Lighthouse audit failed for ${storyName}. Check the report above for details.`\u001b[39m\u001b[22m\n\u001b[2m     \u001b[90m 52 |\u001b[39m         )\u001b[33m;\u001b[39m\u001b[22m\n\u001b[2m     \u001b[90m 53 |\u001b[39m       }\u001b[0m\u001b[22m\n\u001b[2m\u001b[22m\n\u001b[2m      \u001b[2mat postVisit (\u001b[22m\u001b[2m.storybook/test-runner.ts\u001b[2m:50:15)\u001b[22m\u001b[2m\u001b[22m\n\n\u001b[1m\u001b[31m  \u001b[1m● \u001b[22m\u001b[1mComponents/ThemeProvider › Dark › smoke-test\u001b[39m\u001b[22m\n\n    Lighthouse audit failed for Components/ThemeProvider. Check the report above for details.\n\u001b[2m\u001b[22m\n\u001b[2m    \u001b[0m \u001b[90m 48 |\u001b[39m       \u001b[90m// Fail the test if thresholds are not met\u001b[39m\u001b[22m\n\u001b[2m     \u001b[90m 49 |\u001b[39m       \u001b[36mif\u001b[39m (\u001b[33m!\u001b[39mpassed) {\u001b[22m\n\u001b[2m    \u001b[31m\u001b[1m>\u001b[22m\u001b[2m\u001b[39m\u001b[90m 50 |\u001b[39m         \u001b[36mthrow\u001b[39m \u001b[36mnew\u001b[39m \u001b[33mError\u001b[39m(\u001b[22m\n\u001b[2m     \u001b[90m    |\u001b[39m               \u001b[31m\u001b[1m^\u001b[22m\u001b[2m\u001b[39m\u001b[22m\n\u001b[2m     \u001b[90m 51 |\u001b[39m           \u001b[32m`Lighthouse audit failed for ${storyName}. Check the report above for details.`\u001b[39m\u001b[22m\n\u001b[2m     \u001b[90m 52 |\u001b[39m         )\u001b[33m;\u001b[39m\u001b[22m\n\u001b[2m     \u001b[90m 53 |\u001b[39m       }\u001b[0m\u001b[22m\n\u001b[2m\u001b[22m\n\u001b[2m      \u001b[2mat postVisit (\u001b[22m\u001b[2m.storybook/test-runner.ts\u001b[2m:50:15)\u001b[22m\u001b[2m\u001b[22m\n\n\u001b[1m\u001b[31m  \u001b[1m● \u001b[22m\u001b[1mComponents/ThemeProvider › Light › smoke-test\u001b[39m\u001b[22m\n\n    Lighthouse audit failed for Components/ThemeProvider. Check the report above for details.\n\u001b[2m\u001b[22m\n\u001b[2m    \u001b[0m \u001b[90m 48 |\u001b[39m       \u001b[90m// Fail the test if thresholds are not met\u001b[39m\u001b[22m\n\u001b[2m     \u001b[90m 49 |\u001b[39m       \u001b[36mif\u001b[39m (\u001b[33m!\u001b[39mpassed) {\u001b[22m\n\u001b[2m    \u001b[31m\u001b[1m>\u001b[22m\u001b[2m\u001b[39m\u001b[90m 50 |\u001b[39m         \u001b[36mthrow\u001b[39m \u001b[36mnew\u001b[39m \u001b[33mError\u001b[39m(\u001b[22m\n\u001b[2m     \u001b[90m    |\u001b[39m               \u001b[31m\u001b[1m^\u001b[22m\u001b[2m\u001b[39m\u001b[22m\n\u001b[2m     \u001b[90m 51 |\u001b[39m           \u001b[32m`Lighthouse audit failed for ${storyName}. Check the report above for details.`\u001b[39m\u001b[22m\n\u001b[2m     \u001b[90m 52 |\u001b[39m         )\u001b[33m;\u001b[39m\u001b[22m\n\u001b[2m     \u001b[90m 53 |\u001b[39m       }\u001b[0m\u001b[22m\n\u001b[2m\u001b[22m\n\u001b[2m      \u001b[2mat postVisit (\u001b[22m\u001b[2m.storybook/test-runner.ts\u001b[2m:50:15)\u001b[22m\u001b[2m\u001b[22m\n\n\u001b[1m\u001b[31m  \u001b[1m● \u001b[22m\u001b[1mComponents/ThemeProvider › Glass › smoke-test\u001b[39m\u001b[22m\n\n    Lighthouse audit failed for Components/ThemeProvider. Check the report above for details.\n\u001b[2m\u001b[22m\n\u001b[2m    \u001b[0m \u001b[90m 48 |\u001b[39m       \u001b[90m// Fail the test if thresholds are not met\u001b[39m\u001b[22m\n\u001b[2m     \u001b[90m 49 |\u001b[39m       \u001b[36mif\u001b[39m (\u001b[33m!\u001b[39mpassed) {\u001b[22m\n\u001b[2m    \u001b[31m\u001b[1m>\u001b[22m\u001b[2m\u001b[39m\u001b[90m 50 |\u001b[39m         \u001b[36mthrow\u001b[39m \u001b[36mnew\u001b[39m \u001b[33mError\u001b[39m(\u001b[22m\n\u001b[2m     \u001b[90m    |\u001b[39m               \u001b[31m\u001b[1m^\u001b[22m\u001b[2m\u001b[39m\u001b[22m\n\u001b[2m     \u001b[90m 51 |\u001b[39m           \u001b[32m`Lighthouse audit failed for ${storyName}. Check the report above for details.`\u001b[39m\u001b[22m\n\u001b[2m     \u001b[90m 52 |\u001b[39m         )\u001b[33m;\u001b[39m\u001b[22m\n\u001b[2m     \u001b[90m 53 |\u001b[39m       }\u001b[0m\u001b[22m\n\u001b[2m\u001b[22m\n\u001b[2m      \u001b[2mat postVisit (\u001b[22m\u001b[2m.storybook/test-runner.ts\u001b[2m:50:15)\u001b[22m\u001b[2m\u001b[22m\n\n\u001b[1m\u001b[31m  \u001b[1m● \u001b[22m\u001b[1mComponents/ThemeProvider › Cartoon › smoke-test\u001b[39m\u001b[22m\n\n    Lighthouse audit failed for Components/ThemeProvider. Check the report above for details.\n\u001b[2m\u001b[22m\n\u001b[2m    \u001b[0m \u001b[90m 48 |\u001b[39m       \u001b[90m// Fail the test if thresholds are not met\u001b[39m\u001b[22m\n\u001b[2m     \u001b[90m 49 |\u001b[39m       \u001b[36mif\u001b[39m (\u001b[33m!\u001b[39mpassed) {\u001b[22m\n\u001b[2m    \u001b[31m\u001b[1m>\u001b[22m\u001b[2m\u001b[39m\u001b[90m 50 |\u001b[39m         \u001b[36mthrow\u001b[39m \u001b[36mnew\u001b[39m \u001b[33mError\u001b[39m(\u001b[22m\n\u001b[2m     \u001b[90m    |\u001b[39m               \u001b[31m\u001b[1m^\u001b[22m\u001b[2m\u001b[39m\u001b[22m\n\u001b[2m     \u001b[90m 51 |\u001b[39m           \u001b[32m`Lighthouse audit failed for ${storyName}. Check the report above for details.`\u001b[39m\u001b[22m\n\u001b[2m     \u001b[90m 52 |\u001b[39m         )\u001b[33m;\u001b[39m\u001b[22m\n\u001b[2m     \u001b[90m 53 |\u001b[39m       }\u001b[0m\u001b[22m\n\u001b[2m\u001b[22m\n\u001b[2m      \u001b[2mat postVisit (\u001b[22m\u001b[2m.storybook/test-runner.ts\u001b[2m:50:15)\u001b[22m\u001b[2m\u001b[22m\n\n\u001b[1m\u001b[31m  \u001b[1m● \u001b[22m\u001b[1mComponents/ThemeProvider › WithMultipleComponents › smoke-test\u001b[39m\u001b[22m\n\n    Lighthouse audit failed for Components/ThemeProvider. Check the report above for details.\n\u001b[2m\u001b[22m\n\u001b[2m    \u001b[0m \u001b[90m 48 |\u001b[39m       \u001b[90m// Fail the test if thresholds are not met\u001b[39m\u001b[22m\n\u001b[2m     \u001b[90m 49 |\u001b[39m       \u001b[36mif\u001b[39m (\u001b[33m!\u001b[39mpassed) {\u001b[22m\n\u001b[2m    \u001b[31m\u001b[1m>\u001b[22m\u001b[2m\u001b[39m\u001b[90m 50 |\u001b[39m         \u001b[36mthrow\u001b[39m \u001b[36mnew\u001b[39m \u001b[33mError\u001b[39m(\u001b[22m\n\u001b[2m     \u001b[90m    |\u001b[39m               \u001b[31m\u001b[1m^\u001b[22m\u001b[2m\u001b[39m\u001b[22m\n\u001b[2m     \u001b[90m 51 |\u001b[39m           \u001b[32m`Lighthouse audit failed for ${storyName}. Check the report above for details.`\u001b[39m\u001b[22m\n\u001b[2m     \u001b[90m 52 |\u001b[39m         )\u001b[33m;\u001b[39m\u001b[22m\n\u001b[2m     \u001b[90m 53 |\u001b[39m       }\u001b[0m\u001b[22m\n\u001b[2m\u001b[22m\n\u001b[2m      \u001b[2mat postVisit (\u001b[22m\u001b[2m.storybook/test-runner.ts\u001b[2m:50:15)\u001b[22m\u001b[2m\u001b[22m\n","name":"/home/guruprasad/Desktop/workspace/lit-components/stories/ThemeProvider.stories.ts","startTime":1759511947140,"status":"failed","summary":""},{"assertionResults":[{"ancestorTitles":["Components/Dropdown","Default"],"duration":262,"failureDetails":[{}],"failureMessages":["Error: Lighthouse audit failed for Components/Dropdown. Check the report above for details.\n    at postVisit (/home/guruprasad/Desktop/workspace/lit-components/.storybook/test-runner.ts:50:15)"],"fullName":"Components/Dropdown Default smoke-test","invocations":1,"location":null,"numPassingAsserts":0,"retryReasons":[],"status":"failed","title":"smoke-test"},{"ancestorTitles":["Components/Dropdown","WithValue"],"duration":72,"failureDetails":[{}],"failureMessages":["Error: Lighthouse audit failed for Components/Dropdown. Check the report above for details.\n    at postVisit (/home/guruprasad/Desktop/workspace/lit-components/.storybook/test-runner.ts:50:15)"],"fullName":"Components/Dropdown WithValue smoke-test","invocations":1,"location":null,"numPassingAsserts":0,"retryReasons":[],"status":"failed","title":"smoke-test"},{"ancestorTitles":["Components/Dropdown","WithHelperText"],"duration":114,"failureDetails":[{}],"failureMessages":["Error: Lighthouse audit failed for Components/Dropdown. Check the report above for details.\n    at postVisit (/home/guruprasad/Desktop/workspace/lit-components/.storybook/test-runner.ts:50:15)"],"fullName":"Components/Dropdown WithHelperText smoke-test","invocations":1,"location":null,"numPassingAsserts":0,"retryReasons":[],"status":"failed","title":"smoke-test"},{"ancestorTitles":["Components/Dropdown","WithError"],"duration":110,"failureDetails":[{}],"failureMessages":["Error: Lighthouse audit failed for Components/Dropdown. Check the report above for details.\n    at postVisit (/home/guruprasad/Desktop/workspace/lit-components/.storybook/test-runner.ts:50:15)"],"fullName":"Components/Dropdown WithError smoke-test","invocations":1,"location":null,"numPassingAsserts":0,"retryReasons":[],"status":"failed","title":"smoke-test"},{"ancestorTitles":["Components/Dropdown","Disabled"],"duration":106,"failureDetails":[{}],"failureMessages":["Error: Lighthouse audit failed for Components/Dropdown. Check the report above for details.\n    at postVisit (/home/guruprasad/Desktop/workspace/lit-components/.storybook/test-runner.ts:50:15)"],"fullName":"Components/Dropdown Disabled smoke-test","invocations":1,"location":null,"numPassingAsserts":0,"retryReasons":[],"status":"failed","title":"smoke-test"},{"ancestorTitles":["Components/Dropdown","WithPrefixIcon"],"duration":66,"failureDetails":[{}],"failureMessages":["Error: Lighthouse audit failed for Components/Dropdown. Check the report above for details.\n    at postVisit (/home/guruprasad/Desktop/workspace/lit-components/.storybook/test-runner.ts:50:15)"],"fullName":"Components/Dropdown WithPrefixIcon smoke-test","invocations":1,"location":null,"numPassingAsserts":0,"retryReasons":[],"status":"failed","title":"smoke-test"},{"ancestorTitles":["Components/Dropdown","WithSuffixBadge"],"duration":108,"failureDetails":[{}],"failureMessages":["Error: Lighthouse audit failed for Components/Dropdown. Check the report above for details.\n    at postVisit (/home/guruprasad/Desktop/workspace/lit-components/.storybook/test-runner.ts:50:15)"],"fullName":"Components/Dropdown WithSuffixBadge smoke-test","invocations":1,"location":null,"numPassingAsserts":0,"retryReasons":[],"status":"failed","title":"smoke-test"},{"ancestorTitles":["Components/Dropdown","LongOptionsList"],"duration":121,"failureDetails":[{}],"failureMessages":["Error: Lighthouse audit failed for Components/Dropdown. Check the report above for details.\n    at postVisit (/home/guruprasad/Desktop/workspace/lit-components/.storybook/test-runner.ts:50:15)"],"fullName":"Components/Dropdown LongOptionsList smoke-test","invocations":1,"location":null,"numPassingAsserts":0,"retryReasons":[],"status":"failed","title":"smoke-test"}],"endTime":1759511951424,"message":"\u001b[1m\u001b[31m  \u001b[1m● \u001b[22m\u001b[1mComponents/Dropdown › Default › smoke-test\u001b[39m\u001b[22m\n\n    Lighthouse audit failed for Components/Dropdown. Check the report above for details.\n\u001b[2m\u001b[22m\n\u001b[2m    \u001b[0m \u001b[90m 48 |\u001b[39m       \u001b[90m// Fail the test if thresholds are not met\u001b[39m\u001b[22m\n\u001b[2m     \u001b[90m 49 |\u001b[39m       \u001b[36mif\u001b[39m (\u001b[33m!\u001b[39mpassed) {\u001b[22m\n\u001b[2m    \u001b[31m\u001b[1m>\u001b[22m\u001b[2m\u001b[39m\u001b[90m 50 |\u001b[39m         \u001b[36mthrow\u001b[39m \u001b[36mnew\u001b[39m \u001b[33mError\u001b[39m(\u001b[22m\n\u001b[2m     \u001b[90m    |\u001b[39m               \u001b[31m\u001b[1m^\u001b[22m\u001b[2m\u001b[39m\u001b[22m\n\u001b[2m     \u001b[90m 51 |\u001b[39m           \u001b[32m`Lighthouse audit failed for ${storyName}. Check the report above for details.`\u001b[39m\u001b[22m\n\u001b[2m     \u001b[90m 52 |\u001b[39m         )\u001b[33m;\u001b[39m\u001b[22m\n\u001b[2m     \u001b[90m 53 |\u001b[39m       }\u001b[0m\u001b[22m\n\u001b[2m\u001b[22m\n\u001b[2m      \u001b[2mat postVisit (\u001b[22m\u001b[2m.storybook/test-runner.ts\u001b[2m:50:15)\u001b[22m\u001b[2m\u001b[22m\n\n\u001b[1m\u001b[31m  \u001b[1m● \u001b[22m\u001b[1mComponents/Dropdown › WithValue › smoke-test\u001b[39m\u001b[22m\n\n    Lighthouse audit failed for Components/Dropdown. Check the report above for details.\n\u001b[2m\u001b[22m\n\u001b[2m    \u001b[0m \u001b[90m 48 |\u001b[39m       \u001b[90m// Fail the test if thresholds are not met\u001b[39m\u001b[22m\n\u001b[2m     \u001b[90m 49 |\u001b[39m       \u001b[36mif\u001b[39m (\u001b[33m!\u001b[39mpassed) {\u001b[22m\n\u001b[2m    \u001b[31m\u001b[1m>\u001b[22m\u001b[2m\u001b[39m\u001b[90m 50 |\u001b[39m         \u001b[36mthrow\u001b[39m \u001b[36mnew\u001b[39m \u001b[33mError\u001b[39m(\u001b[22m\n\u001b[2m     \u001b[90m    |\u001b[39m               \u001b[31m\u001b[1m^\u001b[22m\u001b[2m\u001b[39m\u001b[22m\n\u001b[2m     \u001b[90m 51 |\u001b[39m           \u001b[32m`Lighthouse audit failed for ${storyName}. Check the report above for details.`\u001b[39m\u001b[22m\n\u001b[2m     \u001b[90m 52 |\u001b[39m         )\u001b[33m;\u001b[39m\u001b[22m\n\u001b[2m     \u001b[90m 53 |\u001b[39m       }\u001b[0m\u001b[22m\n\u001b[2m\u001b[22m\n\u001b[2m      \u001b[2mat postVisit (\u001b[22m\u001b[2m.storybook/test-runner.ts\u001b[2m:50:15)\u001b[22m\u001b[2m\u001b[22m\n\n\u001b[1m\u001b[31m  \u001b[1m● \u001b[22m\u001b[1mComponents/Dropdown › WithHelperText › smoke-test\u001b[39m\u001b[22m\n\n    Lighthouse audit failed for Components/Dropdown. Check the report above for details.\n\u001b[2m\u001b[22m\n\u001b[2m    \u001b[0m \u001b[90m 48 |\u001b[39m       \u001b[90m// Fail the test if thresholds are not met\u001b[39m\u001b[22m\n\u001b[2m     \u001b[90m 49 |\u001b[39m       \u001b[36mif\u001b[39m (\u001b[33m!\u001b[39mpassed) {\u001b[22m\n\u001b[2m    \u001b[31m\u001b[1m>\u001b[22m\u001b[2m\u001b[39m\u001b[90m 50 |\u001b[39m         \u001b[36mthrow\u001b[39m \u001b[36mnew\u001b[39m \u001b[33mError\u001b[39m(\u001b[22m\n\u001b[2m     \u001b[90m    |\u001b[39m               \u001b[31m\u001b[1m^\u001b[22m\u001b[2m\u001b[39m\u001b[22m\n\u001b[2m     \u001b[90m 51 |\u001b[39m           \u001b[32m`Lighthouse audit failed for ${storyName}. Check the report above for details.`\u001b[39m\u001b[22m\n\u001b[2m     \u001b[90m 52 |\u001b[39m         )\u001b[33m;\u001b[39m\u001b[22m\n\u001b[2m     \u001b[90m 53 |\u001b[39m       }\u001b[0m\u001b[22m\n\u001b[2m\u001b[22m\n\u001b[2m      \u001b[2mat postVisit (\u001b[22m\u001b[2m.storybook/test-runner.ts\u001b[2m:50:15)\u001b[22m\u001b[2m\u001b[22m\n\n\u001b[1m\u001b[31m  \u001b[1m● \u001b[22m\u001b[1mComponents/Dropdown › WithError › smoke-test\u001b[39m\u001b[22m\n\n    Lighthouse audit failed for Components/Dropdown. Check the report above for details.\n\u001b[2m\u001b[22m\n\u001b[2m    \u001b[0m \u001b[90m 48 |\u001b[39m       \u001b[90m// Fail the test if thresholds are not met\u001b[39m\u001b[22m\n\u001b[2m     \u001b[90m 49 |\u001b[39m       \u001b[36mif\u001b[39m (\u001b[33m!\u001b[39mpassed) {\u001b[22m\n\u001b[2m    \u001b[31m\u001b[1m>\u001b[22m\u001b[2m\u001b[39m\u001b[90m 50 |\u001b[39m         \u001b[36mthrow\u001b[39m \u001b[36mnew\u001b[39m \u001b[33mError\u001b[39m(\u001b[22m\n\u001b[2m     \u001b[90m    |\u001b[39m               \u001b[31m\u001b[1m^\u001b[22m\u001b[2m\u001b[39m\u001b[22m\n\u001b[2m     \u001b[90m 51 |\u001b[39m           \u001b[32m`Lighthouse audit failed for ${storyName}. Check the report above for details.`\u001b[39m\u001b[22m\n\u001b[2m     \u001b[90m 52 |\u001b[39m         )\u001b[33m;\u001b[39m\u001b[22m\n\u001b[2m     \u001b[90m 53 |\u001b[39m       }\u001b[0m\u001b[22m\n\u001b[2m\u001b[22m\n\u001b[2m      \u001b[2mat postVisit (\u001b[22m\u001b[2m.storybook/test-runner.ts\u001b[2m:50:15)\u001b[22m\u001b[2m\u001b[22m\n\n\u001b[1m\u001b[31m  \u001b[1m● \u001b[22m\u001b[1mComponents/Dropdown › Disabled › smoke-test\u001b[39m\u001b[22m\n\n    Lighthouse audit failed for Components/Dropdown. Check the report above for details.\n\u001b[2m\u001b[22m\n\u001b[2m    \u001b[0m \u001b[90m 48 |\u001b[39m       \u001b[90m// Fail the test if thresholds are not met\u001b[39m\u001b[22m\n\u001b[2m     \u001b[90m 49 |\u001b[39m       \u001b[36mif\u001b[39m (\u001b[33m!\u001b[39mpassed) {\u001b[22m\n\u001b[2m    \u001b[31m\u001b[1m>\u001b[22m\u001b[2m\u001b[39m\u001b[90m 50 |\u001b[39m         \u001b[36mthrow\u001b[39m \u001b[36mnew\u001b[39m \u001b[33mError\u001b[39m(\u001b[22m\n\u001b[2m     \u001b[90m    |\u001b[39m               \u001b[31m\u001b[1m^\u001b[22m\u001b[2m\u001b[39m\u001b[22m\n\u001b[2m     \u001b[90m 51 |\u001b[39m           \u001b[32m`Lighthouse audit failed for ${storyName}. Check the report above for details.`\u001b[39m\u001b[22m\n\u001b[2m     \u001b[90m 52 |\u001b[39m         )\u001b[33m;\u001b[39m\u001b[22m\n\u001b[2m     \u001b[90m 53 |\u001b[39m       }\u001b[0m\u001b[22m\n\u001b[2m\u001b[22m\n\u001b[2m      \u001b[2mat postVisit (\u001b[22m\u001b[2m.storybook/test-runner.ts\u001b[2m:50:15)\u001b[22m\u001b[2m\u001b[22m\n\n\u001b[1m\u001b[31m  \u001b[1m● \u001b[22m\u001b[1mComponents/Dropdown › WithPrefixIcon › smoke-test\u001b[39m\u001b[22m\n\n    Lighthouse audit failed for Components/Dropdown. Check the report above for details.\n\u001b[2m\u001b[22m\n\u001b[2m    \u001b[0m \u001b[90m 48 |\u001b[39m       \u001b[90m// Fail the test if thresholds are not met\u001b[39m\u001b[22m\n\u001b[2m     \u001b[90m 49 |\u001b[39m       \u001b[36mif\u001b[39m (\u001b[33m!\u001b[39mpassed) {\u001b[22m\n\u001b[2m    \u001b[31m\u001b[1m>\u001b[22m\u001b[2m\u001b[39m\u001b[90m 50 |\u001b[39m         \u001b[36mthrow\u001b[39m \u001b[36mnew\u001b[39m \u001b[33mError\u001b[39m(\u001b[22m\n\u001b[2m     \u001b[90m    |\u001b[39m               \u001b[31m\u001b[1m^\u001b[22m\u001b[2m\u001b[39m\u001b[22m\n\u001b[2m     \u001b[90m 51 |\u001b[39m           \u001b[32m`Lighthouse audit failed for ${storyName}. Check the report above for details.`\u001b[39m\u001b[22m\n\u001b[2m     \u001b[90m 52 |\u001b[39m         )\u001b[33m;\u001b[39m\u001b[22m\n\u001b[2m     \u001b[90m 53 |\u001b[39m       }\u001b[0m\u001b[22m\n\u001b[2m\u001b[22m\n\u001b[2m      \u001b[2mat postVisit (\u001b[22m\u001b[2m.storybook/test-runner.ts\u001b[2m:50:15)\u001b[22m\u001b[2m\u001b[22m\n\n\u001b[1m\u001b[31m  \u001b[1m● \u001b[22m\u001b[1mComponents/Dropdown › WithSuffixBadge › smoke-test\u001b[39m\u001b[22m\n\n    Lighthouse audit failed for Components/Dropdown. Check the report above for details.\n\u001b[2m\u001b[22m\n\u001b[2m    \u001b[0m \u001b[90m 48 |\u001b[39m       \u001b[90m// Fail the test if thresholds are not met\u001b[39m\u001b[22m\n\u001b[2m     \u001b[90m 49 |\u001b[39m       \u001b[36mif\u001b[39m (\u001b[33m!\u001b[39mpassed) {\u001b[22m\n\u001b[2m    \u001b[31m\u001b[1m>\u001b[22m\u001b[2m\u001b[39m\u001b[90m 50 |\u001b[39m         \u001b[36mthrow\u001b[39m \u001b[36mnew\u001b[39m \u001b[33mError\u001b[39m(\u001b[22m\n\u001b[2m     \u001b[90m    |\u001b[39m               \u001b[31m\u001b[1m^\u001b[22m\u001b[2m\u001b[39m\u001b[22m\n\u001b[2m     \u001b[90m 51 |\u001b[39m           \u001b[32m`Lighthouse audit failed for ${storyName}. Check the report above for details.`\u001b[39m\u001b[22m\n\u001b[2m     \u001b[90m 52 |\u001b[39m         )\u001b[33m;\u001b[39m\u001b[22m\n\u001b[2m     \u001b[90m 53 |\u001b[39m       }\u001b[0m\u001b[22m\n\u001b[2m\u001b[22m\n\u001b[2m      \u001b[2mat postVisit (\u001b[22m\u001b[2m.storybook/test-runner.ts\u001b[2m:50:15)\u001b[22m\u001b[2m\u001b[22m\n\n\u001b[1m\u001b[31m  \u001b[1m● \u001b[22m\u001b[1mComponents/Dropdown › LongOptionsList › smoke-test\u001b[39m\u001b[22m\n\n    Lighthouse audit failed for Components/Dropdown. Check the report above for details.\n\u001b[2m\u001b[22m\n\u001b[2m    \u001b[0m \u001b[90m 48 |\u001b[39m       \u001b[90m// Fail the test if thresholds are not met\u001b[39m\u001b[22m\n\u001b[2m     \u001b[90m 49 |\u001b[39m       \u001b[36mif\u001b[39m (\u001b[33m!\u001b[39mpassed) {\u001b[22m\n\u001b[2m    \u001b[31m\u001b[1m>\u001b[22m\u001b[2m\u001b[39m\u001b[90m 50 |\u001b[39m         \u001b[36mthrow\u001b[39m \u001b[36mnew\u001b[39m \u001b[33mError\u001b[39m(\u001b[22m\n\u001b[2m     \u001b[90m    |\u001b[39m               \u001b[31m\u001b[1m^\u001b[22m\u001b[2m\u001b[39m\u001b[22m\n\u001b[2m     \u001b[90m 51 |\u001b[39m           \u001b[32m`Lighthouse audit failed for ${storyName}. Check the report above for details.`\u001b[39m\u001b[22m\n\u001b[2m     \u001b[90m 52 |\u001b[39m         )\u001b[33m;\u001b[39m\u001b[22m\n\u001b[2m     \u001b[90m 53 |\u001b[39m       }\u001b[0m\u001b[22m\n\u001b[2m\u001b[22m\n\u001b[2m      \u001b[2mat postVisit (\u001b[22m\u001b[2m.storybook/test-runner.ts\u001b[2m:50:15)\u001b[22m\u001b[2m\u001b[22m\n","name":"/home/guruprasad/Desktop/workspace/lit-components/stories/Dropdown.stories.ts","startTime":1759511947172,"status":"failed","summary":""},{"assertionResults":[{"ancestorTitles":["Native Framework Rendering/Dropdown/HTML","Default"],"duration":318,"failureDetails":[{}],"failureMessages":["Error: Lighthouse audit failed for Native Framework Rendering/Dropdown/HTML. Check the report above for details.\n    at postVisit (/home/guruprasad/Desktop/workspace/lit-components/.storybook/test-runner.ts:50:15)"],"fullName":"Native Framework Rendering/Dropdown/HTML Default play-test","invocations":1,"location":null,"numPassingAsserts":0,"retryReasons":[],"status":"failed","title":"play-test"},{"ancestorTitles":["Native Framework Rendering/Dropdown/HTML","WithValue"],"duration":125,"failureDetails":[{}],"failureMessages":["Error: Lighthouse audit failed for Native Framework Rendering/Dropdown/HTML. Check the report above for details.\n    at postVisit (/home/guruprasad/Desktop/workspace/lit-components/.storybook/test-runner.ts:50:15)"],"fullName":"Native Framework Rendering/Dropdown/HTML WithValue play-test","invocations":1,"location":null,"numPassingAsserts":0,"retryReasons":[],"status":"failed","title":"play-test"},{"ancestorTitles":["Native Framework Rendering/Dropdown/HTML","WithPrefixIcon"],"duration":84,"failureDetails":[{}],"failureMessages":["Error: Lighthouse audit failed for Native Framework Rendering/Dropdown/HTML. Check the report above for details.\n    at postVisit (/home/guruprasad/Desktop/workspace/lit-components/.storybook/test-runner.ts:50:15)"],"fullName":"Native Framework Rendering/Dropdown/HTML WithPrefixIcon play-test","invocations":1,"location":null,"numPassingAsserts":0,"retryReasons":[],"status":"failed","title":"play-test"},{"ancestorTitles":["Native Framework Rendering/Dropdown/HTML","Disabled"],"duration":90,"failureDetails":[{}],"failureMessages":["Error: Lighthouse audit failed for Native Framework Rendering/Dropdown/HTML. Check the report above for details.\n    at postVisit (/home/guruprasad/Desktop/workspace/lit-components/.storybook/test-runner.ts:50:15)"],"fullName":"Native Framework Rendering/Dropdown/HTML Disabled play-test","invocations":1,"location":null,"numPassingAsserts":0,"retryReasons":[],"status":"failed","title":"play-test"},{"ancestorTitles":["Native Framework Rendering/Dropdown/HTML","WithError"],"duration":87,"failureDetails":[{}],"failureMessages":["Error: Lighthouse audit failed for Native Framework Rendering/Dropdown/HTML. Check the report above for details.\n    at postVisit (/home/guruprasad/Desktop/workspace/lit-components/.storybook/test-runner.ts:50:15)"],"fullName":"Native Framework Rendering/Dropdown/HTML WithError play-test","invocations":1,"location":null,"numPassingAsserts":0,"retryReasons":[],"status":"failed","title":"play-test"},{"ancestorTitles":["Native Framework Rendering/Dropdown/HTML","VanillaJavaScriptDemo"],"duration":163,"failureDetails":[{}],"failureMessages":["Error: Lighthouse audit failed for Native Framework Rendering/Dropdown/HTML. Check the report above for details.\n    at postVisit (/home/guruprasad/Desktop/workspace/lit-components/.storybook/test-runner.ts:50:15)"],"fullName":"Native Framework Rendering/Dropdown/HTML VanillaJavaScriptDemo play-test","invocations":1,"location":null,"numPassingAsserts":0,"retryReasons":[],"status":"failed","title":"play-test"},{"ancestorTitles":["Native Framework Rendering/Dropdown/HTML","InteractiveValidation"],"duration":130,"failureDetails":[{}],"failureMessages":["Error: Lighthouse audit failed for Native Framework Rendering/Dropdown/HTML. Check the report above for details.\n    at postVisit (/home/guruprasad/Desktop/workspace/lit-components/.storybook/test-runner.ts:50:15)"],"fullName":"Native Framework Rendering/Dropdown/HTML InteractiveValidation play-test","invocations":1,"location":null,"numPassingAsserts":0,"retryReasons":[],"status":"failed","title":"play-test"}],"endTime":1759511951428,"message":"\u001b[1m\u001b[31m  \u001b[1m● \u001b[22m\u001b[1mNative Framework Rendering/Dropdown/HTML › Default › play-test\u001b[39m\u001b[22m\n\n    Lighthouse audit failed for Native Framework Rendering/Dropdown/HTML. Check the report above for details.\n\u001b[2m\u001b[22m\n\u001b[2m    \u001b[0m \u001b[90m 48 |\u001b[39m       \u001b[90m// Fail the test if thresholds are not met\u001b[39m\u001b[22m\n\u001b[2m     \u001b[90m 49 |\u001b[39m       \u001b[36mif\u001b[39m (\u001b[33m!\u001b[39mpassed) {\u001b[22m\n\u001b[2m    \u001b[31m\u001b[1m>\u001b[22m\u001b[2m\u001b[39m\u001b[90m 50 |\u001b[39m         \u001b[36mthrow\u001b[39m \u001b[36mnew\u001b[39m \u001b[33mError\u001b[39m(\u001b[22m\n\u001b[2m     \u001b[90m    |\u001b[39m               \u001b[31m\u001b[1m^\u001b[22m\u001b[2m\u001b[39m\u001b[22m\n\u001b[2m     \u001b[90m 51 |\u001b[39m           \u001b[32m`Lighthouse audit failed for ${storyName}. Check the report above for details.`\u001b[39m\u001b[22m\n\u001b[2m     \u001b[90m 52 |\u001b[39m         )\u001b[33m;\u001b[39m\u001b[22m\n\u001b[2m     \u001b[90m 53 |\u001b[39m       }\u001b[0m\u001b[22m\n\u001b[2m\u001b[22m\n\u001b[2m      \u001b[2mat postVisit (\u001b[22m\u001b[2m.storybook/test-runner.ts\u001b[2m:50:15)\u001b[22m\u001b[2m\u001b[22m\n\n\u001b[1m\u001b[31m  \u001b[1m● \u001b[22m\u001b[1mNative Framework Rendering/Dropdown/HTML › WithValue › play-test\u001b[39m\u001b[22m\n\n    Lighthouse audit failed for Native Framework Rendering/Dropdown/HTML. Check the report above for details.\n\u001b[2m\u001b[22m\n\u001b[2m    \u001b[0m \u001b[90m 48 |\u001b[39m       \u001b[90m// Fail the test if thresholds are not met\u001b[39m\u001b[22m\n\u001b[2m     \u001b[90m 49 |\u001b[39m       \u001b[36mif\u001b[39m (\u001b[33m!\u001b[39mpassed) {\u001b[22m\n\u001b[2m    \u001b[31m\u001b[1m>\u001b[22m\u001b[2m\u001b[39m\u001b[90m 50 |\u001b[39m         \u001b[36mthrow\u001b[39m \u001b[36mnew\u001b[39m \u001b[33mError\u001b[39m(\u001b[22m\n\u001b[2m     \u001b[90m    |\u001b[39m               \u001b[31m\u001b[1m^\u001b[22m\u001b[2m\u001b[39m\u001b[22m\n\u001b[2m     \u001b[90m 51 |\u001b[39m           \u001b[32m`Lighthouse audit failed for ${storyName}. Check the report above for details.`\u001b[39m\u001b[22m\n\u001b[2m     \u001b[90m 52 |\u001b[39m         )\u001b[33m;\u001b[39m\u001b[22m\n\u001b[2m     \u001b[90m 53 |\u001b[39m       }\u001b[0m\u001b[22m\n\u001b[2m\u001b[22m\n\u001b[2m      \u001b[2mat postVisit (\u001b[22m\u001b[2m.storybook/test-runner.ts\u001b[2m:50:15)\u001b[22m\u001b[2m\u001b[22m\n\n\u001b[1m\u001b[31m  \u001b[1m● \u001b[22m\u001b[1mNative Framework Rendering/Dropdown/HTML › WithPrefixIcon › play-test\u001b[39m\u001b[22m\n\n    Lighthouse audit failed for Native Framework Rendering/Dropdown/HTML. Check the report above for details.\n\u001b[2m\u001b[22m\n\u001b[2m    \u001b[0m \u001b[90m 48 |\u001b[39m       \u001b[90m// Fail the test if thresholds are not met\u001b[39m\u001b[22m\n\u001b[2m     \u001b[90m 49 |\u001b[39m       \u001b[36mif\u001b[39m (\u001b[33m!\u001b[39mpassed) {\u001b[22m\n\u001b[2m    \u001b[31m\u001b[1m>\u001b[22m\u001b[2m\u001b[39m\u001b[90m 50 |\u001b[39m         \u001b[36mthrow\u001b[39m \u001b[36mnew\u001b[39m \u001b[33mError\u001b[39m(\u001b[22m\n\u001b[2m     \u001b[90m    |\u001b[39m               \u001b[31m\u001b[1m^\u001b[22m\u001b[2m\u001b[39m\u001b[22m\n\u001b[2m     \u001b[90m 51 |\u001b[39m           \u001b[32m`Lighthouse audit failed for ${storyName}. Check the report above for details.`\u001b[39m\u001b[22m\n\u001b[2m     \u001b[90m 52 |\u001b[39m         )\u001b[33m;\u001b[39m\u001b[22m\n\u001b[2m     \u001b[90m 53 |\u001b[39m       }\u001b[0m\u001b[22m\n\u001b[2m\u001b[22m\n\u001b[2m      \u001b[2mat postVisit (\u001b[22m\u001b[2m.storybook/test-runner.ts\u001b[2m:50:15)\u001b[22m\u001b[2m\u001b[22m\n\n\u001b[1m\u001b[31m  \u001b[1m● \u001b[22m\u001b[1mNative Framework Rendering/Dropdown/HTML › Disabled › play-test\u001b[39m\u001b[22m\n\n    Lighthouse audit failed for Native Framework Rendering/Dropdown/HTML. Check the report above for details.\n\u001b[2m\u001b[22m\n\u001b[2m    \u001b[0m \u001b[90m 48 |\u001b[39m       \u001b[90m// Fail the test if thresholds are not met\u001b[39m\u001b[22m\n\u001b[2m     \u001b[90m 49 |\u001b[39m       \u001b[36mif\u001b[39m (\u001b[33m!\u001b[39mpassed) {\u001b[22m\n\u001b[2m    \u001b[31m\u001b[1m>\u001b[22m\u001b[2m\u001b[39m\u001b[90m 50 |\u001b[39m         \u001b[36mthrow\u001b[39m \u001b[36mnew\u001b[39m \u001b[33mError\u001b[39m(\u001b[22m\n\u001b[2m     \u001b[90m    |\u001b[39m               \u001b[31m\u001b[1m^\u001b[22m\u001b[2m\u001b[39m\u001b[22m\n\u001b[2m     \u001b[90m 51 |\u001b[39m           \u001b[32m`Lighthouse audit failed for ${storyName}. Check the report above for details.`\u001b[39m\u001b[22m\n\u001b[2m     \u001b[90m 52 |\u001b[39m         )\u001b[33m;\u001b[39m\u001b[22m\n\u001b[2m     \u001b[90m 53 |\u001b[39m       }\u001b[0m\u001b[22m\n\u001b[2m\u001b[22m\n\u001b[2m      \u001b[2mat postVisit (\u001b[22m\u001b[2m.storybook/test-runner.ts\u001b[2m:50:15)\u001b[22m\u001b[2m\u001b[22m\n\n\u001b[1m\u001b[31m  \u001b[1m● \u001b[22m\u001b[1mNative Framework Rendering/Dropdown/HTML › WithError › play-test\u001b[39m\u001b[22m\n\n    Lighthouse audit failed for Native Framework Rendering/Dropdown/HTML. Check the report above for details.\n\u001b[2m\u001b[22m\n\u001b[2m    \u001b[0m \u001b[90m 48 |\u001b[39m       \u001b[90m// Fail the test if thresholds are not met\u001b[39m\u001b[22m\n\u001b[2m     \u001b[90m 49 |\u001b[39m       \u001b[36mif\u001b[39m (\u001b[33m!\u001b[39mpassed) {\u001b[22m\n\u001b[2m    \u001b[31m\u001b[1m>\u001b[22m\u001b[2m\u001b[39m\u001b[90m 50 |\u001b[39m         \u001b[36mthrow\u001b[39m \u001b[36mnew\u001b[39m \u001b[33mError\u001b[39m(\u001b[22m\n\u001b[2m     \u001b[90m    |\u001b[39m               \u001b[31m\u001b[1m^\u001b[22m\u001b[2m\u001b[39m\u001b[22m\n\u001b[2m     \u001b[90m 51 |\u001b[39m           \u001b[32m`Lighthouse audit failed for ${storyName}. Check the report above for details.`\u001b[39m\u001b[22m\n\u001b[2m     \u001b[90m 52 |\u001b[39m         )\u001b[33m;\u001b[39m\u001b[22m\n\u001b[2m     \u001b[90m 53 |\u001b[39m       }\u001b[0m\u001b[22m\n\u001b[2m\u001b[22m\n\u001b[2m      \u001b[2mat postVisit (\u001b[22m\u001b[2m.storybook/test-runner.ts\u001b[2m:50:15)\u001b[22m\u001b[2m\u001b[22m\n\n\u001b[1m\u001b[31m  \u001b[1m● \u001b[22m\u001b[1mNative Framework Rendering/Dropdown/HTML › VanillaJavaScriptDemo › play-test\u001b[39m\u001b[22m\n\n    Lighthouse audit failed for Native Framework Rendering/Dropdown/HTML. Check the report above for details.\n\u001b[2m\u001b[22m\n\u001b[2m    \u001b[0m \u001b[90m 48 |\u001b[39m       \u001b[90m// Fail the test if thresholds are not met\u001b[39m\u001b[22m\n\u001b[2m     \u001b[90m 49 |\u001b[39m       \u001b[36mif\u001b[39m (\u001b[33m!\u001b[39mpassed) {\u001b[22m\n\u001b[2m    \u001b[31m\u001b[1m>\u001b[22m\u001b[2m\u001b[39m\u001b[90m 50 |\u001b[39m         \u001b[36mthrow\u001b[39m \u001b[36mnew\u001b[39m \u001b[33mError\u001b[39m(\u001b[22m\n\u001b[2m     \u001b[90m    |\u001b[39m               \u001b[31m\u001b[1m^\u001b[22m\u001b[2m\u001b[39m\u001b[22m\n\u001b[2m     \u001b[90m 51 |\u001b[39m           \u001b[32m`Lighthouse audit failed for ${storyName}. Check the report above for details.`\u001b[39m\u001b[22m\n\u001b[2m     \u001b[90m 52 |\u001b[39m         )\u001b[33m;\u001b[39m\u001b[22m\n\u001b[2m     \u001b[90m 53 |\u001b[39m       }\u001b[0m\u001b[22m\n\u001b[2m\u001b[22m\n\u001b[2m      \u001b[2mat postVisit (\u001b[22m\u001b[2m.storybook/test-runner.ts\u001b[2m:50:15)\u001b[22m\u001b[2m\u001b[22m\n\n\u001b[1m\u001b[31m  \u001b[1m● \u001b[22m\u001b[1mNative Framework Rendering/Dropdown/HTML › InteractiveValidation › play-test\u001b[39m\u001b[22m\n\n    Lighthouse audit failed for Native Framework Rendering/Dropdown/HTML. Check the report above for details.\n\u001b[2m\u001b[22m\n\u001b[2m    \u001b[0m \u001b[90m 48 |\u001b[39m       \u001b[90m// Fail the test if thresholds are not met\u001b[39m\u001b[22m\n\u001b[2m     \u001b[90m 49 |\u001b[39m       \u001b[36mif\u001b[39m (\u001b[33m!\u001b[39mpassed) {\u001b[22m\n\u001b[2m    \u001b[31m\u001b[1m>\u001b[22m\u001b[2m\u001b[39m\u001b[90m 50 |\u001b[39m         \u001b[36mthrow\u001b[39m \u001b[36mnew\u001b[39m \u001b[33mError\u001b[39m(\u001b[22m\n\u001b[2m     \u001b[90m    |\u001b[39m               \u001b[31m\u001b[1m^\u001b[22m\u001b[2m\u001b[39m\u001b[22m\n\u001b[2m     \u001b[90m 51 |\u001b[39m           \u001b[32m`Lighthouse audit failed for ${storyName}. Check the report above for details.`\u001b[39m\u001b[22m\n\u001b[2m     \u001b[90m 52 |\u001b[39m         )\u001b[33m;\u001b[39m\u001b[22m\n\u001b[2m     \u001b[90m 53 |\u001b[39m       }\u001b[0m\u001b[22m\n\u001b[2m\u001b[22m\n\u001b[2m      \u001b[2mat postVisit (\u001b[22m\u001b[2m.storybook/test-runner.ts\u001b[2m:50:15)\u001b[22m\u001b[2m\u001b[22m\n","name":"/home/guruprasad/Desktop/workspace/lit-components/stories/NativeFrameworkRendering/Dropdown.Html.stories.ts","startTime":1759511947143,"status":"failed","summary":""},{"assertionResults":[{"ancestorTitles":["Components/Input","Default"],"duration":236,"failureDetails":[{}],"failureMessages":["Error: Lighthouse audit failed for Components/Input. Check the report above for details.\n    at postVisit (/home/guruprasad/Desktop/workspace/lit-components/.storybook/test-runner.ts:50:15)"],"fullName":"Components/Input Default smoke-test","invocations":1,"location":null,"numPassingAsserts":0,"retryReasons":[],"status":"failed","title":"smoke-test"},{"ancestorTitles":["Components/Input","WithValue"],"duration":67,"failureDetails":[{}],"failureMessages":["Error: Lighthouse audit failed for Components/Input. Check the report above for details.\n    at postVisit (/home/guruprasad/Desktop/workspace/lit-components/.storybook/test-runner.ts:50:15)"],"fullName":"Components/Input WithValue smoke-test","invocations":1,"location":null,"numPassingAsserts":0,"retryReasons":[],"status":"failed","title":"smoke-test"},{"ancestorTitles":["Components/Input","WithHelperText"],"duration":76,"failureDetails":[{}],"failureMessages":["Error: Lighthouse audit failed for Components/Input. Check the report above for details.\n    at postVisit (/home/guruprasad/Desktop/workspace/lit-components/.storybook/test-runner.ts:50:15)"],"fullName":"Components/Input WithHelperText smoke-test","invocations":1,"location":null,"numPassingAsserts":0,"retryReasons":[],"status":"failed","title":"smoke-test"},{"ancestorTitles":["Components/Input","WithError"],"duration":84,"failureDetails":[{}],"failureMessages":["Error: Lighthouse audit failed for Components/Input. Check the report above for details.\n    at postVisit (/home/guruprasad/Desktop/workspace/lit-components/.storybook/test-runner.ts:50:15)"],"fullName":"Components/Input WithError smoke-test","invocations":1,"location":null,"numPassingAsserts":0,"retryReasons":[],"status":"failed","title":"smoke-test"},{"ancestorTitles":["Components/Input","Disabled"],"duration":94,"failureDetails":[{}],"failureMessages":["Error: Lighthouse audit failed for Components/Input. Check the report above for details.\n    at postVisit (/home/guruprasad/Desktop/workspace/lit-components/.storybook/test-runner.ts:50:15)"],"fullName":"Components/Input Disabled smoke-test","invocations":1,"location":null,"numPassingAsserts":0,"retryReasons":[],"status":"failed","title":"smoke-test"},{"ancestorTitles":["Components/Input","Required"],"duration":94,"failureDetails":[{}],"failureMessages":["Error: Lighthouse audit failed for Components/Input. Check the report above for details.\n    at postVisit (/home/guruprasad/Desktop/workspace/lit-components/.storybook/test-runner.ts:50:15)"],"fullName":"Components/Input Required smoke-test","invocations":1,"location":null,"numPassingAsserts":0,"retryReasons":[],"status":"failed","title":"smoke-test"},{"ancestorTitles":["Components/Input","WithPrefixIcon"],"duration":92,"failureDetails":[{}],"failureMessages":["Error: Lighthouse audit failed for Components/Input. Check the report above for details.\n    at postVisit (/home/guruprasad/Desktop/workspace/lit-components/.storybook/test-runner.ts:50:15)"],"fullName":"Components/Input WithPrefixIcon smoke-test","invocations":1,"location":null,"numPassingAsserts":0,"retryReasons":[],"status":"failed","title":"smoke-test"},{"ancestorTitles":["Components/Input","WithSuffixButton"],"duration":70,"failureDetails":[{}],"failureMessages":["Error: Lighthouse audit failed for Components/Input. Check the report above for details.\n    at postVisit (/home/guruprasad/Desktop/workspace/lit-components/.storybook/test-runner.ts:50:15)"],"fullName":"Components/Input WithSuffixButton smoke-test","invocations":1,"location":null,"numPassingAsserts":0,"retryReasons":[],"status":"failed","title":"smoke-test"},{"ancestorTitles":["Components/Input","NumberInput"],"duration":104,"failureDetails":[{}],"failureMessages":["Error: Lighthouse audit failed for Components/Input. Check the report above for details.\n    at postVisit (/home/guruprasad/Desktop/workspace/lit-components/.storybook/test-runner.ts:50:15)"],"fullName":"Components/Input NumberInput smoke-test","invocations":1,"location":null,"numPassingAsserts":0,"retryReasons":[],"status":"failed","title":"smoke-test"},{"ancestorTitles":["Components/Input","TelephoneInput"],"duration":123,"failureDetails":[{}],"failureMessages":["Error: Lighthouse audit failed for Components/Input. Check the report above for details.\n    at postVisit (/home/guruprasad/Desktop/workspace/lit-components/.storybook/test-runner.ts:50:15)"],"fullName":"Components/Input TelephoneInput smoke-test","invocations":1,"location":null,"numPassingAsserts":0,"retryReasons":[],"status":"failed","title":"smoke-test"}],"endTime":1759511951436,"message":"\u001b[1m\u001b[31m  \u001b[1m● \u001b[22m\u001b[1mComponents/Input › Default › smoke-test\u001b[39m\u001b[22m\n\n    Lighthouse audit failed for Components/Input. Check the report above for details.\n\u001b[2m\u001b[22m\n\u001b[2m    \u001b[0m \u001b[90m 48 |\u001b[39m       \u001b[90m// Fail the test if thresholds are not met\u001b[39m\u001b[22m\n\u001b[2m     \u001b[90m 49 |\u001b[39m       \u001b[36mif\u001b[39m (\u001b[33m!\u001b[39mpassed) {\u001b[22m\n\u001b[2m    \u001b[31m\u001b[1m>\u001b[22m\u001b[2m\u001b[39m\u001b[90m 50 |\u001b[39m         \u001b[36mthrow\u001b[39m \u001b[36mnew\u001b[39m \u001b[33mError\u001b[39m(\u001b[22m\n\u001b[2m     \u001b[90m    |\u001b[39m               \u001b[31m\u001b[1m^\u001b[22m\u001b[2m\u001b[39m\u001b[22m\n\u001b[2m     \u001b[90m 51 |\u001b[39m           \u001b[32m`Lighthouse audit failed for ${storyName}. Check the report above for details.`\u001b[39m\u001b[22m\n\u001b[2m     \u001b[90m 52 |\u001b[39m         )\u001b[33m;\u001b[39m\u001b[22m\n\u001b[2m     \u001b[90m 53 |\u001b[39m       }\u001b[0m\u001b[22m\n\u001b[2m\u001b[22m\n\u001b[2m      \u001b[2mat postVisit (\u001b[22m\u001b[2m.storybook/test-runner.ts\u001b[2m:50:15)\u001b[22m\u001b[2m\u001b[22m\n\n\u001b[1m\u001b[31m  \u001b[1m● \u001b[22m\u001b[1mComponents/Input › WithValue › smoke-test\u001b[39m\u001b[22m\n\n    Lighthouse audit failed for Components/Input. Check the report above for details.\n\u001b[2m\u001b[22m\n\u001b[2m    \u001b[0m \u001b[90m 48 |\u001b[39m       \u001b[90m// Fail the test if thresholds are not met\u001b[39m\u001b[22m\n\u001b[2m     \u001b[90m 49 |\u001b[39m       \u001b[36mif\u001b[39m (\u001b[33m!\u001b[39mpassed) {\u001b[22m\n\u001b[2m    \u001b[31m\u001b[1m>\u001b[22m\u001b[2m\u001b[39m\u001b[90m 50 |\u001b[39m         \u001b[36mthrow\u001b[39m \u001b[36mnew\u001b[39m \u001b[33mError\u001b[39m(\u001b[22m\n\u001b[2m     \u001b[90m    |\u001b[39m               \u001b[31m\u001b[1m^\u001b[22m\u001b[2m\u001b[39m\u001b[22m\n\u001b[2m     \u001b[90m 51 |\u001b[39m           \u001b[32m`Lighthouse audit failed for ${storyName}. Check the report above for details.`\u001b[39m\u001b[22m\n\u001b[2m     \u001b[90m 52 |\u001b[39m         )\u001b[33m;\u001b[39m\u001b[22m\n\u001b[2m     \u001b[90m 53 |\u001b[39m       }\u001b[0m\u001b[22m\n\u001b[2m\u001b[22m\n\u001b[2m      \u001b[2mat postVisit (\u001b[22m\u001b[2m.storybook/test-runner.ts\u001b[2m:50:15)\u001b[22m\u001b[2m\u001b[22m\n\n\u001b[1m\u001b[31m  \u001b[1m● \u001b[22m\u001b[1mComponents/Input › WithHelperText › smoke-test\u001b[39m\u001b[22m\n\n    Lighthouse audit failed for Components/Input. Check the report above for details.\n\u001b[2m\u001b[22m\n\u001b[2m    \u001b[0m \u001b[90m 48 |\u001b[39m       \u001b[90m// Fail the test if thresholds are not met\u001b[39m\u001b[22m\n\u001b[2m     \u001b[90m 49 |\u001b[39m       \u001b[36mif\u001b[39m (\u001b[33m!\u001b[39mpassed) {\u001b[22m\n\u001b[2m    \u001b[31m\u001b[1m>\u001b[22m\u001b[2m\u001b[39m\u001b[90m 50 |\u001b[39m         \u001b[36mthrow\u001b[39m \u001b[36mnew\u001b[39m \u001b[33mError\u001b[39m(\u001b[22m\n\u001b[2m     \u001b[90m    |\u001b[39m               \u001b[31m\u001b[1m^\u001b[22m\u001b[2m\u001b[39m\u001b[22m\n\u001b[2m     \u001b[90m 51 |\u001b[39m           \u001b[32m`Lighthouse audit failed for ${storyName}. Check the report above for details.`\u001b[39m\u001b[22m\n\u001b[2m     \u001b[90m 52 |\u001b[39m         )\u001b[33m;\u001b[39m\u001b[22m\n\u001b[2m     \u001b[90m 53 |\u001b[39m       }\u001b[0m\u001b[22m\n\u001b[2m\u001b[22m\n\u001b[2m      \u001b[2mat postVisit (\u001b[22m\u001b[2m.storybook/test-runner.ts\u001b[2m:50:15)\u001b[22m\u001b[2m\u001b[22m\n\n\u001b[1m\u001b[31m  \u001b[1m● \u001b[22m\u001b[1mComponents/Input › WithError › smoke-test\u001b[39m\u001b[22m\n\n    Lighthouse audit failed for Components/Input. Check the report above for details.\n\u001b[2m\u001b[22m\n\u001b[2m    \u001b[0m \u001b[90m 48 |\u001b[39m       \u001b[90m// Fail the test if thresholds are not met\u001b[39m\u001b[22m\n\u001b[2m     \u001b[90m 49 |\u001b[39m       \u001b[36mif\u001b[39m (\u001b[33m!\u001b[39mpassed) {\u001b[22m\n\u001b[2m    \u001b[31m\u001b[1m>\u001b[22m\u001b[2m\u001b[39m\u001b[90m 50 |\u001b[39m         \u001b[36mthrow\u001b[39m \u001b[36mnew\u001b[39m \u001b[33mError\u001b[39m(\u001b[22m\n\u001b[2m     \u001b[90m    |\u001b[39m               \u001b[31m\u001b[1m^\u001b[22m\u001b[2m\u001b[39m\u001b[22m\n\u001b[2m     \u001b[90m 51 |\u001b[39m           \u001b[32m`Lighthouse audit failed for ${storyName}. Check the report above for details.`\u001b[39m\u001b[22m\n\u001b[2m     \u001b[90m 52 |\u001b[39m         )\u001b[33m;\u001b[39m\u001b[22m\n\u001b[2m     \u001b[90m 53 |\u001b[39m       }\u001b[0m\u001b[22m\n\u001b[2m\u001b[22m\n\u001b[2m      \u001b[2mat postVisit (\u001b[22m\u001b[2m.storybook/test-runner.ts\u001b[2m:50:15)\u001b[22m\u001b[2m\u001b[22m\n\n\u001b[1m\u001b[31m  \u001b[1m● \u001b[22m\u001b[1mComponents/Input › Disabled › smoke-test\u001b[39m\u001b[22m\n\n    Lighthouse audit failed for Components/Input. Check the report above for details.\n\u001b[2m\u001b[22m\n\u001b[2m    \u001b[0m \u001b[90m 48 |\u001b[39m       \u001b[90m// Fail the test if thresholds are not met\u001b[39m\u001b[22m\n\u001b[2m     \u001b[90m 49 |\u001b[39m       \u001b[36mif\u001b[39m (\u001b[33m!\u001b[39mpassed) {\u001b[22m\n\u001b[2m    \u001b[31m\u001b[1m>\u001b[22m\u001b[2m\u001b[39m\u001b[90m 50 |\u001b[39m         \u001b[36mthrow\u001b[39m \u001b[36mnew\u001b[39m \u001b[33mError\u001b[39m(\u001b[22m\n\u001b[2m     \u001b[90m    |\u001b[39m               \u001b[31m\u001b[1m^\u001b[22m\u001b[2m\u001b[39m\u001b[22m\n\u001b[2m     \u001b[90m 51 |\u001b[39m           \u001b[32m`Lighthouse audit failed for ${storyName}. Check the report above for details.`\u001b[39m\u001b[22m\n\u001b[2m     \u001b[90m 52 |\u001b[39m         )\u001b[33m;\u001b[39m\u001b[22m\n\u001b[2m     \u001b[90m 53 |\u001b[39m       }\u001b[0m\u001b[22m\n\u001b[2m\u001b[22m\n\u001b[2m      \u001b[2mat postVisit (\u001b[22m\u001b[2m.storybook/test-runner.ts\u001b[2m:50:15)\u001b[22m\u001b[2m\u001b[22m\n\n\u001b[1m\u001b[31m  \u001b[1m● \u001b[22m\u001b[1mComponents/Input › Required › smoke-test\u001b[39m\u001b[22m\n\n    Lighthouse audit failed for Components/Input. Check the report above for details.\n\u001b[2m\u001b[22m\n\u001b[2m    \u001b[0m \u001b[90m 48 |\u001b[39m       \u001b[90m// Fail the test if thresholds are not met\u001b[39m\u001b[22m\n\u001b[2m     \u001b[90m 49 |\u001b[39m       \u001b[36mif\u001b[39m (\u001b[33m!\u001b[39mpassed) {\u001b[22m\n\u001b[2m    \u001b[31m\u001b[1m>\u001b[22m\u001b[2m\u001b[39m\u001b[90m 50 |\u001b[39m         \u001b[36mthrow\u001b[39m \u001b[36mnew\u001b[39m \u001b[33mError\u001b[39m(\u001b[22m\n\u001b[2m     \u001b[90m    |\u001b[39m               \u001b[31m\u001b[1m^\u001b[22m\u001b[2m\u001b[39m\u001b[22m\n\u001b[2m     \u001b[90m 51 |\u001b[39m           \u001b[32m`Lighthouse audit failed for ${storyName}. Check the report above for details.`\u001b[39m\u001b[22m\n\u001b[2m     \u001b[90m 52 |\u001b[39m         )\u001b[33m;\u001b[39m\u001b[22m\n\u001b[2m     \u001b[90m 53 |\u001b[39m       }\u001b[0m\u001b[22m\n\u001b[2m\u001b[22m\n\u001b[2m      \u001b[2mat postVisit (\u001b[22m\u001b[2m.storybook/test-runner.ts\u001b[2m:50:15)\u001b[22m\u001b[2m\u001b[22m\n\n\u001b[1m\u001b[31m  \u001b[1m● \u001b[22m\u001b[1mComponents/Input › WithPrefixIcon › smoke-test\u001b[39m\u001b[22m\n\n    Lighthouse audit failed for Components/Input. Check the report above for details.\n\u001b[2m\u001b[22m\n\u001b[2m    \u001b[0m \u001b[90m 48 |\u001b[39m       \u001b[90m// Fail the test if thresholds are not met\u001b[39m\u001b[22m\n\u001b[2m     \u001b[90m 49 |\u001b[39m       \u001b[36mif\u001b[39m (\u001b[33m!\u001b[39mpassed) {\u001b[22m\n\u001b[2m    \u001b[31m\u001b[1m>\u001b[22m\u001b[2m\u001b[39m\u001b[90m 50 |\u001b[39m         \u001b[36mthrow\u001b[39m \u001b[36mnew\u001b[39m \u001b[33mError\u001b[39m(\u001b[22m\n\u001b[2m     \u001b[90m    |\u001b[39m               \u001b[31m\u001b[1m^\u001b[22m\u001b[2m\u001b[39m\u001b[22m\n\u001b[2m     \u001b[90m 51 |\u001b[39m           \u001b[32m`Lighthouse audit failed for ${storyName}. Check the report above for details.`\u001b[39m\u001b[22m\n\u001b[2m     \u001b[90m 52 |\u001b[39m         )\u001b[33m;\u001b[39m\u001b[22m\n\u001b[2m     \u001b[90m 53 |\u001b[39m       }\u001b[0m\u001b[22m\n\u001b[2m\u001b[22m\n\u001b[2m      \u001b[2mat postVisit (\u001b[22m\u001b[2m.storybook/test-runner.ts\u001b[2m:50:15)\u001b[22m\u001b[2m\u001b[22m\n\n\u001b[1m\u001b[31m  \u001b[1m● \u001b[22m\u001b[1mComponents/Input › WithSuffixButton › smoke-test\u001b[39m\u001b[22m\n\n    Lighthouse audit failed for Components/Input. Check the report above for details.\n\u001b[2m\u001b[22m\n\u001b[2m    \u001b[0m \u001b[90m 48 |\u001b[39m       \u001b[90m// Fail the test if thresholds are not met\u001b[39m\u001b[22m\n\u001b[2m     \u001b[90m 49 |\u001b[39m       \u001b[36mif\u001b[39m (\u001b[33m!\u001b[39mpassed) {\u001b[22m\n\u001b[2m    \u001b[31m\u001b[1m>\u001b[22m\u001b[2m\u001b[39m\u001b[90m 50 |\u001b[39m         \u001b[36mthrow\u001b[39m \u001b[36mnew\u001b[39m \u001b[33mError\u001b[39m(\u001b[22m\n\u001b[2m     \u001b[90m    |\u001b[39m               \u001b[31m\u001b[1m^\u001b[22m\u001b[2m\u001b[39m\u001b[22m\n\u001b[2m     \u001b[90m 51 |\u001b[39m           \u001b[32m`Lighthouse audit failed for ${storyName}. Check the report above for details.`\u001b[39m\u001b[22m\n\u001b[2m     \u001b[90m 52 |\u001b[39m         )\u001b[33m;\u001b[39m\u001b[22m\n\u001b[2m     \u001b[90m 53 |\u001b[39m       }\u001b[0m\u001b[22m\n\u001b[2m\u001b[22m\n\u001b[2m      \u001b[2mat postVisit (\u001b[22m\u001b[2m.storybook/test-runner.ts\u001b[2m:50:15)\u001b[22m\u001b[2m\u001b[22m\n\n\u001b[1m\u001b[31m  \u001b[1m● \u001b[22m\u001b[1mComponents/Input › NumberInput › smoke-test\u001b[39m\u001b[22m\n\n    Lighthouse audit failed for Components/Input. Check the report above for details.\n\u001b[2m\u001b[22m\n\u001b[2m    \u001b[0m \u001b[90m 48 |\u001b[39m       \u001b[90m// Fail the test if thresholds are not met\u001b[39m\u001b[22m\n\u001b[2m     \u001b[90m 49 |\u001b[39m       \u001b[36mif\u001b[39m (\u001b[33m!\u001b[39mpassed) {\u001b[22m\n\u001b[2m    \u001b[31m\u001b[1m>\u001b[22m\u001b[2m\u001b[39m\u001b[90m 50 |\u001b[39m         \u001b[36mthrow\u001b[39m \u001b[36mnew\u001b[39m \u001b[33mError\u001b[39m(\u001b[22m\n\u001b[2m     \u001b[90m    |\u001b[39m               \u001b[31m\u001b[1m^\u001b[22m\u001b[2m\u001b[39m\u001b[22m\n\u001b[2m     \u001b[90m 51 |\u001b[39m           \u001b[32m`Lighthouse audit failed for ${storyName}. Check the report above for details.`\u001b[39m\u001b[22m\n\u001b[2m     \u001b[90m 52 |\u001b[39m         )\u001b[33m;\u001b[39m\u001b[22m\n\u001b[2m     \u001b[90m 53 |\u001b[39m       }\u001b[0m\u001b[22m\n\u001b[2m\u001b[22m\n\u001b[2m      \u001b[2mat postVisit (\u001b[22m\u001b[2m.storybook/test-runner.ts\u001b[2m:50:15)\u001b[22m\u001b[2m\u001b[22m\n\n\u001b[1m\u001b[31m  \u001b[1m● \u001b[22m\u001b[1mComponents/Input › TelephoneInput › smoke-test\u001b[39m\u001b[22m\n\n    Lighthouse audit failed for Components/Input. Check the report above for details.\n\u001b[2m\u001b[22m\n\u001b[2m    \u001b[0m \u001b[90m 48 |\u001b[39m       \u001b[90m// Fail the test if thresholds are not met\u001b[39m\u001b[22m\n\u001b[2m     \u001b[90m 49 |\u001b[39m       \u001b[36mif\u001b[39m (\u001b[33m!\u001b[39mpassed) {\u001b[22m\n\u001b[2m    \u001b[31m\u001b[1m>\u001b[22m\u001b[2m\u001b[39m\u001b[90m 50 |\u001b[39m         \u001b[36mthrow\u001b[39m \u001b[36mnew\u001b[39m \u001b[33mError\u001b[39m(\u001b[22m\n\u001b[2m     \u001b[90m    |\u001b[39m               \u001b[31m\u001b[1m^\u001b[22m\u001b[2m\u001b[39m\u001b[22m\n\u001b[2m     \u001b[90m 51 |\u001b[39m           \u001b[32m`Lighthouse audit failed for ${storyName}. Check the report above for details.`\u001b[39m\u001b[22m\n\u001b[2m     \u001b[90m 52 |\u001b[39m         )\u001b[33m;\u001b[39m\u001b[22m\n\u001b[2m     \u001b[90m 53 |\u001b[39m       }\u001b[0m\u001b[22m\n\u001b[2m\u001b[22m\n\u001b[2m      \u001b[2mat postVisit (\u001b[22m\u001b[2m.storybook/test-runner.ts\u001b[2m:50:15)\u001b[22m\u001b[2m\u001b[22m\n","name":"/home/guruprasad/Desktop/workspace/lit-components/stories/Input.stories.ts","startTime":1759511947089,"status":"failed","summary":""},{"assertionResults":[{"ancestorTitles":["Native Framework Rendering/Dropdown/Vue 3","Default"],"duration":300,"failureDetails":[{}],"failureMessages":["Error: Lighthouse audit failed for Native Framework Rendering/Dropdown/Vue 3. Check the report above for details.\n    at postVisit (/home/guruprasad/Desktop/workspace/lit-components/.storybook/test-runner.ts:50:15)"],"fullName":"Native Framework Rendering/Dropdown/Vue 3 Default play-test","invocations":1,"location":null,"numPassingAsserts":0,"retryReasons":[],"status":"failed","title":"play-test"},{"ancestorTitles":["Native Framework Rendering/Dropdown/Vue 3","WithValue"],"duration":135,"failureDetails":[{}],"failureMessages":["Error: Lighthouse audit failed for Native Framework Rendering/Dropdown/Vue 3. Check the report above for details.\n    at postVisit (/home/guruprasad/Desktop/workspace/lit-components/.storybook/test-runner.ts:50:15)"],"fullName":"Native Framework Rendering/Dropdown/Vue 3 WithValue play-test","invocations":1,"location":null,"numPassingAsserts":0,"retryReasons":[],"status":"failed","title":"play-test"},{"ancestorTitles":["Native Framework Rendering/Dropdown/Vue 3","WithPrefixIcon"],"duration":99,"failureDetails":[{}],"failureMessages":["Error: Lighthouse audit failed for Native Framework Rendering/Dropdown/Vue 3. Check the report above for details.\n    at postVisit (/home/guruprasad/Desktop/workspace/lit-components/.storybook/test-runner.ts:50:15)"],"fullName":"Native Framework Rendering/Dropdown/Vue 3 WithPrefixIcon play-test","invocations":1,"location":null,"numPassingAsserts":0,"retryReasons":[],"status":"failed","title":"play-test"},{"ancestorTitles":["Native Framework Rendering/Dropdown/Vue 3","Disabled"],"duration":104,"failureDetails":[{}],"failureMessages":["Error: Lighthouse audit failed for Native Framework Rendering/Dropdown/Vue 3. Check the report above for details.\n    at postVisit (/home/guruprasad/Desktop/workspace/lit-components/.storybook/test-runner.ts:50:15)"],"fullName":"Native Framework Rendering/Dropdown/Vue 3 Disabled play-test","invocations":1,"location":null,"numPassingAsserts":0,"retryReasons":[],"status":"failed","title":"play-test"},{"ancestorTitles":["Native Framework Rendering/Dropdown/Vue 3","WithError"],"duration":64,"failureDetails":[{}],"failureMessages":["Error: Lighthouse audit failed for Native Framework Rendering/Dropdown/Vue 3. Check the report above for details.\n    at postVisit (/home/guruprasad/Desktop/workspace/lit-components/.storybook/test-runner.ts:50:15)"],"fullName":"Native Framework Rendering/Dropdown/Vue 3 WithError play-test","invocations":1,"location":null,"numPassingAsserts":0,"retryReasons":[],"status":"failed","title":"play-test"},{"ancestorTitles":["Native Framework Rendering/Dropdown/Vue 3","VueCompositionAPIDemo"],"duration":101,"failureDetails":[{}],"failureMessages":["Error: Lighthouse audit failed for Native Framework Rendering/Dropdown/Vue 3. Check the report above for details.\n    at postVisit (/home/guruprasad/Desktop/workspace/lit-components/.storybook/test-runner.ts:50:15)"],"fullName":"Native Framework Rendering/Dropdown/Vue 3 VueCompositionAPIDemo play-test","invocations":1,"location":null,"numPassingAsserts":0,"retryReasons":[],"status":"failed","title":"play-test"},{"ancestorTitles":["Native Framework Rendering/Dropdown/Vue
[...]
\u001b[22m\u001b[2m.storybook/test-runner.ts\u001b[2m:50:15)\u001b[22m\u001b[2m\u001b[22m\n\n\u001b[1m\u001b[31m  \u001b[1m● \u001b[22m\u001b[1mNative Framework Rendering/Dropdown/Angular › ComponentDemo › play-test\u001b[39m\u001b[22m\n\n    Lighthouse audit failed for Native Framework Rendering/Dropdown/Angular. Check the report above for details.\n\u001b[2m\u001b[22m\n\u001b[2m    \u001b[0m \u001b[90m 48 |\u001b[39m       \u001b[90m// Fail the test if thresholds are not met\u001b[39m\u001b[22m\n\u001b[2m     \u001b[90m 49 |\u001b[39m       \u001b[36mif\u001b[39m (\u001b[33m!\u001b[39mpassed) {\u001b[22m\n\u001b[2m    \u001b[31m\u001b[1m>\u001b[22m\u001b[2m\u001b[39m\u001b[90m 50 |\u001b[39m         \u001b[36mthrow\u001b[39m \u001b[36mnew\u001b[39m \u001b[33mError\u001b[39m(\u001b[22m\n\u001b[2m     \u001b[90m    |\u001b[39m               \u001b[31m\u001b[1m^\u001b[22m\u001b[2m\u001b[39m\u001b[22m\n\u001b[2m     \u001b[90m 51 |\u001b[39m           \u001b[32m`Lighthouse audit failed for ${storyName}. Check the report above for details.`\u001b[39m\u001b[22m\n\u001b[2m     \u001b[90m 52 |\u001b[39m         )\u001b[33m;\u001b[39m\u001b[22m\n\u001b[2m     \u001b[90m 53 |\u001b[39m       }\u001b[0m\u001b[22m\n\u001b[2m\u001b[22m\n\u001b[2m      \u001b[2mat postVisit (\u001b[22m\u001b[2m.storybook/test-runner.ts\u001b[2m:50:15)\u001b[22m\u001b[2m\u001b[22m\n\n\u001b[1m\u001b[31m  \u001b[1m● \u001b[22m\u001b[1mNative Framework Rendering/Dropdown/Angular › AngularAttributeBinding › play-test\u001b[39m\u001b[22m\n\n    Lighthouse audit failed for Native Framework Rendering/Dropdown/Angular. Check the report above for details.\n\u001b[2m\u001b[22m\n\u001b[2m    \u001b[0m \u001b[90m 48 |\u001b[39m       \u001b[90m// Fail the test if thresholds are not met\u001b[39m\u001b[22m\n\u001b[2m     \u001b[90m 49 |\u001b[39m       \u001b[36mif\u001b[39m (\u001b[33m!\u001b[39mpassed) {\u001b[22m\n\u001b[2m    \u001b[31m\u001b[1m>\u001b[22m\u001b[2m\u001b[39m\u001b[90m 50 |\u001b[39m         \u001b[36mthrow\u001b[39m \u001b[36mnew\u001b[39m \u001b[33mError\u001b[39m(\u001b[22m\n\u001b[2m     \u001b[90m    |\u001b[39m               \u001b[31m\u001b[1m^\u001b[22m\u001b[2m\u001b[39m\u001b[22m\n\u001b[2m     \u001b[90m 51 |\u001b[39m           \u001b[32m`Lighthouse audit failed for ${storyName}. Check the report above for details.`\u001b[39m\u001b[22m\n\u001b[2m     \u001b[90m 52 |\u001b[39m         )\u001b[33m;\u001b[39m\u001b[22m\n\u001b[2m     \u001b[90m 53 |\u001b[39m       }\u001b[0m\u001b[22m\n\u001b[2m\u001b[22m\n\u001b[2m      \u001b[2mat postVisit (\u001b[22m\u001b[2m.storybook/test-runner.ts\u001b[2m:50:15)\u001b[22m\u001b[2m\u001b[22m\n","name":"/home/guruprasad/Desktop/workspace/lit-components/stories/NativeFrameworkRendering/Dropdown.Angular.stories.ts","startTime":1759511947155,"status":"failed","summary":""},{"assertionResults":[{"ancestorTitles":["Components/Button","Default"],"duration":251,"failureDetails":[{}],"failureMessages":["Error: Lighthouse audit failed for Components/Button. Check the report above for details.\n    at postVisit (/home/guruprasad/Desktop/workspace/lit-components/.storybook/test-runner.ts:50:15)"],"fullName":"Components/Button Default smoke-test","invocations":1,"location":null,"numPassingAsserts":0,"retryReasons":[],"status":"failed","title":"smoke-test"},{"ancestorTitles":["Components/Button","Primary"],"duration":104,"failureDetails":[{}],"failureMessages":["Error: Lighthouse audit failed for Components/Button. Check the report above for details.\n    at postVisit (/home/guruprasad/Desktop/workspace/lit-components/.storybook/test-runner.ts:50:15)"],"fullName":"Components/Button Primary play-test","invocations":1,"location":null,"numPassingAsserts":0,"retryReasons":[],"status":"failed","title":"play-test"},{"ancestorTitles":["Components/Button","Secondary"],"duration":123,"failureDetails":[{}],"failureMessages":["Error: Lighthouse audit failed for Components/Button. Check the report above for details.\n    at postVisit (/home/guruprasad/Desktop/workspace/lit-components/.storybook/test-runner.ts:50:15)"],"fullName":"Components/Button Secondary smoke-test","invocations":1,"location":null,"numPassingAsserts":0,"retryReasons":[],"status":"failed","title":"smoke-test"},{"ancestorTitles":["Components/Button","Ghost"],"duration":88,"failureDetails":[{}],"failureMessages":["Error: Lighthouse audit failed for Components/Button. Check the report above for details.\n    at postVisit (/home/guruprasad/Desktop/workspace/lit-components/.storybook/test-runner.ts:50:15)"],"fullName":"Components/Button Ghost smoke-test","invocations":1,"location":null,"numPassingAsserts":0,"retryReasons":[],"status":"failed","title":"smoke-test"},{"ancestorTitles":["Components/Button","Small"],"duration":92,"failureDetails":[{}],"failureMessages":["Error: Lighthouse audit failed for Components/Button. Check the report above for details.\n    at postVisit (/home/guruprasad/Desktop/workspace/lit-components/.storybook/test-runner.ts:50:15)"],"fullName":"Components/Button Small smoke-test","invocations":1,"location":null,"numPassingAsserts":0,"retryReasons":[],"status":"failed","title":"smoke-test"},{"ancestorTitles":["Components/Button","Large"],"duration":73,"failureDetails":[{}],"failureMessages":["Error: Lighthouse audit failed for Components/Button. Check the report above for details.\n    at postVisit (/home/guruprasad/Desktop/workspace/lit-components/.storybook/test-runner.ts:50:15)"],"fullName":"Components/Button Large smoke-test","invocations":1,"location":null,"numPassingAsserts":0,"retryReasons":[],"status":"failed","title":"smoke-test"},{"ancestorTitles":["Components/Button","Disabled"],"duration":100,"failureDetails":[{}],"failureMessages":["Error: Lighthouse audit failed for Components/Button. Check the report above for details.\n    at postVisit (/home/guruprasad/Desktop/workspace/lit-components/.storybook/test-runner.ts:50:15)"],"fullName":"Components/Button Disabled smoke-test","invocations":1,"location":null,"numPassingAsserts":0,"retryReasons":[],"status":"failed","title":"smoke-test"},{"ancestorTitles":["Components/Button","Loading"],"duration":122,"failureDetails":[{}],"failureMessages":["Error: Lighthouse audit failed for Components/Button. Check the report above for details.\n    at postVisit (/home/guruprasad/Desktop/workspace/lit-components/.storybook/test-runner.ts:50:15)"],"fullName":"Components/Button Loading smoke-test","invocations":1,"location":null,"numPassingAsserts":0,"retryReasons":[],"status":"failed","title":"smoke-test"},{"ancestorTitles":["Components/Button","WithPrefixIcon"],"duration":56,"failureDetails":[{}],"failureMessages":["Error: Lighthouse audit failed for Components/Button. Check the report above for details.\n    at postVisit (/home/guruprasad/Desktop/workspace/lit-components/.storybook/test-runner.ts:50:15)"],"fullName":"Components/Button WithPrefixIcon smoke-test","invocations":1,"location":null,"numPassingAsserts":0,"retryReasons":[],"status":"failed","title":"smoke-test"},{"ancestorTitles":["Components/Button","WithSuffixIcon"],"duration":241,"failureDetails":[{}],"failureMessages":["Error: Lighthouse audit failed for Components/Button. Check the report above for details.\n    at postVisit (/home/guruprasad/Desktop/workspace/lit-components/.storybook/test-runner.ts:50:15)"],"fullName":"Components/Button WithSuffixIcon smoke-test","invocations":1,"location":null,"numPassingAsserts":0,"retryReasons":[],"status":"failed","title":"smoke-test"}],"endTime":1759511951725,"message":"\u001b[1m\u001b[31m  \u001b[1m● \u001b[22m\u001b[1mComponents/Button › Default › smoke-test\u001b[39m\u001b[22m\n\n    Lighthouse audit failed for Components/Button. Check the report above for details.\n\u001b[2m\u001b[22m\n\u001b[2m    \u001b[0m \u001b[90m 48 |\u001b[39m       \u001b[90m// Fail the test if thresholds are not met\u001b[39m\u001b[22m\n\u001b[2m     \u001b[90m 49 |\u001b[39m       \u001b[36mif\u001b[39m (\u001b[33m!\u001b[39mpassed) {\u001b[22m\n\u001b[2m    \u001b[31m\u001b[1m>\u001b[22m\u001b[2m\u001b[39m\u001b[90m 50 |\u001b[39m         \u001b[36mthrow\u001b[39m \u001b[36mnew\u001b[39m \u001b[33mError\u001b[39m(\u001b[22m\n\u001b[2m     \u001b[90m    |\u001b[39m               \u001b[31m\u001b[1m^\u001b[22m\u001b[2m\u001b[39m\u001b[22m\n\u001b[2m     \u001b[90m 51 |\u001b[39m           \u001b[32m`Lighthouse audit failed for ${storyName}. Check the report above for details.`\u001b[39m\u001b[22m\n\u001b[2m     \u001b[90m 52 |\u001b[39m         )\u001b[33m;\u001b[39m\u001b[22m\n\u001b[2m     \u001b[90m 53 |\u001b[39m       }\u001b[0m\u001b[22m\n\u001b[2m\u001b[22m\n\u001b[2m      \u001b[2mat postVisit (\u001b[22m\u001b[2m.storybook/test-runner.ts\u001b[2m:50:15)\u001b[22m\u001b[2m\u001b[22m\n\n\u001b[1m\u001b[31m  \u001b[1m● \u001b[22m\u001b[1mComponents/Button › Primary › play-test\u001b[39m\u001b[22m\n\n    Lighthouse audit failed for Components/Button. Check the report above for details.\n\u001b[2m\u001b[22m\n\u001b[2m    \u001b[0m \u001b[90m 48 |\u001b[39m       \u001b[90m// Fail the test if thresholds are not met\u001b[39m\u001b[22m\n\u001b[2m     \u001b[90m 49 |\u001b[39m       \u001b[36mif\u001b[39m (\u001b[33m!\u001b[39mpassed) {\u001b[22m\n\u001b[2m    \u001b[31m\u001b[1m>\u001b[22m\u001b[2m\u001b[39m\u001b[90m 50 |\u001b[39m         \u001b[36mthrow\u001b[39m \u001b[36mnew\u001b[39m \u001b[33mError\u001b[39m(\u001b[22m\n\u001b[2m     \u001b[90m    |\u001b[39m               \u001b[31m\u001b[1m^\u001b[22m\u001b[2m\u001b[39m\u001b[22m\n\u001b[2m     \u001b[90m 51 |\u001b[39m           \u001b[32m`Lighthouse audit failed for ${storyName}. Check the report above for details.`\u001b[39m\u001b[22m\n\u001b[2m     \u001b[90m 52 |\u001b[39m         )\u001b[33m;\u001b[39m\u001b[22m\n\u001b[2m     \u001b[90m 53 |\u001b[39m       }\u001b[0m\u001b[22m\n\u001b[2m\u001b[22m\n\u001b[2m      \u001b[2mat postVisit (\u001b[22m\u001b[2m.storybook/test-runner.ts\u001b[2m:50:15)\u001b[22m\u001b[2m\u001b[22m\n\n\u001b[1m\u001b[31m  \u001b[1m● \u001b[22m\u001b[1mComponents/Button › Secondary › smoke-test\u001b[39m\u001b[22m\n\n    Lighthouse audit failed for Components/Button. Check the report above for details.\n\u001b[2m\u001b[22m\n\u001b[2m    \u001b[0m \u001b[90m 48 |\u001b[39m       \u001b[90m// Fail the test if thresholds are not met\u001b[39m\u001b[22m\n\u001b[2m     \u001b[90m 49 |\u001b[39m       \u001b[36mif\u001b[39m (\u001b[33m!\u001b[39mpassed) {\u001b[22m\n\u001b[2m    \u001b[31m\u001b[1m>\u001b[22m\u001b[2m\u001b[39m\u001b[90m 50 |\u001b[39m         \u001b[36mthrow\u001b[39m \u001b[36mnew\u001b[39m \u001b[33mError\u001b[39m(\u001b[22m\n\u001b[2m     \u001b[90m    |\u001b[39m               \u001b[31m\u001b[1m^\u001b[22m\u001b[2m\u001b[39m\u001b[22m\n\u001b[2m     \u001b[90m 51 |\u001b[39m           \u001b[32m`Lighthouse audit failed for ${storyName}. Check the report above for details.`\u001b[39m\u001b[22m\n\u001b[2m     \u001b[90m 52 |\u001b[39m         )\u001b[33m;\u001b[39m\u001b[22m\n\u001b[2m     \u001b[90m 53 |\u001b[39m       }\u001b[0m\u001b[22m\n\u001b[2m\u001b[22m\n\u001b[2m      \u001b[2mat postVisit (\u001b[22m\u001b[2m.storybook/test-runner.ts\u001b[2m:50:15)\u001b[22m\u001b[2m\u001b[22m\n\n\u001b[1m\u001b[31m  \u001b[1m● \u001b[22m\u001b[1mComponents/Button › Ghost › smoke-test\u001b[39m\u001b[22m\n\n    Lighthouse audit failed for Components/Button. Check the report above for details.\n\u001b[2m\u001b[22m\n\u001b[2m    \u001b[0m \u001b[90m 48 |\u001b[39m       \u001b[90m// Fail the test if thresholds are not met\u001b[39m\u001b[22m\n\u001b[2m     \u001b[90m 49 |\u001b[39m       \u001b[36mif\u001b[39m (\u001b[33m!\u001b[39mpassed) {\u001b[22m\n\u001b[2m    \u001b[31m\u001b[1m>\u001b[22m\u001b[2m\u001b[39m\u001b[90m 50 |\u001b[39m         \u001b[36mthrow\u001b[39m \u001b[36mnew\u001b[39m \u001b[33mError\u001b[39m(\u001b[22m\n\u001b[2m     \u001b[90m    |\u001b[39m               \u001b[31m\u001b[1m^\u001b[22m\u001b[2m\u001b[39m\u001b[22m\n\u001b[2m     \u001b[90m 51 |\u001b[39m           \u001b[32m`Lighthouse audit failed for ${storyName}. Check the report above for details.`\u001b[39m\u001b[22m\n\u001b[2m     \u001b[90m 52 |\u001b[39m         )\u001b[33m;\u001b[39m\u001b[22m\n\u001b[2m     \u001b[90m 53 |\u001b[39m       }\u001b[0m\u001b[22m\n\u001b[2m\u001b[22m\n\u001b[2m      \u001b[2mat postVisit (\u001b[22m\u001b[2m.storybook/test-runner.ts\u001b[2m:50:15)\u001b[22m\u001b[2m\u001b[22m\n\n\u001b[1m\u001b[31m  \u001b[1m● \u001b[22m\u001b[1mComponents/Button › Small › smoke-test\u001b[39m\u001b[22m\n\n    Lighthouse audit failed for Components/Button. Check the report above for details.\n\u001b[2m\u001b[22m\n\u001b[2m    \u001b[0m \u001b[90m 48 |\u001b[39m       \u001b[90m// Fail the test if thresholds are not met\u001b[39m\u001b[22m\n\u001b[2m     \u001b[90m 49 |\u001b[39m       \u001b[36mif\u001b[39m (\u001b[33m!\u001b[39mpassed) {\u001b[22m\n\u001b[2m    \u001b[31m\u001b[1m>\u001b[22m\u001b[2m\u001b[39m\u001b[90m 50 |\u001b[39m         \u001b[36mthrow\u001b[39m \u001b[36mnew\u001b[39m \u001b[33mError\u001b[39m(\u001b[22m\n\u001b[2m     \u001b[90m    |\u001b[39m               \u001b[31m\u001b[1m^\u001b[22m\u001b[2m\u001b[39m\u001b[22m\n\u001b[2m     \u001b[90m 51 |\u001b[39m           \u001b[32m`Lighthouse audit failed for ${storyName}. Check the report above for details.`\u001b[39m\u001b[22m\n\u001b[2m     \u001b[90m 52 |\u001b[39m         )\u001b[33m;\u001b[39m\u001b[22m\n\u001b[2m     \u001b[90m 53 |\u001b[39m       }\u001b[0m\u001b[22m\n\u001b[2m\u001b[22m\n\u001b[2m      \u001b[2mat postVisit (\u001b[22m\u001b[2m.storybook/test-runner.ts\u001b[2m:50:15)\u001b[22m\u001b[2m\u001b[22m\n\n\u001b[1m\u001b[31m  \u001b[1m● \u001b[22m\u001b[1mComponents/Button › Large › smoke-test\u001b[39m\u001b[22m\n\n    Lighthouse audit failed for Components/Button. Check the report above for details.\n\u001b[2m\u001b[22m\n\u001b[2m    \u001b[0m \u001b[90m 48 |\u001b[39m       \u001b[90m// Fail the test if thresholds are not met\u001b[39m\u001b[22m\n\u001b[2m     \u001b[90m 49 |\u001b[39m       \u001b[36mif\u001b[39m (\u001b[33m!\u001b[39mpassed) {\u001b[22m\n\u001b[2m    \u001b[31m\u001b[1m>\u001b[22m\u001b[2m\u001b[39m\u001b[90m 50 |\u001b[39m         \u001b[36mthrow\u001b[39m \u001b[36mnew\u001b[39m \u001b[33mError\u001b[39m(\u001b[22m\n\u001b[2m     \u001b[90m    |\u001b[39m               \u001b[31m\u001b[1m^\u001b[22m\u001b[2m\u001b[39m\u001b[22m\n\u001b[2m     \u001b[90m 51 |\u001b[39m           \u001b[32m`Lighthouse audit failed for ${storyName}. Check the report above for details.`\u001b[39m\u001b[22m\n\u001b[2m     \u001b[90m 52 |\u001b[39m         )\u001b[33m;\u001b[39m\u001b[22m\n\u001b[2m     \u001b[90m 53 |\u001b[39m       }\u001b[0m\u001b[22m\n\u001b[2m\u001b[22m\n\u001b[2m      \u001b[2mat postVisit (\u001b[22m\u001b[2m.storybook/test-runner.ts\u001b[2m:50:15)\u001b[22m\u001b[2m\u001b[22m\n\n\u001b[1m\u001b[31m  \u001b[1m● \u001b[22m\u001b[1mComponents/Button › Disabled › smoke-test\u001b[39m\u001b[22m\n\n    Lighthouse audit failed for Components/Button. Check the report above for details.\n\u001b[2m\u001b[22m\n\u001b[2m    \u001b[0m \u001b[90m 48 |\u001b[39m       \u001b[90m// Fail the test if thresholds are not met\u001b[39m\u001b[22m\n\u001b[2m     \u001b[90m 49 |\u001b[39m       \u001b[36mif\u001b[39m (\u001b[33m!\u001b[39mpassed) {\u001b[22m\n\u001b[2m    \u001b[31m\u001b[1m>\u001b[22m\u001b[2m\u001b[39m\u001b[90m 50 |\u001b[39m         \u001b[36mthrow\u001b[39m \u001b[36mnew\u001b[39m \u001b[33mError\u001b[39m(\u001b[22m\n\u001b[2m     \u001b[90m    |\u001b[39m               \u001b[31m\u001b[1m^\u001b[22m\u001b[2m\u001b[39m\u001b[22m\n\u001b[2m     \u001b[90m 51 |\u001b[39m           \u001b[32m`Lighthouse audit failed for ${storyName}. Check the report above for details.`\u001b[39m\u001b[22m\n\u001b[2m     \u001b[90m 52 |\u001b[39m         )\u001b[33m;\u001b[39m\u001b[22m\n\u001b[2m     \u001b[90m 53 |\u001b[39m       }\u001b[0m\u001b[22m\n\u001b[2m\u001b[22m\n\u001b[2m      \u001b[2mat postVisit (\u001b[22m\u001b[2m.storybook/test-runner.ts\u001b[2m:50:15)\u001b[22m\u001b[2m\u001b[22m\n\n\u001b[1m\u001b[31m  \u001b[1m● \u001b[22m\u001b[1mComponents/Button › Loading › smoke-test\u001b[39m\u001b[22m\n\n    Lighthouse audit failed for Components/Button. Check the report above for details.\n\u001b[2m\u001b[22m\n\u001b[2m    \u001b[0m \u001b[90m 48 |\u001b[39m       \u001b[90m// Fail the test if thresholds are not met\u001b[39m\u001b[22m\n\u001b[2m     \u001b[90m 49 |\u001b[39m       \u001b[36mif\u001b[39m (\u001b[33m!\u001b[39mpassed) {\u001b[22m\n\u001b[2m    \u001b[31m\u001b[1m>\u001b[22m\u001b[2m\u001b[39m\u001b[90m 50 |\u001b[39m         \u001b[36mthrow\u001b[39m \u001b[36mnew\u001b[39m \u001b[33mError\u001b[39m(\u001b[22m\n\u001b[2m     \u001b[90m    |\u001b[39m               \u001b[31m\u001b[1m^\u001b[22m\u001b[2m\u001b[39m\u001b[22m\n\u001b[2m     \u001b[90m 51 |\u001b[39m           \u001b[32m`Lighthouse audit failed for ${storyName}. Check the report above for details.`\u001b[39m\u001b[22m\n\u001b[2m     \u001b[90m 52 |\u001b[39m         )\u001b[33m;\u001b[39m\u001b[22m\n\u001b[2m     \u001b[90m 53 |\u001b[39m       }\u001b[0m\u001b[22m\n\u001b[2m\u001b[22m\n\u001b[2m      \u001b[2mat postVisit (\u001b[22m\u001b[2m.storybook/test-runner.ts\u001b[2m:50:15)\u001b[22m\u001b[2m\u001b[22m\n\n\u001b[1m\u001b[31m  \u001b[1m● \u001b[22m\u001b[1mComponents/Button › WithPrefixIcon › smoke-test\u001b[39m\u001b[22m\n\n    Lighthouse audit failed for Components/Button. Check the report above for details.\n\u001b[2m\u001b[22m\n\u001b[2m    \u001b[0m \u001b[90m 48 |\u001b[39m       \u001b[90m// Fail the test if thresholds are not met\u001b[39m\u001b[22m\n\u001b[2m     \u001b[90m 49 |\u001b[39m       \u001b[36mif\u001b[39m (\u001b[33m!\u001b[39mpassed) {\u001b[22m\n\u001b[2m    \u001b[31m\u001b[1m>\u001b[22m\u001b[2m\u001b[39m\u001b[90m 50 |\u001b[39m         \u001b[36mthrow\u001b[39m \u001b[36mnew\u001b[39m \u001b[33mError\u001b[39m(\u001b[22m\n\u001b[2m     \u001b[90m    |\u001b[39m               \u001b[31m\u001b[1m^\u001b[22m\u001b[2m\u001b[39m\u001b[22m\n\u001b[2m     \u001b[90m 51 |\u001b[39m           \u001b[32m`Lighthouse audit failed for ${storyName}. Check the report above for details.`\u001b[39m\u001b[22m\n\u001b[2m     \u001b[90m 52 |\u001b[39m         )\u001b[33m;\u001b[39m\u001b[22m\n\u001b[2m     \u001b[90m 53 |\u001b[39m       }\u001b[0m\u001b[22m\n\u001b[2m\u001b[22m\n\u001b[2m      \u001b[2mat postVisit (\u001b[22m\u001b[2m.storybook/test-runner.ts\u001b[2m:50:15)\u001b[22m\u001b[2m\u001b[22m\n\n\u001b[1m\u001b[31m  \u001b[1m● \u001b[22m\u001b[1mComponents/Button › WithSuffixIcon › smoke-test\u001b[39m\u001b[22m\n\n    Lighthouse audit failed for Components/Button. Check the report above for details.\n\u001b[2m\u001b[22m\n\u001b[2m    \u001b[0m \u001b[90m 48 |\u001b[39m       \u001b[90m// Fail the test if thresholds are not met\u001b[39m\u001b[22m\n\u001b[2m     \u001b[90m 49 |\u001b[39m       \u001b[36mif\u001b[39m (\u001b[33m!\u001b[39mpassed) {\u001b[22m\n\u001b[2m    \u001b[31m\u001b[1m>\u001b[22m\u001b[2m\u001b[39m\u001b[90m 50 |\u001b[39m         \u001b[36mthrow\u001b[39m \u001b[36mnew\u001b[39m \u001b[33mError\u001b[39m(\u001b[22m\n\u001b[2m     \u001b[90m    |\u001b[39m               \u001b[31m\u001b[1m^\u001b[22m\u001b[2m\u001b[39m\u001b[22m\n\u001b[2m     \u001b[90m 51 |\u001b[39m           \u001b[32m`Lighthouse audit failed for ${storyName}. Check the report above for details.`\u001b[39m\u001b[22m\n\u001b[2m     \u001b[90m 52 |\u001b[39m         )\u001b[33m;\u001b[39m\u001b[22m\n\u001b[2m     \u001b[90m 53 |\u001b[39m       }\u001b[0m\u001b[22m\n\u001b[2m\u001b[22m\n\u001b[2m      \u001b[2mat postVisit (\u001b[22m\u001b[2m.storybook/test-runner.ts\u001b[2m:50:15)\u001b[22m\u001b[2m\u001b[22m\n","name":"/home/guruprasad/Desktop/workspace/lit-components/stories/Button.stories.ts","startTime":1759511947125,"status":"failed","summary":""}],"wasInterrupted":false}
