{
  "/home/guruprasad/Desktop/workspace/lit-components/src/components/ThemeProvider/theme-provider.ts": {
    "path": "/home/guruprasad/Desktop/workspace/lit-components/src/components/ThemeProvider/theme-provider.ts",
    "statementMap": {
      "0": {
        "start": {
          "line": 24,
          "column": 27
        },
        "end": {
          "line": 24,
          "column": null
        }
      },
      "1": {
        "start": {
          "line": 25,
          "column": 47
        },
        "end": {
          "line": 25,
          "column": null
        }
      },
      "2": {
        "start": {
          "line": 26,
          "column": 28
        },
        "end": {
          "line": 26,
          "column": null
        }
      },
      "3": {
        "start": {
          "line": 27,
          "column": 22
        },
        "end": {
          "line": 27,
          "column": null
        }
      },
      "4": {
        "start": {
          "line": 27,
          "column": 53
        },
        "end": {
          "line": 27,
          "column": 83
        }
      },
      "5": {
        "start": {
          "line": 44,
          "column": 7
        },
        "end": {
          "line": 105,
          "column": null
        }
      },
      "6": {
        "start": {
          "line": 44,
          "column": 7
        },
        "end": {
          "line": 44,
          "column": 13
        }
      },
      "7": {
        "start": {
          "line": 52,
          "column": 4
        },
        "end": {
          "line": 52,
          "column": null
        }
      },
      "8": {
        "start": {
          "line": 55,
          "column": 8
        },
        "end": {
          "line": 60,
          "column": null
        }
      },
      "9": {
        "start": {
          "line": 56,
          "column": 31
        },
        "end": {
          "line": 56,
          "column": null
        }
      },
      "10": {
        "start": {
          "line": 57,
          "column": 12
        },
        "end": {
          "line": 59,
          "column": null
        }
      },
      "11": {
        "start": {
          "line": 58,
          "column": 16
        },
        "end": {
          "line": 58,
          "column": null
        }
      },
      "12": {
        "start": {
          "line": 64,
          "column": 8
        },
        "end": {
          "line": 81,
          "column": null
        }
      },
      "13": {
        "start": {
          "line": 65,
          "column": 34
        },
        "end": {
          "line": 65,
          "column": null
        }
      },
      "14": {
        "start": {
          "line": 66,
          "column": 33
        },
        "end": {
          "line": 66,
          "column": null
        }
      },
      "15": {
        "start": {
          "line": 67,
          "column": 29
        },
        "end": {
          "line": 67,
          "column": null
        }
      },
      "16": {
        "start": {
          "line": 68,
          "column": 12
        },
        "end": {
          "line": 68,
          "column": null
        }
      },
      "17": {
        "start": {
          "line": 69,
          "column": 12
        },
        "end": {
          "line": 69,
          "column": null
        }
      },
      "18": {
        "start": {
          "line": 71,
          "column": 12
        },
        "end": {
          "line": 80,
          "column": null
        }
      },
      "19": {
        "start": {
          "line": 72,
          "column": 16
        },
        "end": {
          "line": 79,
          "column": null
        }
      },
      "20": {
        "start": {
          "line": 88,
          "column": 8
        },
        "end": {
          "line": 88,
          "column": null
        }
      },
      "21": {
        "start": {
          "line": 92,
          "column": 8
        },
        "end": {
          "line": 92,
          "column": null
        }
      },
      "22": {
        "start": {
          "line": 93,
          "column": 8
        },
        "end": {
          "line": 93,
          "column": null
        }
      },
      "23": {
        "start": {
          "line": 97,
          "column": 8
        },
        "end": {
          "line": 97,
          "column": null
        }
      },
      "24": {
        "start": {
          "line": 98,
          "column": 8
        },
        "end": {
          "line": 98,
          "column": null
        }
      },
      "25": {
        "start": {
          "line": 102,
          "column": 14
        },
        "end": {
          "line": 102,
          "column": null
        }
      },
      "26": {
        "start": {
          "line": 103,
          "column": 8
        },
        "end": {
          "line": 103,
          "column": null
        }
      },
      "27": {
        "start": {
          "line": 44,
          "column": 13
        },
        "end": {
          "line": 45,
          "column": null
        }
      },
      "28": {
        "start": {
          "line": 52,
          "column": 11
        },
        "end": {
          "line": 52,
          "column": 29
        }
      },
      "29": {
        "start": {
          "line": 44,
          "column": 13
        },
        "end": {
          "line": 44,
          "column": 35
        }
      },
      "30": {
        "start": {
          "line": 55,
          "column": 12
        },
        "end": {
          "line": 60,
          "column": null
        }
      },
      "31": {
        "start": {
          "line": 57,
          "column": 16
        },
        "end": {
          "line": 59,
          "column": null
        }
      },
      "32": {
        "start": {
          "line": 64,
          "column": 12
        },
        "end": {
          "line": 81,
          "column": null
        }
      },
      "33": {
        "start": {
          "line": 72,
          "column": 21
        },
        "end": {
          "line": 79,
          "column": null
        }
      },
      "34": {
        "start": {
          "line": 88,
          "column": 15
        },
        "end": {
          "line": 88,
          "column": null
        }
      },
      "35": {
        "start": {
          "line": 92,
          "column": 13
        },
        "end": {
          "line": 92,
          "column": null
        }
      },
      "36": {
        "start": {
          "line": 98,
          "column": 13
        },
        "end": {
          "line": 98,
          "column": null
        }
      }
    },
    "fnMap": {
      "0": {
        "name": "(anonymous_1)",
        "decl": {
          "start": {
            "line": 27,
            "column": 43
          },
          "end": {
            "line": 27,
            "column": 44
          }
        },
        "loc": {
          "start": {
            "line": 27,
            "column": 53
          },
          "end": {
            "line": 27,
            "column": 83
          }
        }
      },
      "1": {
        "name": "(anonymous_2)",
        "decl": {
          "start": {
            "line": 44,
            "column": 7
          },
          "end": {
            "line": 44,
            "column": 13
          }
        },
        "loc": {
          "start": {
            "line": 44,
            "column": 7
          },
          "end": {
            "line": 52,
            "column": null
          }
        }
      },
      "2": {
        "name": "(anonymous_3)",
        "decl": {
          "start": {
            "line": 54,
            "column": 14
          },
          "end": {
            "line": 54,
            "column": 25
          }
        },
        "loc": {
          "start": {
            "line": 54,
            "column": 68
          },
          "end": {
            "line": 61,
            "column": null
          }
        }
      },
      "3": {
        "name": "(anonymous_4)",
        "decl": {
          "start": {
            "line": 63,
            "column": 14
          },
          "end": {
            "line": 63,
            "column": 22
          }
        },
        "loc": {
          "start": {
            "line": 63,
            "column": 65
          },
          "end": {
            "line": 82,
            "column": null
          }
        }
      },
      "4": {
        "name": "(anonymous_5)",
        "decl": {
          "start": {
            "line": 87,
            "column": 4
          },
          "end": {
            "line": 87,
            "column": 13
          }
        },
        "loc": {
          "start": {
            "line": 87,
            "column": 13
          },
          "end": {
            "line": 89,
            "column": null
          }
        }
      },
      "5": {
        "name": "(anonymous_6)",
        "decl": {
          "start": {
            "line": 91,
            "column": 12
          },
          "end": {
            "line": 91,
            "column": 28
          }
        },
        "loc": {
          "start": {
            "line": 91,
            "column": 45
          },
          "end": {
            "line": 94,
            "column": null
          }
        }
      },
      "6": {
        "name": "(anonymous_7)",
        "decl": {
          "start": {
            "line": 96,
            "column": 12
          },
          "end": {
            "line": 96,
            "column": 31
          }
        },
        "loc": {
          "start": {
            "line": 96,
            "column": 48
          },
          "end": {
            "line": 99,
            "column": null
          }
        }
      },
      "7": {
        "name": "(anonymous_8)",
        "decl": {
          "start": {
            "line": 101,
            "column": 12
          },
          "end": {
            "line": 101,
            "column": 27
          }
        },
        "loc": {
          "start": {
            "line": 101,
            "column": 77
          },
          "end": {
            "line": 104,
            "column": null
          }
        }
      }
    },
    "branchMap": {
      "0": {
        "loc": {
          "start": {
            "line": 55,
            "column": 8
          },
          "end": {
            "line": 60,
            "column": null
          }
        },
        "type": "if",
        "locations": [
          {
            "start": {
              "line": 55,
              "column": 8
            },
            "end": {
              "line": 60,
              "column": null
            }
          }
        ]
      },
      "1": {
        "loc": {
          "start": {
            "line": 57,
            "column": 12
          },
          "end": {
            "line": 59,
            "column": null
          }
        },
        "type": "if",
        "locations": [
          {
            "start": {
              "line": 57,
              "column": 12
            },
            "end": {
              "line": 59,
              "column": null
            }
          }
        ]
      },
      "2": {
        "loc": {
          "start": {
            "line": 64,
            "column": 8
          },
          "end": {
            "line": 81,
            "column": null
          }
        },
        "type": "if",
        "locations": [
          {
            "start": {
              "line": 64,
              "column": 8
            },
            "end": {
              "line": 81,
              "column": null
            }
          }
        ]
      },
      "3": {
        "loc": {
          "start": {
            "line": 66,
            "column": 33
          },
          "end": {
            "line": 66,
            "column": null
          }
        },
        "type": "cond-expr",
        "locations": [
          {
            "start": {
              "line": 66,
              "column": 63
            },
            "end": {
              "line": 66,
              "column": 70
            }
          },
          {
            "start": {
              "line": 66,
              "column": 70
            },
            "end": {
              "line": 66,
              "column": null
            }
          }
        ]
      },
      "4": {
        "loc": {
          "start": {
            "line": 71,
            "column": 12
          },
          "end": {
            "line": 80,
            "column": null
          }
        },
        "type": "if",
        "locations": [
          {
            "start": {
              "line": 71,
              "column": 12
            },
            "end": {
              "line": 80,
              "column": null
            }
          }
        ]
      },
      "5": {
        "loc": {
          "start": {
            "line": 102,
            "column": 27
          },
          "end": {
            "line": 102,
            "column": 40
          }
        },
        "type": "binary-expr",
        "locations": [
          {
            "start": {
              "line": 102,
              "column": 27
            },
            "end": {
              "line": 102,
              "column": 36
            }
          },
          {
            "start": {
              "line": 102,
              "column": 36
            },
            "end": {
              "line": 102,
              "column": 40
            }
          }
        ]
      },
      "6": {
        "loc": {
          "start": {
            "line": 103,
            "column": 15
          },
          "end": {
            "line": 103,
            "column": null
          }
        },
        "type": "cond-expr",
        "locations": [
          {
            "start": {
              "line": 103,
              "column": 52
            },
            "end": {
              "line": 103,
              "column": 64
            }
          },
          {
            "start": {
              "line": 103,
              "column": 64
            },
            "end": {
              "line": 103,
              "column": null
            }
          }
        ]
      },
      "7": {
        "loc": {
          "start": {
            "line": 55,
            "column": 12
          },
          "end": {
            "line": 60,
            "column": null
          }
        },
        "type": "if",
        "locations": [
          {
            "start": {
              "line": 55,
              "column": 12
            },
            "end": {
              "line": 60,
              "column": null
            }
          }
        ]
      },
      "8": {
        "loc": {
          "start": {
            "line": 57,
            "column": 16
          },
          "end": {
            "line": 59,
            "column": null
          }
        },
        "type": "if",
        "locations": [
          {
            "start": {
              "line": 57,
              "column": 16
            },
            "end": {
              "line": 59,
              "column": null
            }
          }
        ]
      },
      "9": {
        "loc": {
          "start": {
            "line": 64,
            "column": 12
          },
          "end": {
            "line": 81,
            "column": null
          }
        },
        "type": "if",
        "locations": [
          {
            "start": {
              "line": 64,
              "column": 12
            },
            "end": {
              "line": 81,
              "column": null
            }
          }
        ]
      }
    },
    "s": {
      "0": 73,
      "1": 73,
      "2": 73,
      "3": 73,
      "4": 292,
      "5": 73,
      "6": 387,
      "7": 387,
      "8": 216,
      "9": 353,
      "10": 216,
      "11": 0,
      "12": 216,
      "13": 353,
      "14": 353,
      "15": 353,
      "16": 353,
      "17": 353,
      "18": 353,
      "19": 216,
      "20": 216,
      "21": 216,
      "22": 353,
      "23": 353,
      "24": 216,
      "25": 706,
      "26": 706,
      "27": 73,
      "28": 73,
      "29": 73,
      "30": 137,
      "31": 137,
      "32": 137,
      "33": 137,
      "34": 137,
      "35": 137,
      "36": 137
    },
    "f": {
      "0": 292,
      "1": 387,
      "2": 353,
      "3": 353,
      "4": 353,
      "5": 353,
      "6": 353,
      "7": 706
    },
    "b": {
      "0": [
        216
      ],
      "1": [
        0
      ],
      "2": [
        216
      ],
      "3": [
        353,
        0
      ],
      "4": [
        353
      ],
      "5": [
        706,
        0
      ],
      "6": [
        706,
        0
      ],
      "7": [
        137
      ],
      "8": [
        0
      ],
      "9": [
        137
      ]
    }
  },
  "/home/guruprasad/Desktop/workspace/lit-components/src/components/Button/index.ts": {
    "path": "/home/guruprasad/Desktop/workspace/lit-components/src/components/Button/index.ts",
    "statementMap": {
      "0": {
        "start": {
          "line": 32,
          "column": 53
        },
        "end": {
          "line": 32,
          "column": null
        }
      },
      "1": {
        "start": {
          "line": 33,
          "column": 47
        },
        "end": {
          "line": 33,
          "column": null
        }
      },
      "2": {
        "start": {
          "line": 52,
          "column": 7
        },
        "end": {
          "line": 153,
          "column": null
        }
      },
      "3": {
        "start": {
          "line": 52,
          "column": 7
        },
        "end": {
          "line": 52,
          "column": 13
        }
      },
      "4": {
        "start": {
          "line": 59,
          "column": 4
        },
        "end": {
          "line": 59,
          "column": null
        }
      },
      "5": {
        "start": {
          "line": 65,
          "column": 4
        },
        "end": {
          "line": 65,
          "column": null
        }
      },
      "6": {
        "start": {
          "line": 71,
          "column": 4
        },
        "end": {
          "line": 71,
          "column": null
        }
      },
      "7": {
        "start": {
          "line": 77,
          "column": 4
        },
        "end": {
          "line": 77,
          "column": null
        }
      },
      "8": {
        "start": {
          "line": 83,
          "column": 4
        },
        "end": {
          "line": 83,
          "column": null
        }
      },
      "9": {
        "start": {
          "line": 85,
          "column": 8
        },
        "end": {
          "line": 90,
          "column": null
        }
      },
      "10": {
        "start": {
          "line": 86,
          "column": 38
        },
        "end": {
          "line": 86,
          "column": null
        }
      },
      "11": {
        "start": {
          "line": 87,
          "column": 12
        },
        "end": {
          "line": 89,
          "column": null
        }
      },
      "12": {
        "start": {
          "line": 88,
          "column": 16
        },
        "end": {
          "line": 88,
          "column": null
        }
      },
      "13": {
        "start": {
          "line": 92,
          "column": 8
        },
        "end": {
          "line": 97,
          "column": null
        }
      },
      "14": {
        "start": {
          "line": 93,
          "column": 35
        },
        "end": {
          "line": 93,
          "column": null
        }
      },
      "15": {
        "start": {
          "line": 94,
          "column": 12
        },
        "end": {
          "line": 96,
          "column": null
        }
      },
      "16": {
        "start": {
          "line": 95,
          "column": 16
        },
        "end": {
          "line": 95,
          "column": null
        }
      },
      "17": {
        "start": {
          "line": 104,
          "column": 27
        },
        "end": {
          "line": 104,
          "column": null
        }
      },
      "18": {
        "start": {
          "line": 105,
          "column": 24
        },
        "end": {
          "line": 109,
          "column": null
        }
      },
      "19": {
        "start": {
          "line": 111,
          "column": 8
        },
        "end": {
          "line": 120,
          "column": null
        }
      },
      "20": {
        "start": {
          "line": 131,
          "column": 8
        },
        "end": {
          "line": 135,
          "column": null
        }
      },
      "21": {
        "start": {
          "line": 132,
          "column": 12
        },
        "end": {
          "line": 132,
          "column": null
        }
      },
      "22": {
        "start": {
          "line": 133,
          "column": 12
        },
        "end": {
          "line": 133,
          "column": null
        }
      },
      "23": {
        "start": {
          "line": 134,
          "column": 12
        },
        "end": {
          "line": 134,
          "column": null
        }
      },
      "24": {
        "start": {
          "line": 137,
          "column": 8
        },
        "end": {
          "line": 142,
          "column": null
        }
      },
      "25": {
        "start": {
          "line": 147,
          "column": 8
        },
        "end": {
          "line": 147,
          "column": null
        }
      },
      "26": {
        "start": {
          "line": 151,
          "column": 8
        },
        "end": {
          "line": 151,
          "column": null
        }
      },
      "27": {
        "start": {
          "line": 52,
          "column": 13
        },
        "end": {
          "line": 53,
          "column": null
        }
      },
      "28": {
        "start": {
          "line": 59,
          "column": 11
        },
        "end": {
          "line": 59,
          "column": 22
        }
      },
      "29": {
        "start": {
          "line": 65,
          "column": 11
        },
        "end": {
          "line": 65,
          "column": 21
        }
      },
      "30": {
        "start": {
          "line": 71,
          "column": 11
        },
        "end": {
          "line": 71,
          "column": 36
        }
      },
      "31": {
        "start": {
          "line": 77,
          "column": 11
        },
        "end": {
          "line": 77,
          "column": 30
        }
      },
      "32": {
        "start": {
          "line": 83,
          "column": 11
        },
        "end": {
          "line": 83,
          "column": 42
        }
      },
      "33": {
        "start": {
          "line": 52,
          "column": 13
        },
        "end": {
          "line": 52,
          "column": 30
        }
      },
      "34": {
        "start": {
          "line": 85,
          "column": 12
        },
        "end": {
          "line": 90,
          "column": null
        }
      },
      "35": {
        "start": {
          "line": 87,
          "column": 16
        },
        "end": {
          "line": 89,
          "column": null
        }
      },
      "36": {
        "start": {
          "line": 92,
          "column": 12
        },
        "end": {
          "line": 97,
          "column": null
        }
      },
      "37": {
        "start": {
          "line": 94,
          "column": 16
        },
        "end": {
          "line": 96,
          "column": null
        }
      },
      "38": {
        "start": {
          "line": 105,
          "column": 24
        },
        "end": {
          "line": 108,
          "column": null
        }
      },
      "39": {
        "start": {
          "line": 111,
          "column": 15
        },
        "end": {
          "line": 120,
          "column": null
        }
      },
      "40": {
        "start": {
          "line": 131,
          "column": 12
        },
        "end": {
          "line": 135,
          "column": null
        }
      },
      "41": {
        "start": {
          "line": 137,
          "column": 13
        },
        "end": {
          "line": 142,
          "column": null
        }
      }
    },
    "fnMap": {
      "0": {
        "name": "(anonymous_1)",
        "decl": {
          "start": {
            "line": 52,
            "column": 7
          },
          "end": {
            "line": 52,
            "column": 13
          }
        },
        "loc": {
          "start": {
            "line": 52,
            "column": 7
          },
          "end": {
            "line": 83,
            "column": null
          }
        }
      },
      "1": {
        "name": "(anonymous_2)",
        "decl": {
          "start": {
            "line": 84,
            "column": 14
          },
          "end": {
            "line": 84,
            "column": 25
          }
        },
        "loc": {
          "start": {
            "line": 84,
            "column": 84
          },
          "end": {
            "line": 98,
            "column": null
          }
        }
      },
      "2": {
        "name": "(anonymous_3)",
        "decl": {
          "start": {
            "line": 103,
            "column": 14
          },
          "end": {
            "line": 103,
            "column": 23
          }
        },
        "loc": {
          "start": {
            "line": 103,
            "column": 23
          },
          "end": {
            "line": 128,
            "column": null
          }
        }
      },
      "3": {
        "name": "(anonymous_4)",
        "decl": {
          "start": {
            "line": 130,
            "column": 12
          },
          "end": {
            "line": 130,
            "column": 24
          }
        },
        "loc": {
          "start": {
            "line": 130,
            "column": 45
          },
          "end": {
            "line": 144,
            "column": null
          }
        }
      },
      "4": {
        "name": "(anonymous_5)",
        "decl": {
          "start": {
            "line": 146,
            "column": 12
          },
          "end": {
            "line": 146,
            "column": 29
          }
        },
        "loc": {
          "start": {
            "line": 146,
            "column": 59
          },
          "end": {
            "line": 148,
            "column": null
          }
        }
      },
      "5": {
        "name": "(anonymous_6)",
        "decl": {
          "start": {
            "line": 150,
            "column": 12
          },
          "end": {
            "line": 150,
            "column": 26
          }
        },
        "loc": {
          "start": {
            "line": 150,
            "column": 53
          },
          "end": {
            "line": 152,
            "column": null
          }
        }
      }
    },
    "branchMap": {
      "0": {
        "loc": {
          "start": {
            "line": 85,
            "column": 8
          },
          "end": {
            "line": 90,
            "column": null
          }
        },
        "type": "if",
        "locations": [
          {
            "start": {
              "line": 85,
              "column": 8
            },
            "end": {
              "line": 90,
              "column": null
            }
          }
        ]
      },
      "1": {
        "loc": {
          "start": {
            "line": 87,
            "column": 12
          },
          "end": {
            "line": 89,
            "column": null
          }
        },
        "type": "if",
        "locations": [
          {
            "start": {
              "line": 87,
              "column": 12
            },
            "end": {
              "line": 89,
              "column": null
            }
          }
        ]
      },
      "2": {
        "loc": {
          "start": {
            "line": 92,
            "column": 8
          },
          "end": {
            "line": 97,
            "column": null
          }
        },
        "type": "if",
        "locations": [
          {
            "start": {
              "line": 92,
              "column": 8
            },
            "end": {
              "line": 97,
              "column": null
            }
          }
        ]
      },
      "3": {
        "loc": {
          "start": {
            "line": 94,
            "column": 12
          },
          "end": {
            "line": 96,
            "column": null
          }
        },
        "type": "if",
        "locations": [
          {
            "start": {
              "line": 94,
              "column": 12
            },
            "end": {
              "line": 96,
              "column": null
            }
          }
        ]
      },
      "4": {
        "loc": {
          "start": {
            "line": 104,
            "column": 27
          },
          "end": {
            "line": 104,
            "column": null
          }
        },
        "type": "binary-expr",
        "locations": [
          {
            "start": {
              "line": 104,
              "column": 27
            },
            "end": {
              "line": 104,
              "column": 44
            }
          },
          {
            "start": {
              "line": 104,
              "column": 44
            },
            "end": {
              "line": 104,
              "column": null
            }
          }
        ]
      },
      "5": {
        "loc": {
          "start": {
            "line": 120,
            "column": 18
          },
          "end": {
            "line": 120,
            "column": 93
          }
        },
        "type": "cond-expr",
        "locations": [
          {
            "start": {
              "line": 120,
              "column": 33
            },
            "end": {
              "line": 120,
              "column": 89
            }
          },
          {
            "start": {
              "line": 120,
              "column": 89
            },
            "end": {
              "line": 120,
              "column": 93
            }
          }
        ]
      },
      "6": {
        "loc": {
          "start": {
            "line": 131,
            "column": 8
          },
          "end": {
            "line": 135,
            "column": null
          }
        },
        "type": "if",
        "locations": [
          {
            "start": {
              "line": 131,
              "column": 8
            },
            "end": {
              "line": 135,
              "column": null
            }
          }
        ]
      },
      "7": {
        "loc": {
          "start": {
            "line": 131,
            "column": 12
          },
          "end": {
            "line": 131,
            "column": 43
          }
        },
        "type": "binary-expr",
        "locations": [
          {
            "start": {
              "line": 131,
              "column": 12
            },
            "end": {
              "line": 131,
              "column": 29
            }
          },
          {
            "start": {
              "line": 131,
              "column": 29
            },
            "end": {
              "line": 131,
              "column": 43
            }
          }
        ]
      },
      "8": {
        "loc": {
          "start": {
            "line": 147,
            "column": 15
          },
          "end": {
            "line": 147,
            "column": null
          }
        },
        "type": "cond-expr",
        "locations": [
          {
            "start": {
              "line": 147,
              "column": 70
            },
            "end": {
              "line": 147,
              "column": 96
            }
          },
          {
            "start": {
              "line": 147,
              "column": 96
            },
            "end": {
              "line": 147,
              "column": null
            }
          }
        ]
      },
      "9": {
        "loc": {
          "start": {
            "line": 151,
            "column": 15
          },
          "end": {
            "line": 151,
            "column": null
          }
        },
        "type": "cond-expr",
        "locations": [
          {
            "start": {
              "line": 151,
              "column": 64
            },
            "end": {
              "line": 151,
              "column": 87
            }
          },
          {
            "start": {
              "line": 151,
              "column": 87
            },
            "end": {
              "line": 151,
              "column": null
            }
          }
        ]
      },
      "10": {
        "loc": {
          "start": {
            "line": 85,
            "column": 12
          },
          "end": {
            "line": 90,
            "column": null
          }
        },
        "type": "if",
        "locations": [
          {
            "start": {
              "line": 85,
              "column": 12
            },
            "end": {
              "line": 90,
              "column": null
            }
          }
        ]
      },
      "11": {
        "loc": {
          "start": {
            "line": 87,
            "column": 16
          },
          "end": {
            "line": 89,
            "column": null
          }
        },
        "type": "if",
        "locations": [
          {
            "start": {
              "line": 87,
              "column": 16
            },
            "end": {
              "line": 89,
              "column": null
            }
          }
        ]
      },
      "12": {
        "loc": {
          "start": {
            "line": 92,
            "column": 12
          },
          "end": {
            "line": 97,
            "column": null
          }
        },
        "type": "if",
        "locations": [
          {
            "start": {
              "line": 92,
              "column": 12
            },
            "end": {
              "line": 97,
              "column": null
            }
          }
        ]
      },
      "13": {
        "loc": {
          "start": {
            "line": 94,
            "column": 16
          },
          "end": {
            "line": 96,
            "column": null
          }
        },
        "type": "if",
        "locations": [
          {
            "start": {
              "line": 94,
              "column": 16
            },
            "end": {
              "line": 96,
              "column": null
            }
          }
        ]
      },
      "14": {
        "loc": {
          "start": {
            "line": 131,
            "column": 12
          },
          "end": {
            "line": 135,
            "column": null
          }
        },
        "type": "if",
        "locations": [
          {
            "start": {
              "line": 131,
              "column": 12
            },
            "end": {
              "line": 135,
              "column": null
            }
          }
        ]
      }
    },
    "s": {
      "0": 73,
      "1": 73,
      "2": 73,
      "3": 158,
      "4": 158,
      "5": 158,
      "6": 158,
      "7": 158,
      "8": 158,
      "9": 78,
      "10": 79,
      "11": 78,
      "12": 0,
      "13": 78,
      "14": 79,
      "15": 78,
      "16": 0,
      "17": 79,
      "18": 78,
      "19": 78,
      "20": 0,
      "21": 0,
      "22": 0,
      "23": 0,
      "24": 0,
      "25": 79,
      "26": 79,
      "27": 73,
      "28": 73,
      "29": 73,
      "30": 73,
      "31": 73,
      "32": 73,
      "33": 73,
      "34": 1,
      "35": 1,
      "36": 1,
      "37": 1,
      "38": 1,
      "39": 1,
      "40": 0,
      "41": 0
    },
    "f": {
      "0": 158,
      "1": 79,
      "2": 79,
      "3": 0,
      "4": 79,
      "5": 79
    },
    "b": {
      "0": [
        78
      ],
      "1": [
        0
      ],
      "2": [
        78
      ],
      "3": [
        0
      ],
      "4": [
        79,
        74
      ],
      "5": [
        3,
        76
      ],
      "6": [
        0
      ],
      "7": [
        0,
        0
      ],
      "8": [
        79,
        0
      ],
      "9": [
        79,
        0
      ],
      "10": [
        1
      ],
      "11": [
        0
      ],
      "12": [
        1
      ],
      "13": [
        0
      ],
      "14": [
        0
      ]
    }
  },
  "/home/guruprasad/Desktop/workspace/lit-components/src/components/Card/index.ts": {
    "path": "/home/guruprasad/Desktop/workspace/lit-components/src/components/Card/index.ts",
    "statementMap": {
      "0": {
        "start": {
          "line": 41,
          "column": 7
        },
        "end": {
          "line": 116,
          "column": null
        }
      },
      "1": {
        "start": {
          "line": 41,
          "column": 7
        },
        "end": {
          "line": 41,
          "column": 13
        }
      },
      "2": {
        "start": {
          "line": 48,
          "column": 1
        },
        "end": {
          "line": 48,
          "column": null
        }
      },
      "3": {
        "start": {
          "line": 54,
          "column": 1
        },
        "end": {
          "line": 54,
          "column": null
        }
      },
      "4": {
        "start": {
          "line": 60,
          "column": 1
        },
        "end": {
          "line": 60,
          "column": null
        }
      },
      "5": {
        "start": {
          "line": 66,
          "column": 18
        },
        "end": {
          "line": 70,
          "column": null
        }
      },
      "6": {
        "start": {
          "line": 72,
          "column": 2
        },
        "end": {
          "line": 80,
          "column": null
        }
      },
      "7": {
        "start": {
          "line": 91,
          "column": 2
        },
        "end": {
          "line": 93,
          "column": null
        }
      },
      "8": {
        "start": {
          "line": 92,
          "column": 3
        },
        "end": {
          "line": 92,
          "column": null
        }
      },
      "9": {
        "start": {
          "line": 95,
          "column": 2
        },
        "end": {
          "line": 95,
          "column": null
        }
      },
      "10": {
        "start": {
          "line": 99,
          "column": 2
        },
        "end": {
          "line": 101,
          "column": null
        }
      },
      "11": {
        "start": {
          "line": 100,
          "column": 3
        },
        "end": {
          "line": 100,
          "column": null
        }
      },
      "12": {
        "start": {
          "line": 103,
          "column": 2
        },
        "end": {
          "line": 106,
          "column": null
        }
      },
      "13": {
        "start": {
          "line": 104,
          "column": 3
        },
        "end": {
          "line": 104,
          "column": null
        }
      },
      "14": {
        "start": {
          "line": 105,
          "column": 3
        },
        "end": {
          "line": 105,
          "column": null
        }
      },
      "15": {
        "start": {
          "line": 110,
          "column": 2
        },
        "end": {
          "line": 114,
          "column": null
        }
      },
      "16": {
        "start": {
          "line": 41,
          "column": 13
        },
        "end": {
          "line": 42,
          "column": null
        }
      },
      "17": {
        "start": {
          "line": 48,
          "column": 8
        },
        "end": {
          "line": 48,
          "column": 33
        }
      },
      "18": {
        "start": {
          "line": 54,
          "column": 8
        },
        "end": {
          "line": 54,
          "column": 31
        }
      },
      "19": {
        "start": {
          "line": 60,
          "column": 8
        },
        "end": {
          "line": 60,
          "column": 22
        }
      },
      "20": {
        "start": {
          "line": 41,
          "column": 13
        },
        "end": {
          "line": 41,
          "column": 28
        }
      },
      "21": {
        "start": {
          "line": 66,
          "column": 18
        },
        "end": {
          "line": 69,
          "column": null
        }
      },
      "22": {
        "start": {
          "line": 72,
          "column": 9
        },
        "end": {
          "line": 80,
          "column": null
        }
      },
      "23": {
        "start": {
          "line": 91,
          "column": 6
        },
        "end": {
          "line": 93,
          "column": null
        }
      },
      "24": {
        "start": {
          "line": 99,
          "column": 6
        },
        "end": {
          "line": 101,
          "column": null
        }
      },
      "25": {
        "start": {
          "line": 110,
          "column": 7
        },
        "end": {
          "line": 114,
          "column": null
        }
      }
    },
    "fnMap": {
      "0": {
        "name": "(anonymous_1)",
        "decl": {
          "start": {
            "line": 41,
            "column": 7
          },
          "end": {
            "line": 41,
            "column": 13
          }
        },
        "loc": {
          "start": {
            "line": 41,
            "column": 7
          },
          "end": {
            "line": 60,
            "column": null
          }
        }
      },
      "1": {
        "name": "(anonymous_2)",
        "decl": {
          "start": {
            "line": 65,
            "column": 11
          },
          "end": {
            "line": 65,
            "column": 20
          }
        },
        "loc": {
          "start": {
            "line": 65,
            "column": 20
          },
          "end": {
            "line": 88,
            "column": null
          }
        }
      },
      "2": {
        "name": "(anonymous_3)",
        "decl": {
          "start": {
            "line": 90,
            "column": 9
          },
          "end": {
            "line": 90,
            "column": 21
          }
        },
        "loc": {
          "start": {
            "line": 90,
            "column": 40
          },
          "end": {
            "line": 96,
            "column": null
          }
        }
      },
      "3": {
        "name": "(anonymous_4)",
        "decl": {
          "start": {
            "line": 98,
            "column": 9
          },
          "end": {
            "line": 98,
            "column": 23
          }
        },
        "loc": {
          "start": {
            "line": 98,
            "column": 45
          },
          "end": {
            "line": 107,
            "column": null
          }
        }
      },
      "4": {
        "name": "(anonymous_5)",
        "decl": {
          "start": {
            "line": 109,
            "column": 9
          },
          "end": {
            "line": 109,
            "column": 24
          }
        },
        "loc": {
          "start": {
            "line": 109,
            "column": 59
          },
          "end": {
            "line": 115,
            "column": null
          }
        }
      }
    },
    "branchMap": {
      "0": {
        "loc": {
          "start": {
            "line": 75,
            "column": 21
          },
          "end": {
            "line": 75,
            "column": 58
          }
        },
        "type": "cond-expr",
        "locations": [
          {
            "start": {
              "line": 75,
              "column": 40
            },
            "end": {
              "line": 75,
              "column": 51
            }
          },
          {
            "start": {
              "line": 75,
              "column": 51
            },
            "end": {
              "line": 75,
              "column": 58
            }
          }
        ]
      },
      "1": {
        "loc": {
          "start": {
            "line": 76,
            "column": 25
          },
          "end": {
            "line": 76,
            "column": 59
          }
        },
        "type": "cond-expr",
        "locations": [
          {
            "start": {
              "line": 76,
              "column": 44
            },
            "end": {
              "line": 76,
              "column": 50
            }
          },
          {
            "start": {
              "line": 76,
              "column": 50
            },
            "end": {
              "line": 76,
              "column": 59
            }
          }
        ]
      },
      "2": {
        "loc": {
          "start": {
            "line": 80,
            "column": 6
          },
          "end": {
            "line": 80,
            "column": 87
          }
        },
        "type": "cond-expr",
        "locations": [
          {
            "start": {
              "line": 80,
              "column": 21
            },
            "end": {
              "line": 80,
              "column": 83
            }
          },
          {
            "start": {
              "line": 80,
              "column": 83
            },
            "end": {
              "line": 80,
              "column": 87
            }
          }
        ]
      },
      "3": {
        "loc": {
          "start": {
            "line": 91,
            "column": 2
          },
          "end": {
            "line": 93,
            "column": null
          }
        },
        "type": "if",
        "locations": [
          {
            "start": {
              "line": 91,
              "column": 2
            },
            "end": {
              "line": 93,
              "column": null
            }
          }
        ]
      },
      "4": {
        "loc": {
          "start": {
            "line": 99,
            "column": 2
          },
          "end": {
            "line": 101,
            "column": null
          }
        },
        "type": "if",
        "locations": [
          {
            "start": {
              "line": 99,
              "column": 2
            },
            "end": {
              "line": 101,
              "column": null
            }
          }
        ]
      },
      "5": {
        "loc": {
          "start": {
            "line": 103,
            "column": 2
          },
          "end": {
            "line": 106,
            "column": null
          }
        },
        "type": "if",
        "locations": [
          {
            "start": {
              "line": 103,
              "column": 2
            },
            "end": {
              "line": 106,
              "column": null
            }
          }
        ]
      },
      "6": {
        "loc": {
          "start": {
            "line": 103,
            "column": 6
          },
          "end": {
            "line": 103,
            "column": 50
          }
        },
        "type": "binary-expr",
        "locations": [
          {
            "start": {
              "line": 103,
              "column": 6
            },
            "end": {
              "line": 103,
              "column": 31
            }
          },
          {
            "start": {
              "line": 103,
              "column": 31
            },
            "end": {
              "line": 103,
              "column": 50
            }
          }
        ]
      },
      "7": {
        "loc": {
          "start": {
            "line": 91,
            "column": 6
          },
          "end": {
            "line": 93,
            "column": null
          }
        },
        "type": "if",
        "locations": [
          {
            "start": {
              "line": 91,
              "column": 6
            },
            "end": {
              "line": 93,
              "column": null
            }
          }
        ]
      },
      "8": {
        "loc": {
          "start": {
            "line": 99,
            "column": 6
          },
          "end": {
            "line": 101,
            "column": null
          }
        },
        "type": "if",
        "locations": [
          {
            "start": {
              "line": 99,
              "column": 6
            },
            "end": {
              "line": 101,
              "column": null
            }
          }
        ]
      }
    },
    "s": {
      "0": 73,
      "1": 90,
      "2": 90,
      "3": 90,
      "4": 90,
      "5": 29,
      "6": 29,
      "7": 0,
      "8": 0,
      "9": 0,
      "10": 0,
      "11": 0,
      "12": 0,
      "13": 0,
      "14": 0,
      "15": 0,
      "16": 73,
      "17": 73,
      "18": 73,
      "19": 73,
      "20": 73,
      "21": 20,
      "22": 20,
      "23": 0,
      "24": 0,
      "25": 0
    },
    "f": {
      "0": 90,
      "1": 49,
      "2": 0,
      "3": 0,
      "4": 0
    },
    "b": {
      "0": [
        5,
        44
      ],
      "1": [
        5,
        44
      ],
      "2": [
        45,
        4
      ],
      "3": [
        0
      ],
      "4": [
        0
      ],
      "5": [
        0
      ],
      "6": [
        0,
        0
      ],
      "7": [
        0
      ],
      "8": [
        0
      ]
    }
  },
  "/home/guruprasad/Desktop/workspace/lit-components/src/components/Input/index.ts": {
    "path": "/home/guruprasad/Desktop/workspace/lit-components/src/components/Input/index.ts",
    "statementMap": {
      "0": {
        "start": {
          "line": 27,
          "column": 16
        },
        "end": {
          "line": 27,
          "column": null
        }
      },
      "1": {
        "start": {
          "line": 29,
          "column": 15
        },
        "end": {
          "line": 29,
          "column": null
        }
      },
      "2": {
        "start": {
          "line": 29,
          "column": 21
        },
        "end": {
          "line": 29,
          "column": null
        }
      },
      "3": {
        "start": {
          "line": 48,
          "column": 7
        },
        "end": {
          "line": 202,
          "column": null
        }
      },
      "4": {
        "start": {
          "line": 48,
          "column": 7
        },
        "end": {
          "line": 48,
          "column": 13
        }
      },
      "5": {
        "start": {
          "line": 55,
          "column": 1
        },
        "end": {
          "line": 55,
          "column": null
        }
      },
      "6": {
        "start": {
          "line": 61,
          "column": 1
        },
        "end": {
          "line": 61,
          "column": null
        }
      },
      "7": {
        "start": {
          "line": 67,
          "column": 1
        },
        "end": {
          "line": 67,
          "column": null
        }
      },
      "8": {
        "start": {
          "line": 73,
          "column": 1
        },
        "end": {
          "line": 73,
          "column": null
        }
      },
      "9": {
        "start": {
          "line": 79,
          "column": 1
        },
        "end": {
          "line": 79,
          "column": null
        }
      },
      "10": {
        "start": {
          "line": 85,
          "column": 1
        },
        "end": {
          "line": 85,
          "column": null
        }
      },
      "11": {
        "start": {
          "line": 91,
          "column": 1
        },
        "end": {
          "line": 91,
          "column": null
        }
      },
      "12": {
        "start": {
          "line": 97,
          "column": 1
        },
        "end": {
          "line": 97,
          "column": null
        }
      },
      "13": {
        "start": {
          "line": 103,
          "column": 1
        },
        "end": {
          "line": 103,
          "column": null
        }
      },
      "14": {
        "start": {
          "line": 109,
          "column": 1
        },
        "end": {
          "line": 109,
          "column": null
        }
      },
      "15": {
        "start": {
          "line": 112,
          "column": 1
        },
        "end": {
          "line": 112,
          "column": null
        }
      },
      "16": {
        "start": {
          "line": 114,
          "column": 1
        },
        "end": {
          "line": 114,
          "column": null
        }
      },
      "17": {
        "start": {
          "line": 117,
          "column": 2
        },
        "end": {
          "line": 117,
          "column": null
        }
      },
      "18": {
        "start": {
          "line": 118,
          "column": 2
        },
        "end": {
          "line": 118,
          "column": null
        }
      },
      "19": {
        "start": {
          "line": 122,
          "column": 2
        },
        "end": {
          "line": 124,
          "column": null
        }
      },
      "20": {
        "start": {
          "line": 123,
          "column": 3
        },
        "end": {
          "line": 123,
          "column": null
        }
      },
      "21": {
        "start": {
          "line": 131,
          "column": 25
        },
        "end": {
          "line": 136,
          "column": null
        }
      },
      "22": {
        "start": {
          "line": 138,
          "column": 22
        },
        "end": {
          "line": 141,
          "column": null
        }
      },
      "23": {
        "start": {
          "line": 141,
          "column": 39
        },
        "end": {
          "line": 141,
          "column": 53
        }
      },
      "24": {
        "start": {
          "line": 143,
          "column": 2
        },
        "end": {
          "line": 163,
          "column": null
        }
      },
      "25": {
        "start": {
          "line": 169,
          "column": 2
        },
        "end": {
          "line": 171,
          "column": null
        }
      },
      "26": {
        "start": {
          "line": 170,
          "column": 3
        },
        "end": {
          "line": 170,
          "column": null
        }
      },
      "27": {
        "start": {
          "line": 173,
          "column": 2
        },
        "end": {
          "line": 173,
          "column": null
        }
      },
      "28": {
        "start": {
          "line": 175,
          "column": 2
        },
        "end": {
          "line": 182,
          "column": null
        }
      },
      "29": {
        "start": {
          "line": 186,
          "column": 15
        },
        "end": {
          "line": 186,
          "column": null
        }
      },
      "30": {
        "start": {
          "line": 187,
          "column": 2
        },
        "end": {
          "line": 187,
          "column": null
        }
      },
      "31": {
        "start": {
          "line": 191,
          "column": 15
        },
        "end": {
          "line": 191,
          "column": null
        }
      },
      "32": {
        "start": {
          "line": 192,
          "column": 8
        },
        "end": {
          "line": 192,
          "column": null
        }
      },
      "33": {
        "start": {
          "line": 194,
          "column": 2
        },
        "end": {
          "line": 196,
          "column": null
        }
      },
      "34": {
        "start": {
          "line": 195,
          "column": 3
        },
        "end": {
          "line": 195,
          "column": null
        }
      },
      "35": {
        "start": {
          "line": 198,
          "column": 2
        },
        "end": {
          "line": 200,
          "column": null
        }
      },
      "36": {
        "start": {
          "line": 199,
          "column": 3
        },
        "end": {
          "line": 199,
          "column": null
        }
      },
      "37": {
        "start": {
          "line": 48,
          "column": 13
        },
        "end": {
          "line": 49,
          "column": null
        }
      },
      "38": {
        "start": {
          "line": 55,
          "column": 8
        },
        "end": {
          "line": 55,
          "column": 31
        }
      },
      "39": {
        "start": {
          "line": 61,
          "column": 8
        },
        "end": {
          "line": 61,
          "column": 36
        }
      },
      "40": {
        "start": {
          "line": 67,
          "column": 8
        },
        "end": {
          "line": 67,
          "column": 31
        }
      },
      "41": {
        "start": {
          "line": 73,
          "column": 8
        },
        "end": {
          "line": 73,
          "column": 37
        }
      },
      "42": {
        "start": {
          "line": 79,
          "column": 8
        },
        "end": {
          "line": 79,
          "column": 16
        }
      },
      "43": {
        "start": {
          "line": 85,
          "column": 8
        },
        "end": {
          "line": 85,
          "column": 30
        }
      },
      "44": {
        "start": {
          "line": 91,
          "column": 8
        },
        "end": {
          "line": 91,
          "column": 26
        }
      },
      "45": {
        "start": {
          "line": 97,
          "column": 8
        },
        "end": {
          "line": 97,
          "column": 19
        }
      },
      "46": {
        "start": {
          "line": 103,
          "column": 8
        },
        "end": {
          "line": 103,
          "column": 19
        }
      },
      "47": {
        "start": {
          "line": 106,
          "column": 9
        },
        "end": {
          "line": 106,
          "column": null
        }
      },
      "48": {
        "start": {
          "line": 109,
          "column": 9
        },
        "end": {
          "line": 109,
          "column": 28
        }
      },
      "49": {
        "start": {
          "line": 112,
          "column": 9
        },
        "end": {
          "line": 112,
          "column": 28
        }
      },
      "50": {
        "start": {
          "line": 48,
          "column": 13
        },
        "end": {
          "line": 48,
          "column": 29
        }
      },
      "51": {
        "start": {
          "line": 114,
          "column": 1
        },
        "end": {
          "line": 114,
          "column": 35
        }
      },
      "52": {
        "start": {
          "line": 123,
          "column": 8
        },
        "end": {
          "line": 123,
          "column": null
        }
      },
      "53": {
        "start": {
          "line": 131,
          "column": 25
        },
        "end": {
          "line": 135,
          "column": null
        }
      },
      "54": {
        "start": {
          "line": 143,
          "column": 9
        },
        "end": {
          "line": 163,
          "column": null
        }
      },
      "55": {
        "start": {
          "line": 169,
          "column": 6
        },
        "end": {
          "line": 171,
          "column": null
        }
      },
      "56": {
        "start": {
          "line": 173,
          "column": 7
        },
        "end": {
          "line": 173,
          "column": null
        }
      },
      "57": {
        "start": {
          "line": 175,
          "column": 7
        },
        "end": {
          "line": 182,
          "column": null
        }
      },
      "58": {
        "start": {
          "line": 187,
          "column": 7
        },
        "end": {
          "line": 187,
          "column": null
        }
      },
      "59": {
        "start": {
          "line": 191,
          "column": 8
        },
        "end": {
          "line": 191,
          "column": null
        }
      }
    },
    "fnMap": {
      "0": {
        "name": "(anonymous_1)",
        "decl": {
          "start": {
            "line": 29,
            "column": 15
          },
          "end": {
            "line": 29,
            "column": 21
          }
        },
        "loc": {
          "start": {
            "line": 29,
            "column": 21
          },
          "end": {
            "line": 29,
            "column": null
          }
        }
      },
      "1": {
        "name": "(anonymous_2)",
        "decl": {
          "start": {
            "line": 48,
            "column": 7
          },
          "end": {
            "line": 48,
            "column": 13
          }
        },
        "loc": {
          "start": {
            "line": 48,
            "column": 7
          },
          "end": {
            "line": 114,
            "column": null
          }
        }
      },
      "2": {
        "name": "(anonymous_3)",
        "decl": {
          "start": {
            "line": 116,
            "column": 11
          },
          "end": {
            "line": 116,
            "column": 26
          }
        },
        "loc": {
          "start": {
            "line": 116,
            "column": 26
          },
          "end": {
            "line": 119,
            "column": null
          }
        }
      },
      "3": {
        "name": "(anonymous_4)",
        "decl": {
          "start": {
            "line": 121,
            "column": 11
          },
          "end": {
            "line": 121,
            "column": 21
          }
        },
        "loc": {
          "start": {
            "line": 121,
            "column": 21
          },
          "end": {
            "line": 125,
            "column": null
          }
        }
      },
      "4": {
        "name": "(anonymous_5)",
        "decl": {
          "start": {
            "line": 130,
            "column": 11
          },
          "end": {
            "line": 130,
            "column": 20
          }
        },
        "loc": {
          "start": {
            "line": 130,
            "column": 20
          },
          "end": {
            "line": 166,
            "column": null
          }
        }
      },
      "5": {
        "name": "(anonymous_6)",
        "decl": {
          "start": {
            "line": 141,
            "column": 11
          },
          "end": {
            "line": 141,
            "column": 12
          }
        },
        "loc": {
          "start": {
            "line": 141,
            "column": 39
          },
          "end": {
            "line": 141,
            "column": 53
          }
        }
      },
      "6": {
        "name": "(anonymous_7)",
        "decl": {
          "start": {
            "line": 168,
            "column": 9
          },
          "end": {
            "line": 168,
            "column": 17
          }
        },
        "loc": {
          "start": {
            "line": 168,
            "column": 36
          },
          "end": {
            "line": 183,
            "column": null
          }
        }
      },
      "7": {
        "name": "(anonymous_8)",
        "decl": {
          "start": {
            "line": 185,
            "column": 9
          },
          "end": {
            "line": 185,
            "column": 22
          }
        },
        "loc": {
          "start": {
            "line": 185,
            "column": 36
          },
          "end": {
            "line": 188,
            "column": null
          }
        }
      },
      "8": {
        "name": "(anonymous_9)",
        "decl": {
          "start": {
            "line": 190,
            "column": 9
          },
          "end": {
            "line": 190,
            "column": 25
          }
        },
        "loc": {
          "start": {
            "line": 190,
            "column": 52
          },
          "end": {
            "line": 201,
            "column": null
          }
        }
      }
    },
    "branchMap": {
      "0": {
        "loc": {
          "start": {
            "line": 122,
            "column": 2
          },
          "end": {
            "line": 124,
            "column": null
          }
        },
        "type": "if",
        "locations": [
          {
            "start": {
              "line": 122,
              "column": 2
            },
            "end": {
              "line": 124,
              "column": null
            }
          }
        ]
      },
      "1": {
        "loc": {
          "start": {
            "line": 122,
            "column": 6
          },
          "end": {
            "line": 122,
            "column": 67
          }
        },
        "type": "binary-expr",
        "locations": [
          {
            "start": {
              "line": 122,
              "column": 6
            },
            "end": {
              "line": 122,
              "column": 27
            }
          },
          {
            "start": {
              "line": 122,
              "column": 27
            },
            "end": {
              "line": 122,
              "column": 67
            }
          }
        ]
      },
      "2": {
        "loc": {
          "start": {
            "line": 139,
            "column": 3
          },
          "end": {
            "line": 139,
            "column": null
          }
        },
        "type": "cond-expr",
        "locations": [
          {
            "start": {
              "line": 139,
              "column": 21
            },
            "end": {
              "line": 139,
              "column": 48
            }
          },
          {
            "start": {
              "line": 139,
              "column": 48
            },
            "end": {
              "line": 139,
              "column": null
            }
          }
        ]
      },
      "3": {
        "loc": {
          "start": {
            "line": 140,
            "column": 3
          },
          "end": {
            "line": 140,
            "column": null
          }
        },
        "type": "cond-expr",
        "locations": [
          {
            "start": {
              "line": 140,
              "column": 16
            },
            "end": {
              "line": 140,
              "column": 42
            }
          },
          {
            "start": {
              "line": 140,
              "column": 42
            },
            "end": {
              "line": 140,
              "column": null
            }
          }
        ]
      },
      "4": {
        "loc": {
          "start": {
            "line": 145,
            "column": 6
          },
          "end": {
            "line": 145,
            "column": 79
          }
        },
        "type": "cond-expr",
        "locations": [
          {
            "start": {
              "line": 145,
              "column": 19
            },
            "end": {
              "line": 145,
              "column": 75
            }
          },
          {
            "start": {
              "line": 145,
              "column": 75
            },
            "end": {
              "line": 145,
              "column": 79
            }
          }
        ]
      },
      "5": {
        "loc": {
          "start": {
            "line": 152,
            "column": 13
          },
          "end": {
            "line": 152,
            "column": 28
          }
        },
        "type": "binary-expr",
        "locations": [
          {
            "start": {
              "line": 152,
              "column": 13
            },
            "end": {
              "line": 152,
              "column": 26
            }
          },
          {
            "start": {
              "line": 152,
              "column": 26
            },
            "end": {
              "line": 152,
              "column": 28
            }
          }
        ]
      },
      "6": {
        "loc": {
          "start": {
            "line": 153,
            "column": 20
          },
          "end": {
            "line": 153,
            "column": 42
          }
        },
        "type": "binary-expr",
        "locations": [
          {
            "start": {
              "line": 153,
              "column": 20
            },
            "end": {
              "line": 153,
              "column": 40
            }
          },
          {
            "start": {
              "line": 153,
              "column": 40
            },
            "end": {
              "line": 153,
              "column": 42
            }
          }
        ]
      },
      "7": {
        "loc": {
          "start": {
            "line": 156,
            "column": 21
          },
          "end": {
            "line": 156,
            "column": 50
          }
        },
        "type": "cond-expr",
        "locations": [
          {
            "start": {
              "line": 156,
              "column": 34
            },
            "end": {
              "line": 156,
              "column": 43
            }
          },
          {
            "start": {
              "line": 156,
              "column": 43
            },
            "end": {
              "line": 156,
              "column": 50
            }
          }
        ]
      },
      "8": {
        "loc": {
          "start": {
            "line": 162,
            "column": 6
          },
          "end": {
            "line": 162,
            "column": 115
          }
        },
        "type": "cond-expr",
        "locations": [
          {
            "start": {
              "line": 162,
              "column": 24
            },
            "end": {
              "line": 162,
              "column": 111
            }
          },
          {
            "start": {
              "line": 162,
              "column": 111
            },
            "end": {
              "line": 162,
              "column": 115
            }
          }
        ]
      },
      "9": {
        "loc": {
          "start": {
            "line": 163,
            "column": 6
          },
          "end": {
            "line": 163,
            "column": 103
          }
        },
        "type": "cond-expr",
        "locations": [
          {
            "start": {
              "line": 163,
              "column": 19
            },
            "end": {
              "line": 163,
              "column": 99
            }
          },
          {
            "start": {
              "line": 163,
              "column": 99
            },
            "end": {
              "line": 163,
              "column": 103
            }
          }
        ]
      },
      "10": {
        "loc": {
          "start": {
            "line": 169,
            "column": 2
          },
          "end": {
            "line": 171,
            "column": null
          }
        },
        "type": "if",
        "locations": [
          {
            "start": {
              "line": 169,
              "column": 2
            },
            "end": {
              "line": 171,
              "column": null
            }
          }
        ]
      },
      "11": {
        "loc": {
          "start": {
            "line": 192,
            "column": 22
          },
          "end": {
            "line": 192,
            "column": 76
          }
        },
        "type": "binary-expr",
        "locations": [
          {
            "start": {
              "line": 192,
              "column": 22
            },
            "end": {
              "line": 192,
              "column": 71
            }
          },
          {
            "start": {
              "line": 192,
              "column": 71
            },
            "end": {
              "line": 192,
              "column": 76
            }
          }
        ]
      },
      "12": {
        "loc": {
          "start": {
            "line": 194,
            "column": 2
          },
          "end": {
            "line": 196,
            "column": null
          }
        },
        "type": "if",
        "locations": [
          {
            "start": {
              "line": 194,
              "column": 2
            },
            "end": {
              "line": 196,
              "column": null
            }
          }
        ]
      },
      "13": {
        "loc": {
          "start": {
            "line": 194,
            "column": 6
          },
          "end": {
            "line": 194,
            "column": 65
          }
        },
        "type": "binary-expr",
        "locations": [
          {
            "start": {
              "line": 194,
              "column": 6
            },
            "end": {
              "line": 194,
              "column": 27
            }
          },
          {
            "start": {
              "line": 194,
              "column": 27
            },
            "end": {
              "line": 194,
              "column": 65
            }
          }
        ]
      },
      "14": {
        "loc": {
          "start": {
            "line": 198,
            "column": 2
          },
          "end": {
            "line": 200,
            "column": null
          }
        },
        "type": "if",
        "locations": [
          {
            "start": {
              "line": 198,
              "column": 2
            },
            "end": {
              "line": 200,
              "column": null
            }
          }
        ]
      },
      "15": {
        "loc": {
          "start": {
            "line": 198,
            "column": 6
          },
          "end": {
            "line": 198,
            "column": 65
          }
        },
        "type": "binary-expr",
        "locations": [
          {
            "start": {
              "line": 198,
              "column": 6
            },
            "end": {
              "line": 198,
              "column": 27
            }
          },
          {
            "start": {
              "line": 198,
              "column": 27
            },
            "end": {
              "line": 198,
              "column": 65
            }
          }
        ]
      },
      "16": {
        "loc": {
          "start": {
            "line": 169,
            "column": 6
          },
          "end": {
            "line": 171,
            "column": null
          }
        },
        "type": "if",
        "locations": [
          {
            "start": {
              "line": 169,
              "column": 6
            },
            "end": {
              "line": 171,
              "column": null
            }
          }
        ]
      },
      "17": {
        "loc": {
          "start": {
            "line": 191,
            "column": 8
          },
          "end": {
            "line": 191,
            "column": null
          }
        },
        "type": "cond-expr",
        "locations": [
          {
            "start": {
              "line": 191,
              "column": 15
            },
            "end": {
              "line": 191,
              "column": 20
            }
          },
          {
            "start": {
              "line": 191,
              "column": 15
            },
            "end": {
              "line": 191,
              "column": null
            }
          }
        ]
      },
      "18": {
        "loc": {
          "start": {
            "line": 192,
            "column": 22
          },
          "end": {
            "line": 192,
            "column": 71
          }
        },
        "type": "cond-expr",
        "locations": [
          {
            "start": {
              "line": 192,
              "column": 22
            },
            "end": {
              "line": 192,
              "column": 28
            }
          },
          {
            "start": {
              "line": 192,
              "column": 22
            },
            "end": {
              "line": 192,
              "column": 71
            }
          }
        ]
      }
    },
    "s": {
      "0": 73,
      "1": 73,
      "2": 112,
      "3": 73,
      "4": 112,
      "5": 112,
      "6": 112,
      "7": 112,
      "8": 112,
      "9": 112,
      "10": 112,
      "11": 112,
      "12": 112,
      "13": 112,
      "14": 112,
      "15": 112,
      "16": 112,
      "17": 56,
      "18": 56,
      "19": 63,
      "20": 0,
      "21": 63,
      "22": 63,
      "23": 126,
      "24": 63,
      "25": 0,
      "26": 0,
      "27": 0,
      "28": 0,
      "29": 7,
      "30": 7,
      "31": 119,
      "32": 119,
      "33": 119,
      "34": 4,
      "35": 119,
      "36": 3,
      "37": 73,
      "38": 73,
      "39": 73,
      "40": 73,
      "41": 73,
      "42": 73,
      "43": 73,
      "44": 73,
      "45": 73,
      "46": 73,
      "47": 73,
      "48": 73,
      "49": 73,
      "50": 73,
      "51": 0,
      "52": 0,
      "53": 0,
      "54": 0,
      "55": 0,
      "56": 0,
      "57": 0,
      "58": 0,
      "59": 0
    },
    "f": {
      "0": 112,
      "1": 112,
      "2": 56,
      "3": 63,
      "4": 63,
      "5": 126,
      "6": 0,
      "7": 7,
      "8": 119
    },
    "b": {
      "0": [
        0
      ],
      "1": [
        63,
        63
      ],
      "2": [
        11,
        52
      ],
      "3": [
        7,
        56
      ],
      "4": [
        63,
        0
      ],
      "5": [
        63,
        63
      ],
      "6": [
        63,
        0
      ],
      "7": [
        7,
        56
      ],
      "8": [
        11,
        52
      ],
      "9": [
        7,
        56
      ],
      "10": [
        0
      ],
      "11": [
        119,
        0
      ],
      "12": [
        4
      ],
      "13": [
        119,
        60
      ],
      "14": [
        3
      ],
      "15": [
        119,
        59
      ],
      "16": [
        0
      ],
      "17": [
        0,
        0
      ],
      "18": [
        0,
        0
      ]
    }
  },
  "/home/guruprasad/Desktop/workspace/lit-components/src/components/Dropdown/index.ts": {
    "path": "/home/guruprasad/Desktop/workspace/lit-components/src/components/Dropdown/index.ts",
    "statementMap": {
      "0": {
        "start": {
          "line": 50,
          "column": 17
        },
        "end": {
          "line": 50,
          "column": null
        }
      },
      "1": {
        "start": {
          "line": 52,
          "column": 23
        },
        "end": {
          "line": 52,
          "column": null
        }
      },
      "2": {
        "start": {
          "line": 52,
          "column": 29
        },
        "end": {
          "line": 52,
          "column": null
        }
      },
      "3": {
        "start": {
          "line": 71,
          "column": 7
        },
        "end": {
          "line": 256,
          "column": null
        }
      },
      "4": {
        "start": {
          "line": 71,
          "column": 7
        },
        "end": {
          "line": 71,
          "column": 13
        }
      },
      "5": {
        "start": {
          "line": 78,
          "column": 1
        },
        "end": {
          "line": 78,
          "column": null
        }
      },
      "6": {
        "start": {
          "line": 84,
          "column": 1
        },
        "end": {
          "line": 84,
          "column": null
        }
      },
      "7": {
        "start": {
          "line": 90,
          "column": 1
        },
        "end": {
          "line": 90,
          "column": null
        }
      },
      "8": {
        "start": {
          "line": 96,
          "column": 1
        },
        "end": {
          "line": 96,
          "column": null
        }
      },
      "9": {
        "start": {
          "line": 102,
          "column": 1
        },
        "end": {
          "line": 102,
          "column": null
        }
      },
      "10": {
        "start": {
          "line": 108,
          "column": 1
        },
        "end": {
          "line": 108,
          "column": null
        }
      },
      "11": {
        "start": {
          "line": 114,
          "column": 1
        },
        "end": {
          "line": 114,
          "column": null
        }
[...]
            "line": 34,
            "column": 45
          }
        },
        "type": "cond-expr",
        "locations": [
          {
            "start": {
              "line": 34,
              "column": 31
            },
            "end": {
              "line": 34,
              "column": 33
            }
          },
          {
            "start": {
              "line": 34,
              "column": 36
            },
            "end": {
              "line": 34,
              "column": 45
            }
          }
        ]
      }
    },
    "s": {
      "0": 7,
      "1": 0,
      "2": 0,
      "3": 0,
      "4": 0,
      "5": 0,
      "6": 0,
      "7": 0,
      "8": 0,
      "9": 0
    },
    "f": {
      "0": 0,
      "1": 0
    },
    "b": {
      "0": [
        0,
        0
      ],
      "1": [
        0
      ],
      "2": [
        0,
        0
      ],
      "3": [
        0,
        0
      ]
    }
  },
  "/home/guruprasad/Desktop/workspace/lit-components/dist/react/VgCard.js": {
    "path": "/home/guruprasad/Desktop/workspace/lit-components/dist/react/VgCard.js",
    "statementMap": {
      "0": {
        "start": {
          "line": 5,
          "column": 22
        },
        "end": {
          "line": 36,
          "column": 2
        }
      },
      "1": {
        "start": {
          "line": 6,
          "column": 14
        },
        "end": {
          "line": 6,
          "column": 26
        }
      },
      "2": {
        "start": {
          "line": 7,
          "column": 62
        },
        "end": {
          "line": 7,
          "column": 67
        }
      },
      "3": {
        "start": {
          "line": 10,
          "column": 2
        },
        "end": {
          "line": 10,
          "column": 55
        }
      },
      "4": {
        "start": {
          "line": 12,
          "column": 2
        },
        "end": {
          "line": 35,
          "column": 4
        }
      },
      "5": {
        "start": {
          "line": 16,
          "column": 8
        },
        "end": {
          "line": 16,
          "column": 27
        }
      },
      "6": {
        "start": {
          "line": 17,
          "column": 8
        },
        "end": {
          "line": 21,
          "column": 9
        }
      },
      "7": {
        "start": {
          "line": 18,
          "column": 10
        },
        "end": {
          "line": 18,
          "column": 29
        }
      },
      "8": {
        "start": {
          "line": 19,
          "column": 15
        },
        "end": {
          "line": 21,
          "column": 9
        }
      },
      "9": {
        "start": {
          "line": 20,
          "column": 10
        },
        "end": {
          "line": 20,
          "column": 38
        }
      }
    },
    "fnMap": {
      "0": {
        "name": "(anonymous_0)",
        "decl": {
          "start": {
            "line": 5,
            "column": 33
          },
          "end": {
            "line": 5,
            "column": 34
          }
        },
        "loc": {
          "start": {
            "line": 5,
            "column": 58
          },
          "end": {
            "line": 36,
            "column": 1
          }
        }
      },
      "1": {
        "name": "(anonymous_1)",
        "decl": {
          "start": {
            "line": 15,
            "column": 11
          },
          "end": {
            "line": 15,
            "column": 12
          }
        },
        "loc": {
          "start": {
            "line": 15,
            "column": 21
          },
          "end": {
            "line": 22,
            "column": 7
          }
        }
      }
    },
    "branchMap": {
      "0": {
        "loc": {
          "start": {
            "line": 17,
            "column": 8
          },
          "end": {
            "line": 21,
            "column": 9
          }
        },
        "type": "if",
        "locations": [
          {
            "start": {
              "line": 17,
              "column": 8
            },
            "end": {
              "line": 21,
              "column": 9
            }
          },
          {
            "start": {
              "line": 19,
              "column": 15
            },
            "end": {
              "line": 21,
              "column": 9
            }
          }
        ]
      },
      "1": {
        "loc": {
          "start": {
            "line": 19,
            "column": 15
          },
          "end": {
            "line": 21,
            "column": 9
          }
        },
        "type": "if",
        "locations": [
          {
            "start": {
              "line": 19,
              "column": 15
            },
            "end": {
              "line": 21,
              "column": 9
            }
          }
        ]
      },
      "2": {
        "loc": {
          "start": {
            "line": 31,
            "column": 19
          },
          "end": {
            "line": 31,
            "column": 53
          }
        },
        "type": "cond-expr",
        "locations": [
          {
            "start": {
              "line": 31,
              "column": 39
            },
            "end": {
              "line": 31,
              "column": 41
            }
          },
          {
            "start": {
              "line": 31,
              "column": 44
            },
            "end": {
              "line": 31,
              "column": 53
            }
          }
        ]
      }
    },
    "s": {
      "0": 7,
      "1": 4,
      "2": 4,
      "3": 4,
      "4": 4,
      "5": 4,
      "6": 4,
      "7": 0,
      "8": 4,
      "9": 0
    },
    "f": {
      "0": 4,
      "1": 4
    },
    "b": {
      "0": [
        0,
        4
      ],
      "1": [
        0
      ],
      "2": [
        0,
        4
      ]
    }
  },
  "/home/guruprasad/Desktop/workspace/lit-components/dist/react/VgInput.js": {
    "path": "/home/guruprasad/Desktop/workspace/lit-components/dist/react/VgInput.js",
    "statementMap": {
      "0": {
        "start": {
          "line": 5,
          "column": 23
        },
        "end": {
          "line": 53,
          "column": 2
        }
      },
      "1": {
        "start": {
          "line": 6,
          "column": 14
        },
        "end": {
          "line": 6,
          "column": 26
        }
      },
      "2": {
        "start": {
          "line": 18,
          "column": 6
        },
        "end": {
          "line": 18,
          "column": 11
        }
      },
      "3": {
        "start": {
          "line": 21,
          "column": 2
        },
        "end": {
          "line": 21,
          "column": 55
        }
      },
      "4": {
        "start": {
          "line": 23,
          "column": 2
        },
        "end": {
          "line": 52,
          "column": 4
        }
      },
      "5": {
        "start": {
          "line": 27,
          "column": 8
        },
        "end": {
          "line": 27,
          "column": 27
        }
      },
      "6": {
        "start": {
          "line": 28,
          "column": 8
        },
        "end": {
          "line": 32,
          "column": 9
        }
      },
      "7": {
        "start": {
          "line": 29,
          "column": 10
        },
        "end": {
          "line": 29,
          "column": 29
        }
      },
      "8": {
        "start": {
          "line": 30,
          "column": 15
        },
        "end": {
          "line": 32,
          "column": 9
        }
      },
      "9": {
        "start": {
          "line": 31,
          "column": 10
        },
        "end": {
          "line": 31,
          "column": 38
        }
      }
    },
    "fnMap": {
      "0": {
        "name": "(anonymous_0)",
        "decl": {
          "start": {
            "line": 5,
            "column": 34
          },
          "end": {
            "line": 5,
            "column": 35
          }
        },
        "loc": {
          "start": {
            "line": 5,
            "column": 59
          },
          "end": {
            "line": 53,
            "column": 1
          }
        }
      },
      "1": {
        "name": "(anonymous_1)",
        "decl": {
          "start": {
            "line": 26,
            "column": 11
          },
          "end": {
            "line": 26,
            "column": 12
          }
        },
        "loc": {
          "start": {
            "line": 26,
            "column": 21
          },
          "end": {
            "line": 33,
            "column": 7
          }
        }
      }
    },
    "branchMap": {
      "0": {
        "loc": {
          "start": {
            "line": 28,
            "column": 8
          },
          "end": {
            "line": 32,
            "column": 9
          }
        },
        "type": "if",
        "locations": [
          {
            "start": {
              "line": 28,
              "column": 8
            },
            "end": {
              "line": 32,
              "column": 9
            }
          },
          {
            "start": {
              "line": 30,
              "column": 15
            },
            "end": {
              "line": 32,
              "column": 9
            }
          }
        ]
      },
      "1": {
        "loc": {
          "start": {
            "line": 30,
            "column": 15
          },
          "end": {
            "line": 32,
            "column": 9
          }
        },
        "type": "if",
        "locations": [
          {
            "start": {
              "line": 30,
              "column": 15
            },
            "end": {
              "line": 32,
              "column": 9
            }
          }
        ]
      },
      "2": {
        "loc": {
          "start": {
            "line": 36,
            "column": 21
          },
          "end": {
            "line": 36,
            "column": 61
          }
        },
        "type": "binary-expr",
        "locations": [
          {
            "start": {
              "line": 36,
              "column": 21
            },
            "end": {
              "line": 36,
              "column": 37
            }
          },
          {
            "start": {
              "line": 36,
              "column": 41
            },
            "end": {
              "line": 36,
              "column": 61
            }
          }
        ]
      },
      "3": {
        "loc": {
          "start": {
            "line": 47,
            "column": 16
          },
          "end": {
            "line": 47,
            "column": 47
          }
        },
        "type": "cond-expr",
        "locations": [
          {
            "start": {
              "line": 47,
              "column": 33
            },
            "end": {
              "line": 47,
              "column": 35
            }
          },
          {
            "start": {
              "line": 47,
              "column": 38
            },
            "end": {
              "line": 47,
              "column": 47
            }
          }
        ]
      },
      "4": {
        "loc": {
          "start": {
            "line": 48,
            "column": 16
          },
          "end": {
            "line": 48,
            "column": 47
          }
        },
        "type": "cond-expr",
        "locations": [
          {
            "start": {
              "line": 48,
              "column": 33
            },
            "end": {
              "line": 48,
              "column": 35
            }
          },
          {
            "start": {
              "line": 48,
              "column": 38
            },
            "end": {
              "line": 48,
              "column": 47
            }
          }
        ]
      }
    },
    "s": {
      "0": 7,
      "1": 0,
      "2": 0,
      "3": 0,
      "4": 0,
      "5": 0,
      "6": 0,
      "7": 0,
      "8": 0,
      "9": 0
    },
    "f": {
      "0": 0,
      "1": 0
    },
    "b": {
      "0": [
        0,
        0
      ],
      "1": [
        0
      ],
      "2": [
        0,
        0
      ],
      "3": [
        0,
        0
      ],
      "4": [
        0,
        0
      ]
    }
  },
  "/home/guruprasad/Desktop/workspace/lit-components/dist/react/VgDropdown.js": {
    "path": "/home/guruprasad/Desktop/workspace/lit-components/dist/react/VgDropdown.js",
    "statementMap": {
      "0": {
        "start": {
          "line": 5,
          "column": 26
        },
        "end": {
          "line": 55,
          "column": 2
        }
      },
      "1": {
        "start": {
          "line": 6,
          "column": 14
        },
        "end": {
          "line": 6,
          "column": 26
        }
      },
      "2": {
        "start": {
          "line": 18,
          "column": 6
        },
        "end": {
          "line": 18,
          "column": 11
        }
      },
      "3": {
        "start": {
          "line": 21,
          "column": 2
        },
        "end": {
          "line": 21,
          "column": 55
        }
      },
      "4": {
        "start": {
          "line": 24,
          "column": 2
        },
        "end": {
          "line": 24,
          "column": 47
        }
      },
      "5": {
        "start": {
          "line": 26,
          "column": 2
        },
        "end": {
          "line": 54,
          "column": 4
        }
      },
      "6": {
        "start": {
          "line": 30,
          "column": 8
        },
        "end": {
          "line": 30,
          "column": 27
        }
      },
      "7": {
        "start": {
          "line": 31,
          "column": 8
        },
        "end": {
          "line": 35,
          "column": 9
        }
      },
      "8": {
        "start": {
          "line": 32,
          "column": 10
        },
        "end": {
          "line": 32,
          "column": 29
        }
      },
      "9": {
        "start": {
          "line": 33,
          "column": 15
        },
        "end": {
          "line": 35,
          "column": 9
        }
      },
      "10": {
        "start": {
          "line": 34,
          "column": 10
        },
        "end": {
          "line": 34,
          "column": 38
        }
      }
    },
    "fnMap": {
      "0": {
        "name": "(anonymous_0)",
        "decl": {
          "start": {
            "line": 5,
            "column": 37
          },
          "end": {
            "line": 5,
            "column": 38
          }
        },
        "loc": {
          "start": {
            "line": 5,
            "column": 62
          },
          "end": {
            "line": 55,
            "column": 1
          }
        }
      },
      "1": {
        "name": "(anonymous_1)",
        "decl": {
          "start": {
            "line": 29,
            "column": 11
          },
          "end": {
            "line": 29,
            "column": 12
          }
        },
        "loc": {
          "start": {
            "line": 29,
            "column": 21
          },
          "end": {
            "line": 36,
            "column": 7
          }
        }
      }
    },
    "branchMap": {
      "0": {
        "loc": {
          "start": {
            "line": 31,
            "column": 8
          },
          "end": {
            "line": 35,
            "column": 9
          }
        },
        "type": "if",
        "locations": [
          {
            "start": {
              "line": 31,
              "column": 8
            },
            "end": {
              "line": 35,
              "column": 9
            }
          },
          {
            "start": {
              "line": 33,
              "column": 15
            },
            "end": {
              "line": 35,
              "column": 9
            }
          }
        ]
      },
      "1": {
        "loc": {
          "start": {
            "line": 33,
            "column": 15
          },
          "end": {
            "line": 35,
            "column": 9
          }
        },
        "type": "if",
        "locations": [
          {
            "start": {
              "line": 33,
              "column": 15
            },
            "end": {
              "line": 35,
              "column": 9
            }
          }
        ]
      },
      "2": {
        "loc": {
          "start": {
            "line": 39,
            "column": 21
          },
          "end": {
            "line": 39,
            "column": 61
          }
        },
        "type": "binary-expr",
        "locations": [
          {
            "start": {
              "line": 39,
              "column": 21
            },
            "end": {
              "line": 39,
              "column": 37
            }
          },
          {
            "start": {
              "line": 39,
              "column": 41
            },
            "end": {
              "line": 39,
              "column": 61
            }
          }
        ]
      },
      "3": {
        "loc": {
          "start": {
            "line": 49,
            "column": 16
          },
          "end": {
            "line": 49,
            "column": 47
          }
        },
        "type": "cond-expr",
        "locations": [
          {
            "start": {
              "line": 49,
              "column": 33
            },
            "end": {
              "line": 49,
              "column": 35
            }
          },
          {
            "start": {
              "line": 49,
              "column": 38
            },
            "end": {
              "line": 49,
              "column": 47
            }
          }
        ]
      },
      "4": {
        "loc": {
          "start": {
            "line": 50,
            "column": 16
          },
          "end": {
            "line": 50,
            "column": 47
          }
        },
        "type": "cond-expr",
        "locations": [
          {
            "start": {
              "line": 50,
              "column": 33
            },
            "end": {
              "line": 50,
              "column": 35
            }
          },
          {
            "start": {
              "line": 50,
              "column": 38
            },
            "end": {
              "line": 50,
              "column": 47
            }
          }
        ]
      }
    },
    "s": {
      "0": 7,
      "1": 58,
      "2": 58,
      "3": 58,
      "4": 58,
      "5": 58,
      "6": 58,
      "7": 58,
      "8": 0,
      "9": 58,
      "10": 0
    },
    "f": {
      "0": 58,
      "1": 58
    },
    "b": {
      "0": [
        0,
        58
      ],
      "1": [
        0
      ],
      "2": [
        58,
        32
      ],
      "3": [
        8,
        50
      ],
      "4": [
        18,
        40
      ]
    }
  },
  "/home/guruprasad/Desktop/workspace/lit-components/dist/react/MyElement.js": {
    "path": "/home/guruprasad/Desktop/workspace/lit-components/dist/react/MyElement.js",
    "statementMap": {
      "0": {
        "start": {
          "line": 4,
          "column": 25
        },
        "end": {
          "line": 18,
          "column": 2
        }
      },
      "1": {
        "start": {
          "line": 5,
          "column": 2
        },
        "end": {
          "line": 17,
          "column": 4
        }
      }
    },
    "fnMap": {
      "0": {
        "name": "(anonymous_0)",
        "decl": {
          "start": {
            "line": 4,
            "column": 36
          },
          "end": {
            "line": 4,
            "column": 37
          }
        },
        "loc": {
          "start": {
            "line": 4,
            "column": 61
          },
          "end": {
            "line": 18,
            "column": 1
          }
        }
      }
    },
    "branchMap": {},
    "s": {
      "0": 7,
      "1": 0
    },
    "f": {
      "0": 0
    },
    "b": {}
  }
}