TN:
SF:dist/react/MyElement.js
FN:4,(anonymous_0)
FNF:1
FNH:0
FNDA:0,(anonymous_0)
DA:4,7
DA:5,0
LF:2
LH:1
BRF:0
BRH:0
end_of_record
TN:
SF:dist/react/ThemeProvider.js
FN:5,(anonymous_0)
FN:15,(anonymous_1)
FNF:2
FNH:2
FNDA:16,(anonymous_0)
FNDA:16,(anonymous_1)
DA:5,7
DA:6,16
DA:7,16
DA:10,16
DA:12,16
DA:16,16
DA:17,16
DA:18,0
DA:19,16
DA:20,0
LF:10
LH:8
BRDA:17,0,0,0
BRDA:17,0,1,16
BRDA:19,1,0,0
BRF:3
BRH:1
end_of_record
TN:
SF:dist/react/VgButton.js
FN:5,(anonymous_0)
FN:16,(anonymous_1)
FNF:2
FNH:0
FNDA:0,(anonymous_0)
FNDA:0,(anonymous_1)
DA:5,7
DA:6,0
DA:8,0
DA:11,0
DA:13,0
DA:17,0
DA:18,0
DA:19,0
DA:20,0
DA:21,0
LF:10
LH:1
BRDA:18,0,0,0
BRDA:18,0,1,0
BRDA:20,1,0,0
BRDA:33,2,0,0
BRDA:33,2,1,0
BRDA:34,3,0,0
BRDA:34,3,1,0
BRF:7
BRH:0
end_of_record
TN:
SF:dist/react/VgCard.js
FN:5,(anonymous_0)
FN:15,(anonymous_1)
FNF:2
FNH:2
FNDA:4,(anonymous_0)
FNDA:4,(anonymous_1)
DA:5,7
DA:6,4
DA:7,4
DA:10,4
DA:12,4
DA:16,4
DA:17,4
DA:18,0
DA:19,4
DA:20,0
LF:10
LH:8
BRDA:17,0,0,0
BRDA:17,0,1,4
BRDA:19,1,0,0
BRDA:31,2,0,0
BRDA:31,2,1,4
BRF:5
BRH:2
end_of_record
TN:
SF:dist/react/VgDropdown.js
FN:5,(anonymous_0)
FN:29,(anonymous_1)
FNF:2
FNH:2
FNDA:58,(anonymous_0)
FNDA:58,(anonymous_1)
DA:5,7
DA:6,58
DA:18,58
DA:21,58
DA:24,58
DA:26,58
DA:30,58
DA:31,58
DA:32,0
DA:33,58
DA:34,0
LF:11
LH:9
BRDA:31,0,0,0
BRDA:31,0,1,58
BRDA:33,1,0,0
BRDA:39,2,0,58
BRDA:39,2,1,32
BRDA:49,3,0,8
BRDA:49,3,1,50
BRDA:50,4,0,18
BRDA:50,4,1,40
BRF:9
BRH:7
end_of_record
TN:
SF:dist/react/VgInput.js
FN:5,(anonymous_0)
FN:26,(anonymous_1)
FNF:2
FNH:0
FNDA:0,(anonymous_0)
FNDA:0,(anonymous_1)
DA:5,7
DA:6,0
DA:18,0
DA:21,0
DA:23,0
DA:27,0
DA:28,0
DA:29,0
DA:30,0
DA:31,0
LF:10
LH:1
BRDA:28,0,0,0
BRDA:28,0,1,0
BRDA:30,1,0,0
BRDA:36,2,0,0
BRDA:36,2,1,0
BRDA:47,3,0,0
BRDA:47,3,1,0
BRDA:48,4,0,0
BRDA:48,4,1,0
BRF:9
BRH:0
end_of_record
TN:
SF:dist/react/react-utils.js
FN:3,useProperties
FN:4,(anonymous_1)
FN:20,useEventListener
FN:21,(anonymous_3)
FN:27,(anonymous_4)
FNF:5
FNH:4
FNDA:58,useProperties
FNDA:58,(anonymous_1)
FNDA:78,useEventListener
FNDA:78,(anonymous_3)
FNDA:0,(anonymous_4)
DA:4,58
DA:5,58
DA:11,58
DA:12,58
DA:14,0
DA:21,78
DA:22,78
DA:23,78
DA:24,50
DA:27,78
DA:28,0
DA:29,0
DA:32,0
LF:13
LH:9
BRDA:5,0,0,58
BRDA:6,1,0,58
BRDA:6,1,1,58
BRDA:6,1,2,58
BRDA:23,2,0,50
BRDA:28,3,0,0
BRF:6
BRH:5
end_of_record
TN:
SF:src/components/Button/index.ts
FN:52,(anonymous_1)
FN:84,(anonymous_2)
FN:103,(anonymous_3)
FN:130,(anonymous_4)
FN:146,(anonymous_5)
FN:150,(anonymous_6)
FNF:6
FNH:5
FNDA:158,(anonymous_1)
FNDA:79,(anonymous_2)
FNDA:79,(anonymous_3)
FNDA:0,(anonymous_4)
FNDA:79,(anonymous_5)
FNDA:79,(anonymous_6)
DA:32,73
DA:33,73
DA:52,158
DA:59,158
DA:65,158
DA:71,158
DA:77,158
DA:83,158
DA:85,78
DA:86,79
DA:87,78
DA:88,0
DA:92,78
DA:93,79
DA:94,78
DA:95,0
DA:104,79
DA:105,78
DA:111,78
DA:131,0
DA:132,0
DA:133,0
DA:134,0
DA:137,0
DA:147,79
DA:151,79
LF:26
LH:19
BRDA:85,0,0,78
BRDA:87,1,0,0
BRDA:92,2,0,78
BRDA:94,3,0,0
BRDA:104,4,0,79
BRDA:104,4,1,74
BRDA:120,5,0,3
BRDA:120,5,1,76
BRDA:131,6,0,0
BRDA:131,7,0,0
BRDA:131,7,1,0
BRDA:147,8,0,79
BRDA:147,8,1,0
BRDA:151,9,0,79
BRDA:151,9,1,0
BRDA:85,10,0,1
BRDA:87,11,0,0
BRDA:92,12,0,1
BRDA:94,13,0,0
BRDA:131,14,0,0
BRF:20
BRH:10
end_of_record
TN:
SF:src/components/Card/index.ts
FN:41,(anonymous_1)
FN:65,(anonymous_2)
FN:90,(anonymous_3)
FN:98,(anonymous_4)
FN:109,(anonymous_5)
FNF:5
FNH:2
FNDA:90,(anonymous_1)
FNDA:49,(anonymous_2)
FNDA:0,(anonymous_3)
FNDA:0,(anonymous_4)
FNDA:0,(anonymous_5)
DA:41,90
DA:48,90
DA:54,90
DA:60,90
DA:66,29
DA:72,29
DA:91,0
DA:92,0
DA:95,0
DA:99,0
DA:100,0
DA:103,0
DA:104,0
DA:105,0
DA:110,0
LF:15
LH:6
BRDA:75,0,0,5
BRDA:75,0,1,44
BRDA:76,1,0,5
BRDA:76,1,1,44
BRDA:80,2,0,45
BRDA:80,2,1,4
BRDA:91,3,0,0
BRDA:99,4,0,0
BRDA:103,5,0,0
BRDA:103,6,0,0
BRDA:103,6,1,0
BRDA:91,7,0,0
BRDA:99,8,0,0
BRF:13
BRH:6
end_of_record
TN:
SF:src/components/Dropdown/index.ts
FN:52,(anonymous_1)
FN:71,(anonymous_2)
FN:139,(anonymous_3)
FN:144,(anonymous_4)
FN:156,(anonymous_5)
FN:167,(anonymous_6)
FN:186,(anonymous_7)
FN:187,(anonymous_8)
FN:206,(anonymous_9)
FN:216,(anonymous_10)
FN:223,(anonymous_11)
FN:226,(anonymous_12)
FN:239,(anonymous_13)
FN:244,(anonymous_14)
FNF:14
FNH:12
FNDA:330,(anonymous_1)
FNDA:330,(anonymous_2)
FNDA:188,(anonymous_3)
FNDA:288,(anonymous_4)
FNDA:288,(anonymous_5)
FNDA:576,(anonymous_6)
FNDA:890,(anonymous_7)
FNDA:890,(anonymous_8)
FNDA:288,(anonymous_9)
FNDA:288,(anonymous_10)
FNDA:0,(anonymous_11)
FNDA:0,(anonymous_12)
FNDA:41,(anonymous_13)
FNDA:417,(anonymous_14)
DA:50,73
DA:52,330
DA:71,330
DA:78,330
DA:84,330
DA:90,330
DA:96,330
DA:102,330
DA:108,330
DA:114,330
DA:120,330
DA:126,330
DA:129,73
DA:132,330
DA:135,330
DA:137,256
DA:140,188
DA:141,188
DA:145,288
DA:146,288
DA:147,246
DA:148,30
DA:157,246
DA:164,288
DA:167,576
DA:169,246
DA:186,890
DA:187,890
DA:207,246
DA:208,37
DA:211,251
DA:213,251
DA:217,246
DA:224,0
DA:225,0
DA:226,0
DA:228,0
DA:240,41
DA:241,36
DA:245,338
DA:246,417
DA:248,417
DA:249,39
DA:252,417
DA:253,2
LF:45
LH:41
BRDA:145,0,0,288
BRDA:146,1,0,288
BRDA:146,1,1,38
BRDA:147,2,0,0
BRDA:165,3,0,107
BRDA:165,3,1,181
BRDA:166,4,0,24
BRDA:166,4,1,264
BRDA:171,5,0,288
BRDA:171,5,1,0
BRDA:176,6,0,288
BRDA:176,6,1,288
BRDA:179,7,0,24
BRDA:179,7,1,264
BRDA:192,8,0,890
BRDA:192,8,1,89
BRDA:207,9,0,0
BRDA:218,10,0,107
BRDA:218,10,1,181
BRDA:219,11,0,24
BRDA:219,11,1,264
BRDA:225,12,0,0
BRDA:225,12,1,0
BRDA:230,13,0,0
BRDA:230,13,1,0
BRDA:246,14,0,417
BRDA:246,14,1,0
BRDA:248,15,0,39
BRDA:248,16,0,417
BRDA:248,16,1,227
BRDA:252,17,0,2
BRDA:252,18,0,417
BRDA:252,18,1,190
BRDA:147,19,0,30
BRDA:207,20,0,37
BRDA:245,21,0,0
BRDA:245,21,1,338
BRDA:246,22,0,0
BRDA:246,22,1,338
BRF:39
BRH:29
end_of_record
TN:
SF:src/components/Input/index.ts
FN:29,(anonymous_1)
FN:48,(anonymous_2)
FN:116,(anonymous_3)
FN:121,(anonymous_4)
FN:130,(anonymous_5)
FN:141,(anonymous_6)
FN:168,(anonymous_7)
FN:185,(anonymous_8)
FN:190,(anonymous_9)
FNF:9
FNH:7
FNDA:112,(anonymous_1)
FNDA:112,(anonymous_2)
FNDA:56,(anonymous_3)
FNDA:56,(anonymous_4)
FNDA:56,(anonymous_5)
FNDA:112,(anonymous_6)
FNDA:0,(anonymous_7)
FNDA:0,(anonymous_8)
FNDA:112,(anonymous_9)
DA:27,73
DA:29,112
DA:48,112
DA:55,112
DA:61,112
DA:67,112
DA:73,112
DA:79,112
DA:85,112
DA:91,112
DA:97,112
DA:103,112
DA:106,73
DA:109,112
DA:112,112
DA:114,112
DA:117,56
DA:118,56
DA:122,56
DA:123,0
DA:131,56
DA:138,56
DA:141,112
DA:143,56
DA:169,0
DA:170,0
DA:173,0
DA:175,0
DA:186,0
DA:187,0
DA:191,112
DA:192,112
DA:194,112
DA:195,0
DA:198,112
DA:199,0
LF:36
LH:27
BRDA:122,0,0,0
BRDA:122,1,0,56
BRDA:122,1,1,56
BRDA:139,2,0,11
BRDA:139,2,1,45
BRDA:140,3,0,7
BRDA:140,3,1,49
BRDA:145,4,0,56
BRDA:145,4,1,0
BRDA:152,5,0,56
BRDA:152,5,1,56
BRDA:153,6,0,56
BRDA:153,6,1,0
BRDA:156,7,0,7
BRDA:156,7,1,49
BRDA:162,8,0,11
BRDA:162,8,1,45
BRDA:163,9,0,7
BRDA:163,9,1,49
BRDA:169,10,0,0
BRDA:192,11,0,112
BRDA:192,11,1,0
BRDA:194,12,0,0
BRDA:194,13,0,112
BRDA:194,13,1,56
BRDA:198,14,0,0
BRDA:198,15,0,112
BRDA:198,15,1,56
BRDA:169,16,0,0
BRDA:191,17,0,0
BRDA:191,17,1,0
BRDA:192,18,0,0
BRDA:192,18,1,0
BRF:33
BRH:21
end_of_record
TN:
SF:src/components/ThemeProvider/theme-provider.ts
FN:27,(anonymous_1)
FN:44,(anonymous_2)
FN:54,(anonymous_3)
FN:63,(anonymous_4)
FN:87,(anonymous_5)
FN:91,(anonymous_6)
FN:96,(anonymous_7)
FN:101,(anonymous_8)
FNF:8
FNH:8
FNDA:292,(anonymous_1)
FNDA:387,(anonymous_2)
FNDA:353,(anonymous_3)
FNDA:353,(anonymous_4)
FNDA:353,(anonymous_5)
FNDA:353,(anonymous_6)
FNDA:353,(anonymous_7)
FNDA:706,(anonymous_8)
DA:24,73
DA:25,73
DA:26,73
DA:27,292
DA:44,387
DA:52,387
DA:55,216
DA:56,353
DA:57,216
DA:58,0
DA:64,216
DA:65,353
DA:66,353
DA:67,353
DA:68,353
DA:69,353
DA:71,353
DA:72,216
DA:88,216
DA:92,216
DA:93,353
DA:97,353
DA:98,216
DA:102,706
DA:103,706
LF:25
LH:24
BRDA:55,0,0,216
BRDA:57,1,0,0
BRDA:64,2,0,216
BRDA:66,3,0,353
BRDA:66,3,1,0
BRDA:71,4,0,353
BRDA:102,5,0,706
BRDA:102,5,1,0
BRDA:103,6,0,706
BRDA:103,6,1,0
BRDA:55,7,0,137
BRDA:57,8,0,0
BRDA:64,9,0,137
BRF:13
BRH:8
end_of_record
TN:
SF:stories/NativeFrameworkRendering/angular-components/attribute-binding.component.ts
FN:29,(anonymous_1)
FN:41,(anonymous_2)
FNF:2
FNH:1
FNDA:2,(anonymous_1)
FNDA:0,(anonymous_2)
DA:29,6
DA:30,2
DA:31,2
DA:32,2
DA:33,2
DA:34,2
DA:42,0
DA:43,0
DA:44,0
LF:9
LH:6
BRDA:44,0,0,0
BRDA:44,0,1,0
BRF:2
BRH:0
end_of_record
TN:
SF:stories/NativeFrameworkRendering/angular-components/component-demo.component.ts
FN:44,(anonymous_1)
FN:61,(anonymous_2)
FN:67,(anonymous_3)
FNF:3
FNH:1
FNDA:4,(anonymous_1)
FNDA:0,(anonymous_2)
FNDA:0,(anonymous_3)
DA:44,6
DA:45,4
DA:46,4
DA:47,4
DA:48,4
DA:53,4
DA:62,0
DA:63,0
DA:64,0
DA:68,0
DA:69,0
DA:70,0
LF:12
LH:6
BRF:0
BRH:0
end_of_record
TN:
SF:stories/NativeFrameworkRendering/angular-components/default-dropdown.component.ts
FN:23,(anonymous_1)
FN:32,(anonymous_2)
FNF:2
FNH:1
FNDA:12,(anonymous_1)
FNDA:0,(anonymous_2)
DA:23,6
DA:24,12
DA:25,12
DA:33,0
DA:34,0
LF:5
LH:3
BRF:0
BRH:0
end_of_record
TN:
SF:stories/NativeFrameworkRendering/angular-components/disabled.component.ts
FN:21,(anonymous_1)
FNF:1
FNH:1
FNDA:6,(anonymous_1)
DA:21,6
DA:22,6
LF:2
LH:2
BRF:0
BRH:0
end_of_record
TN:
SF:stories/NativeFrameworkRendering/angular-components/with-icon.component.ts
FN:34,(anonymous_1)
FN:42,(anonymous_2)
FNF:2
FNH:1
FNDA:8,(anonymous_1)
FNDA:0,(anonymous_2)
DA:34,6
DA:35,8
DA:36,8
DA:43,0
DA:44,0
LF:5
LH:3
BRF:0
BRH:0
end_of_record
TN:
SF:stories/NativeFrameworkRendering/angular-components/with-value.component.ts
FN:25,(anonymous_1)
FN:35,(anonymous_2)
FNF:2
FNH:1
FNDA:10,(anonymous_1)
FNDA:0,(anonymous_2)
DA:25,6
DA:26,10
DA:27,10
DA:36,0
DA:37,0
LF:5
LH:3
BRF:0
BRH:0
end_of_record
